2019-04-12 19:22:35,218 [App:DEBUG] Starting TempMonitorGui
2019-04-19 09:48:51,302 [App:DEBUG] Starting TempMonitorGui
2019-04-19 09:48:54,638 [App:DEBUG] _apiFrameCb_apiLoaded
2019-04-19 09:49:05,051 [SerialConnector:INFO] creating object
2019-04-19 09:49:05,052 [Hdlc:INFO] Creating object
2019-04-19 09:49:05,053 [Hdlc:INFO] opened port /dev/ttyUSB3@115200baud
2019-04-19 09:49:05,054 [SerialConnector:INFO] hdlc notification: connection state=True
2019-04-19 09:49:05,054 [Hdlc:INFO] thread started
2019-04-19 09:49:05,054 [ByteArraySerializer:DEBUG] serialize ...
- commandArray:     ['hello']
- fieldsToFill:     {'cliSeqNo': 255, 'version': 4, 'mode': 0}
2019-04-19 09:49:05,055 [ByteArraySerializer:DEBUG] ... serialize into
- cmdId:            1
- byteArray:        04-ff-00
2019-04-19 09:49:05,055 [SerialConnector:DEBUG] _sendInternal cmdId=1 retry=0 isResponse=False serializedFields=[4, 255, 0]
2019-04-19 09:49:05,055 [SerialConnector:DEBUG] ---------- pcToMote DATA (0) ---------->
2019-04-19 09:49:05,055 [Crc:DEBUG] calculating for data=00-01-00-03-04-ff-00
2019-04-19 09:49:05,055 [Crc:DEBUG] fcs=0x3731
2019-04-19 09:49:05,056 [Hdlc:DEBUG] 
packetToSend:
 - payload: 00 01 00 03 04 ff 00
 - fcs:     37 31
 - valid:   True
2019-04-19 09:49:05,556 [SerialConnector:INFO] retry 0
2019-04-19 09:49:05,556 [SerialConnector:DEBUG] _sendInternal cmdId=1 retry=1 isResponse=False serializedFields=[4, 255, 0]
2019-04-19 09:49:05,557 [SerialConnector:DEBUG] ---------- pcToMote DATA (0) ---------->
2019-04-19 09:49:05,557 [Crc:DEBUG] calculating for data=00-01-00-03-04-ff-00
2019-04-19 09:49:05,557 [Crc:DEBUG] fcs=0x3731
2019-04-19 09:49:05,557 [Hdlc:DEBUG] 
packetToSend:
 - payload: 00 01 00 03 04 ff 00
 - fcs:     37 31
 - valid:   True
2019-04-19 09:49:06,058 [SerialConnector:INFO] retry 1
2019-04-19 09:49:06,058 [SerialConnector:DEBUG] _sendInternal cmdId=1 retry=2 isResponse=False serializedFields=[4, 255, 0]
2019-04-19 09:49:06,058 [SerialConnector:DEBUG] ---------- pcToMote DATA (0) ---------->
2019-04-19 09:49:06,059 [Crc:DEBUG] calculating for data=00-01-00-03-04-ff-00
2019-04-19 09:49:06,059 [Crc:DEBUG] fcs=0x3731
2019-04-19 09:49:06,059 [Hdlc:DEBUG] 
packetToSend:
 - payload: 00 01 00 03 04 ff 00
 - fcs:     37 31
 - valid:   True
2019-04-19 09:49:06,063 [SerialConnector:INFO] hdlc notification: connection state=False
2019-04-19 09:49:06,064 [Hdlc:INFO] disconnect
2019-04-19 09:49:06,064 [Hdlc:INFO] thread ended
2019-04-19 09:49:06,560 [SerialConnector:INFO] retry 2
2019-04-19 09:49:06,560 [SerialConnector:DEBUG] _sendInternal cmdId=1 retry=3 isResponse=False serializedFields=[4, 255, 0]
2019-04-19 09:49:06,560 [SerialConnector:DEBUG] ---------- pcToMote DATA (0) ---------->
2019-04-19 09:49:06,560 [SerialConnector:ERROR] no HDLC module, did I just disconnect?
2019-04-19 09:49:13,825 [SerialConnector:INFO] creating object
2019-04-19 09:49:13,825 [Hdlc:INFO] Creating object
2019-04-19 09:49:13,826 [Hdlc:INFO] opened port /dev/ttyUSB3@115200baud
2019-04-19 09:49:13,826 [SerialConnector:INFO] hdlc notification: connection state=True
2019-04-19 09:49:13,827 [ByteArraySerializer:DEBUG] serialize ...
- commandArray:     ['hello']
- fieldsToFill:     {'cliSeqNo': 255, 'version': 4, 'mode': 0}
2019-04-19 09:49:13,827 [ByteArraySerializer:DEBUG] ... serialize into
- cmdId:            1
- byteArray:        04-ff-00
2019-04-19 09:49:13,828 [Hdlc:INFO] thread started
2019-04-19 09:49:13,828 [SerialConnector:DEBUG] _sendInternal cmdId=1 retry=0 isResponse=False serializedFields=[4, 255, 0]
2019-04-19 09:49:13,828 [SerialConnector:DEBUG] ---------- pcToMote DATA (0) ---------->
2019-04-19 09:49:13,828 [Crc:DEBUG] calculating for data=00-01-00-03-04-ff-00
2019-04-19 09:49:13,828 [Crc:DEBUG] fcs=0x3731
2019-04-19 09:49:13,828 [Hdlc:DEBUG] 
packetToSend:
 - payload: 00 01 00 03 04 ff 00
 - fcs:     37 31
 - valid:   True
2019-04-19 09:49:13,832 [Crc:DEBUG] calculating for data=00-02-00-05-00-04-00-ff-00
2019-04-19 09:49:13,832 [Crc:DEBUG] fcs=0x2323
2019-04-19 09:49:13,833 [Hdlc:DEBUG] 
receivedFrame:
 - payload: 00 02 00 05 00 04 00 ff 00
 - fcs:     23 23
 - valid:   True
2019-04-19 09:49:13,833 [SerialConnector:DEBUG] cmdId=2 length=5 isResponse=False packetId=0 payload=[0, 4, 0, 255, 0]
2019-04-19 09:49:13,833 [SerialConnector:DEBUG] <--------- moteToPc DATA (0) ----------
2019-04-19 09:49:13,833 [SerialConnector:DEBUG] no ack needed
2019-04-19 09:49:13,833 [ByteArraySerializer:DEBUG] deserialize ...
- type:             command
- id:               2
- byteArray:        00-04-00-ff-00
2019-04-19 09:49:13,833 [ByteArraySerializer:DEBUG] ... deserialized into
- nameArray:        ['hello_response']
- returnFields:     {'cliSeqNo': 255, 'version': 4, 'successCode': 0, 'mgrSeqNo': 0, 'mode': 0}
2019-04-19 09:49:13,837 [App:DEBUG] _connectionFrameCb_connected
2019-04-19 09:49:13,837 [App:DEBUG] Initialize notifClient
2019-04-19 09:49:13,838 [ByteArraySerializer:DEBUG] serialize ...
- commandArray:     ['subscribe']
- fieldsToFill:     {'filter': [0, 16], 'unackFilter': [0, 16]}
2019-04-19 09:49:13,838 [ByteArraySerializer:DEBUG] ... serialize into
- cmdId:            22
- byteArray:        00-00-00-10-00-00-00-10
2019-04-19 09:49:13,838 [SerialConnector:DEBUG] _sendInternal cmdId=22 retry=0 isResponse=False serializedFields=[0, 0, 0, 16, 0, 0, 0, 16]
2019-04-19 09:49:13,838 [SerialConnector:DEBUG] ---------- pcToMote DATA (0) ---------->
2019-04-19 09:49:13,838 [Crc:DEBUG] calculating for data=02-16-00-08-00-00-00-10-00-00-00-10
2019-04-19 09:49:13,839 [Crc:DEBUG] fcs=0x5c3d
2019-04-19 09:49:13,839 [Hdlc:DEBUG] 
packetToSend:
 - payload: 02 16 00 08 00 00 00 10 00 00 00 10
 - fcs:     5c 3d
 - valid:   True
2019-04-19 09:49:13,843 [Crc:DEBUG] calculating for data=03-16-00-01-00
2019-04-19 09:49:13,843 [Crc:DEBUG] fcs=0x5843
2019-04-19 09:49:13,844 [Hdlc:DEBUG] 
receivedFrame:
 - payload: 03 16 00 01 00
 - fcs:     58 43
 - valid:   True
2019-04-19 09:49:13,844 [SerialConnector:DEBUG] cmdId=22 length=1 isResponse=True packetId=0 payload=[0]
2019-04-19 09:49:13,844 [SerialConnector:DEBUG] <--------- pcToMote ACK (0) after 0.006 --------
2019-04-19 09:49:13,844 [SerialConnector:DEBUG] no ack needed
2019-04-19 09:49:13,844 [ByteArraySerializer:DEBUG] deserialize ...
- type:             command
- id:               22
- byteArray:        00
2019-04-19 09:49:13,844 [ByteArraySerializer:DEBUG] ... deserialized into
- nameArray:        ['subscribe']
- returnFields:     {'RC': 0}
2019-04-19 09:49:13,847 [ByteArraySerializer:DEBUG] serialize ...
- commandArray:     ['subscribe']
- fieldsToFill:     {'filter': [0, 18], 'unackFilter': [0, 16]}
2019-04-19 09:49:13,847 [ByteArraySerializer:DEBUG] ... serialize into
- cmdId:            22
- byteArray:        00-00-00-12-00-00-00-10
2019-04-19 09:49:13,847 [SerialConnector:DEBUG] _sendInternal cmdId=22 retry=0 isResponse=False serializedFields=[0, 0, 0, 18, 0, 0, 0, 16]
2019-04-19 09:49:13,847 [SerialConnector:DEBUG] ---------- pcToMote DATA (1) ---------->
2019-04-19 09:49:13,848 [Crc:DEBUG] calculating for data=02-16-01-08-00-00-00-12-00-00-00-10
2019-04-19 09:49:13,848 [Crc:DEBUG] fcs=0xf3 7
2019-04-19 09:49:13,848 [Hdlc:DEBUG] 
packetToSend:
 - payload: 02 16 01 08 00 00 00 12 00 00 00 10
 - fcs:     f3 07
 - valid:   True
2019-04-19 09:49:13,851 [Crc:DEBUG] calculating for data=03-16-01-01-00
2019-04-19 09:49:13,852 [Crc:DEBUG] fcs=0x8419
2019-04-19 09:49:13,852 [Hdlc:DEBUG] 
receivedFrame:
 - payload: 03 16 01 01 00
 - fcs:     84 19
 - valid:   True
2019-04-19 09:49:13,852 [SerialConnector:DEBUG] cmdId=22 length=1 isResponse=True packetId=1 payload=[0]
2019-04-19 09:49:13,852 [SerialConnector:DEBUG] <--------- pcToMote ACK (1) after 0.004 --------
2019-04-19 09:49:13,852 [SerialConnector:DEBUG] no ack needed
2019-04-19 09:49:13,852 [ByteArraySerializer:DEBUG] deserialize ...
- type:             command
- id:               22
- byteArray:        00
2019-04-19 09:49:13,852 [ByteArraySerializer:DEBUG] ... deserialized into
- nameArray:        ['subscribe']
- returnFields:     {'RC': 0}
2019-04-19 09:49:13,855 [ByteArraySerializer:DEBUG] serialize ...
- commandArray:     ['getMoteConfig']
- fieldsToFill:     {'macAddress': (0, 0, 0, 0, 0, 0, 0, 0), 'next': True}
2019-04-19 09:49:13,856 [ByteArraySerializer:DEBUG] ... serialize into
- cmdId:            47
- byteArray:        00-00-00-00-00-00-00-00-01
2019-04-19 09:49:13,856 [SerialConnector:DEBUG] _sendInternal cmdId=47 retry=0 isResponse=False serializedFields=[0, 0, 0, 0, 0, 0, 0, 0, True]
2019-04-19 09:49:13,856 [SerialConnector:DEBUG] ---------- pcToMote DATA (2) ---------->
2019-04-19 09:49:13,856 [Crc:DEBUG] calculating for data=02-2f-02-09-00-00-00-00-00-00-00-00-01
2019-04-19 09:49:13,856 [Crc:DEBUG] fcs=0xd098
2019-04-19 09:49:13,857 [Hdlc:DEBUG] 
packetToSend:
 - payload: 02 2f 02 09 00 00 00 00 00 00 00 00 01
 - fcs:     d0 98
 - valid:   True
2019-04-19 09:49:13,862 [Crc:DEBUG] calculating for data=03-2f-02-0f-00-00-17-0d-00-00-38-06-d5-00-01-01-04-01-01
2019-04-19 09:49:13,862 [Crc:DEBUG] fcs=0x823c
2019-04-19 09:49:13,862 [Hdlc:DEBUG] 
receivedFrame:
 - payload: 03 2f 02 0f 00 00 17 0d 00 00 38 06 d5 00 01 01 04 01 01
 - fcs:     82 3c
 - valid:   True
2019-04-19 09:49:13,862 [SerialConnector:DEBUG] cmdId=47 length=15 isResponse=True packetId=2 payload=[0, 0, 23, 13, 0, 0, 56, 6, 213, 0, 1, 1, 4, 1, 1]
2019-04-19 09:49:13,863 [SerialConnector:DEBUG] <--------- pcToMote ACK (2) after 0.006 --------
2019-04-19 09:49:13,863 [SerialConnector:DEBUG] no ack needed
2019-04-19 09:49:13,863 [ByteArraySerializer:DEBUG] deserialize ...
- type:             command
- id:               47
- byteArray:        00-00-17-0d-00-00-38-06-d5-00-01-01-04-01-01
2019-04-19 09:49:13,863 [ByteArraySerializer:DEBUG] ... deserialized into
- nameArray:        ['getMoteConfig']
- returnFields:     {'macAddress': [0, 23, 13, 0, 0, 56, 6, 213], 'reserved': 1, 'state': 4, 'isRouting': True, 'RC': 0, 'moteId': 1, 'isAP': True}
2019-04-19 09:49:13,864 [ByteArraySerializer:DEBUG] serialize ...
- commandArray:     ['getMoteConfig']
- fieldsToFill:     {'macAddress': [0, 23, 13, 0, 0, 56, 6, 213], 'next': True}
2019-04-19 09:49:13,864 [ByteArraySerializer:DEBUG] ... serialize into
- cmdId:            47
- byteArray:        00-17-0d-00-00-38-06-d5-01
2019-04-19 09:49:13,864 [SerialConnector:DEBUG] _sendInternal cmdId=47 retry=0 isResponse=False serializedFields=[0, 23, 13, 0, 0, 56, 6, 213, True]
2019-04-19 09:49:13,864 [SerialConnector:DEBUG] ---------- pcToMote DATA (3) ---------->
2019-04-19 09:49:13,864 [Crc:DEBUG] calculating for data=02-2f-03-09-00-17-0d-00-00-38-06-d5-01
2019-04-19 09:49:13,865 [Crc:DEBUG] fcs=0x 87a
2019-04-19 09:49:13,865 [Hdlc:DEBUG] 
packetToSend:
 - payload: 02 2f 03 09 00 17 0d 00 00 38 06 d5 01
 - fcs:     08 7a
 - valid:   True
2019-04-19 09:49:13,870 [Crc:DEBUG] calculating for data=03-2f-03-0f-00-00-17-0d-00-00-31-cc-40-00-02-00-04-00-01
2019-04-19 09:49:13,870 [Crc:DEBUG] fcs=0xa24d
2019-04-19 09:49:13,871 [Hdlc:DEBUG] 
receivedFrame:
 - payload: 03 2f 03 0f 00 00 17 0d 00 00 31 cc 40 00 02 00 04 00 01
 - fcs:     a2 4d
 - valid:   True
2019-04-19 09:49:13,871 [SerialConnector:DEBUG] cmdId=47 length=15 isResponse=True packetId=3 payload=[0, 0, 23, 13, 0, 0, 49, 204, 64, 0, 2, 0, 4, 0, 1]
2019-04-19 09:49:13,871 [SerialConnector:DEBUG] <--------- pcToMote ACK (3) after 0.006 --------
2019-04-19 09:49:13,871 [SerialConnector:DEBUG] no ack needed
2019-04-19 09:49:13,871 [ByteArraySerializer:DEBUG] deserialize ...
- type:             command
- id:               47
- byteArray:        00-00-17-0d-00-00-31-cc-40-00-02-00-04-00-01
2019-04-19 09:49:13,871 [ByteArraySerializer:DEBUG] ... deserialized into
- nameArray:        ['getMoteConfig']
- returnFields:     {'macAddress': [0, 23, 13, 0, 0, 49, 204, 64], 'reserved': 0, 'state': 4, 'isRouting': True, 'RC': 0, 'moteId': 2, 'isAP': False}
2019-04-19 09:49:13,872 [ByteArraySerializer:DEBUG] serialize ...
- commandArray:     ['getMoteConfig']
- fieldsToFill:     {'macAddress': [0, 23, 13, 0, 0, 49, 204, 64], 'next': True}
2019-04-19 09:49:13,872 [ByteArraySerializer:DEBUG] ... serialize into
- cmdId:            47
- byteArray:        00-17-0d-00-00-31-cc-40-01
2019-04-19 09:49:13,873 [SerialConnector:DEBUG] _sendInternal cmdId=47 retry=0 isResponse=False serializedFields=[0, 23, 13, 0, 0, 49, 204, 64, True]
2019-04-19 09:49:13,873 [SerialConnector:DEBUG] ---------- pcToMote DATA (4) ---------->
2019-04-19 09:49:13,873 [Crc:DEBUG] calculating for data=02-2f-04-09-00-17-0d-00-00-31-cc-40-01
2019-04-19 09:49:13,873 [Crc:DEBUG] fcs=0x883d
2019-04-19 09:49:13,873 [Hdlc:DEBUG] 
packetToSend:
 - payload: 02 2f 04 09 00 17 0d 00 00 31 cc 40 01
 - fcs:     88 3d
 - valid:   True
2019-04-19 09:49:13,879 [Crc:DEBUG] calculating for data=03-2f-04-0f-00-00-17-0d-00-00-31-c1-a1-00-03-00-04-00-01
2019-04-19 09:49:13,879 [Crc:DEBUG] fcs=0x5b31
2019-04-19 09:49:13,879 [Hdlc:DEBUG] 
receivedFrame:
 - payload: 03 2f 04 0f 00 00 17 0d 00 00 31 c1 a1 00 03 00 04 00 01
 - fcs:     5b 31
 - valid:   True
2019-04-19 09:49:13,879 [SerialConnector:DEBUG] cmdId=47 length=15 isResponse=True packetId=4 payload=[0, 0, 23, 13, 0, 0, 49, 193, 161, 0, 3, 0, 4, 0, 1]
2019-04-19 09:49:13,880 [SerialConnector:DEBUG] <--------- pcToMote ACK (4) after 0.007 --------
2019-04-19 09:49:13,880 [SerialConnector:DEBUG] no ack needed
2019-04-19 09:49:13,880 [ByteArraySerializer:DEBUG] deserialize ...
- type:             command
- id:               47
- byteArray:        00-00-17-0d-00-00-31-c1-a1-00-03-00-04-00-01
2019-04-19 09:49:13,880 [ByteArraySerializer:DEBUG] ... deserialized into
- nameArray:        ['getMoteConfig']
- returnFields:     {'macAddress': [0, 23, 13, 0, 0, 49, 193, 161], 'reserved': 0, 'state': 4, 'isRouting': True, 'RC': 0, 'moteId': 3, 'isAP': False}
2019-04-19 09:49:13,881 [ByteArraySerializer:DEBUG] serialize ...
- commandArray:     ['getMoteConfig']
- fieldsToFill:     {'macAddress': [0, 23, 13, 0, 0, 49, 193, 161], 'next': True}
2019-04-19 09:49:13,881 [ByteArraySerializer:DEBUG] ... serialize into
- cmdId:            47
- byteArray:        00-17-0d-00-00-31-c1-a1-01
2019-04-19 09:49:13,881 [SerialConnector:DEBUG] _sendInternal cmdId=47 retry=0 isResponse=False serializedFields=[0, 23, 13, 0, 0, 49, 193, 161, True]
2019-04-19 09:49:13,881 [SerialConnector:DEBUG] ---------- pcToMote DATA (5) ---------->
2019-04-19 09:49:13,881 [Crc:DEBUG] calculating for data=02-2f-05-09-00-17-0d-00-00-31-c1-a1-01
2019-04-19 09:49:13,881 [Crc:DEBUG] fcs=0x2767
2019-04-19 09:49:13,881 [Hdlc:DEBUG] 
packetToSend:
 - payload: 02 2f 05 09 00 17 0d 00 00 31 c1 a1 01
 - fcs:     27 67
 - valid:   True
2019-04-19 09:49:13,886 [Crc:DEBUG] calculating for data=03-2f-05-01-0b
2019-04-19 09:49:13,886 [Crc:DEBUG] fcs=0xa771
2019-04-19 09:49:13,886 [Hdlc:DEBUG] 
receivedFrame:
 - payload: 03 2f 05 01 0b
 - fcs:     a7 71
 - valid:   True
2019-04-19 09:49:13,886 [SerialConnector:DEBUG] cmdId=47 length=1 isResponse=True packetId=5 payload=[11]
2019-04-19 09:49:13,886 [SerialConnector:DEBUG] <--------- pcToMote ACK (5) after 0.005 --------
2019-04-19 09:49:13,886 [SerialConnector:DEBUG] no ack needed
2019-04-19 09:49:13,886 [ByteArraySerializer:DEBUG] deserialize ...
- type:             command
- id:               47
- byteArray:        0b
2019-04-19 09:49:13,887 [ByteArraySerializer:DEBUG] ... deserialized into
- nameArray:        ['getMoteConfig']
- returnFields:     {'RC': 11}
2019-04-19 09:49:14,839 [ByteArraySerializer:DEBUG] serialize ...
- commandArray:     ['getTime']
- fieldsToFill:     {}
2019-04-19 09:49:14,839 [ByteArraySerializer:DEBUG] ... serialize into
- cmdId:            23
- byteArray:        
2019-04-19 09:49:14,839 [SerialConnector:DEBUG] _sendInternal cmdId=23 retry=0 isResponse=False serializedFields=[]
2019-04-19 09:49:14,839 [SerialConnector:DEBUG] ---------- pcToMote DATA (6) ---------->
2019-04-19 09:49:14,840 [Crc:DEBUG] calculating for data=02-17-06-00
2019-04-19 09:49:14,840 [Crc:DEBUG] fcs=0xe898
2019-04-19 09:49:14,840 [Hdlc:DEBUG] 
packetToSend:
 - payload: 02 17 06 00
 - fcs:     e8 98
 - valid:   True
2019-04-19 09:49:14,846 [Crc:DEBUG] calculating for data=03-17-06-18-00-00-00-05-a0-00-00-00-00-3d-22-6e-4f-00-0a-12-1a-00-00-03-07-ad-16-70
2019-04-19 09:49:14,846 [Crc:DEBUG] fcs=0x81b7
2019-04-19 09:49:14,847 [Hdlc:DEBUG] 
receivedFrame:
 - payload: 03 17 06 18 00 00 00 05 a0 00 00 00 00 3d 22 6e 4f 00 0a 12 1a 00 00 03 07 ad 16 70
 - fcs:     81 b7
 - valid:   True
2019-04-19 09:49:14,847 [SerialConnector:DEBUG] cmdId=23 length=24 isResponse=True packetId=6 payload=[0, 0, 0, 5, 160, 0, 0, 0, 0, 61, 34, 110, 79, 0, 10, 18, 26, 0, 0, 3, 7, 173, 22, 112]
2019-04-19 09:49:14,847 [SerialConnector:DEBUG] <--------- pcToMote ACK (6) after 0.008 --------
2019-04-19 09:49:14,847 [SerialConnector:DEBUG] no ack needed
2019-04-19 09:49:14,848 [ByteArraySerializer:DEBUG] deserialize ...
- type:             command
- id:               23
- byteArray:        00-00-00-05-a0-00-00-00-00-3d-22-6e-4f-00-0a-12-1a-00-00-03-07-ad-16-70
2019-04-19 09:49:14,848 [ByteArraySerializer:DEBUG] ... deserialized into
- nameArray:        ['getTime']
- returnFields:     {'uptime': 1440, 'utcUsecs': 659994, 'utcSecs': 1025666639, 'asnOffset': 5744, 'RC': 0, 'asn': [0, 0, 3, 7, 173]}
2019-04-19 09:49:14,856 [LatencyCalculator:INFO] Acquired time: lockNetworkTime=1025666639.66 lockPcTime=1555660154.84
2019-04-19 09:49:16,099 [Crc:DEBUG] calculating for data=00-14-00-34-04-00-00-00-00-3d-22-6e-50-00-0d-32-e8-00-17-0d-00-00-31-cc-40-f0-b9-f0-b9-00-00-05-00-ff-01-05-00-00-00-00-3d-22-6e-50-00-0d-43-e7-00-00-75-30-01-10-09-73
2019-04-19 09:49:16,100 [Crc:DEBUG] fcs=0xfff9
2019-04-19 09:49:16,100 [Hdlc:DEBUG] 
receivedFrame:
 - payload: 00 14 00 34 04 00 00 00 00 3d 22 6e 50 00 0d 32 e8 00 17 0d 00 00 31 cc 40 f0 b9 f0 b9 00 00 05 00 ff 01 05 00 00 00 00 3d 22 6e 50 00 0d 43 e7 00 00 75 30 01 10 09 73
 - fcs:     ff f9
 - valid:   True
2019-04-19 09:49:16,100 [SerialConnector:DEBUG] cmdId=20 length=52 isResponse=False packetId=0 payload=[4, 0, 0, 0, 0, 61, 34, 110, 80, 0, 13, 50, 232, 0, 23, 13, 0, 0, 49, 204, 64, 240, 185, 240, 185, 0, 0, 5, 0, 255, 1, 5, 0, 0, 0, 0, 61, 34, 110, 80, 0, 13, 67, 231, 0, 0, 117, 48, 1, 16, 9, 115]
2019-04-19 09:49:16,101 [SerialConnector:DEBUG] <--------- moteToPc DATA (0) ----------
2019-04-19 09:49:16,101 [SerialConnector:DEBUG] no ack needed
2019-04-19 09:49:16,101 [ByteArraySerializer:DEBUG] deserialize ...
- type:             notification
- id:               20
- byteArray:        04-00-00-00-00-3d-22-6e-50-00-0d-32-e8-00-17-0d-00-00-31-cc-40-f0-b9-f0-b9-00-00-05-00-ff-01-05-00-00-00-00-3d-22-6e-50-00-0d-43-e7-00-00-75-30-01-10-09-73
2019-04-19 09:49:16,102 [ByteArraySerializer:DEBUG] ... deserialized into
- nameArray:        ['notification', 'notifData']
- returnFields:     {'macAddress': [0, 23, 13, 0, 0, 49, 204, 64], 'srcPort': 61625, 'utcUsecs': 865000, 'utcSecs': 1025666640, 'dstPort': 61625, 'data': [0, 0, 5, 0, 255, 1, 5, 0, 0, 0, 0, 61, 34, 110, 80, 0, 13, 67, 231, 0, 0, 117, 48, 1, 16, 9, 115]}
2019-04-19 09:49:16,102 [App:DEBUG] notifClient._dataCallback notifData:
Tuple_notifData:
             utcSecs: 1025666640
            utcUsecs: 865000
          macAddress: 00-17-0d-00-00-31-cc-40
             srcPort: 61625
             dstPort: 61625
                data: 00-00-05-00-ff-01-05-00-00-00-00-3d-22-6e-50-00-0d-43-e7-00-00-75-30-01-10-09-73
2019-04-19 09:49:17,412 [Crc:DEBUG] calculating for data=00-14-00-34-04-00-00-00-00-3d-22-6e-52-00-02-7b-be-00-17-0d-00-00-31-c1-a1-f0-b9-f0-b9-00-00-05-00-ff-01-05-00-00-00-00-3d-22-6e-52-00-02-82-0e-00-00-75-30-01-10-09-87
2019-04-19 09:49:17,412 [Crc:DEBUG] fcs=0x725b
2019-04-19 09:49:17,412 [Hdlc:DEBUG] 
receivedFrame:
 - payload: 00 14 00 34 04 00 00 00 00 3d 22 6e 52 00 02 7b be 00 17 0d 00 00 31 c1 a1 f0 b9 f0 b9 00 00 05 00 ff 01 05 00 00 00 00 3d 22 6e 52 00 02 82 0e 00 00 75 30 01 10 09 87
 - fcs:     72 5b
 - valid:   True
2019-04-19 09:49:17,413 [SerialConnector:DEBUG] cmdId=20 length=52 isResponse=False packetId=0 payload=[4, 0, 0, 0, 0, 61, 34, 110, 82, 0, 2, 123, 190, 0, 23, 13, 0, 0, 49, 193, 161, 240, 185, 240, 185, 0, 0, 5, 0, 255, 1, 5, 0, 0, 0, 0, 61, 34, 110, 82, 0, 2, 130, 14, 0, 0, 117, 48, 1, 16, 9, 135]
2019-04-19 09:49:17,413 [SerialConnector:DEBUG] <--------- moteToPc DATA (0) ----------
2019-04-19 09:49:17,413 [SerialConnector:DEBUG] no ack needed
2019-04-19 09:49:17,413 [ByteArraySerializer:DEBUG] deserialize ...
- type:             notification
- id:               20
- byteArray:        04-00-00-00-00-3d-22-6e-52-00-02-7b-be-00-17-0d-00-00-31-c1-a1-f0-b9-f0-b9-00-00-05-00-ff-01-05-00-00-00-00-3d-22-6e-52-00-02-82-0e-00-00-75-30-01-10-09-87
2019-04-19 09:49:17,414 [ByteArraySerializer:DEBUG] ... deserialized into
- nameArray:        ['notification', 'notifData']
- returnFields:     {'macAddress': [0, 23, 13, 0, 0, 49, 193, 161], 'srcPort': 61625, 'utcUsecs': 162750, 'utcSecs': 1025666642, 'dstPort': 61625, 'data': [0, 0, 5, 0, 255, 1, 5, 0, 0, 0, 0, 61, 34, 110, 82, 0, 2, 130, 14, 0, 0, 117, 48, 1, 16, 9, 135]}
2019-04-19 09:49:17,414 [App:DEBUG] notifClient._dataCallback notifData:
Tuple_notifData:
             utcSecs: 1025666642
            utcUsecs: 162750
          macAddress: 00-17-0d-00-00-31-c1-a1
             srcPort: 61625
             dstPort: 61625
                data: 00-00-05-00-ff-01-05-00-00-00-00-3d-22-6e-52-00-02-82-0e-00-00-75-30-01-10-09-87
2019-04-19 09:49:24,868 [ByteArraySerializer:DEBUG] serialize ...
- commandArray:     ['getTime']
- fieldsToFill:     {}
2019-04-19 09:49:24,868 [ByteArraySerializer:DEBUG] ... serialize into
- cmdId:            23
- byteArray:        
2019-04-19 09:49:24,868 [SerialConnector:DEBUG] _sendInternal cmdId=23 retry=0 isResponse=False serializedFields=[]
2019-04-19 09:49:24,869 [SerialConnector:DEBUG] ---------- pcToMote DATA (7) ---------->
2019-04-19 09:49:24,869 [Crc:DEBUG] calculating for data=02-17-07-00
2019-04-19 09:49:24,869 [Crc:DEBUG] fcs=0x3081
2019-04-19 09:49:24,869 [Hdlc:DEBUG] 
packetToSend:
 - payload: 02 17 07 00
 - fcs:     30 81
 - valid:   True
2019-04-19 09:49:24,876 [Crc:DEBUG] calculating for data=03-17-07-18-00-00-00-05-aa-00-00-00-00-3d-22-6e-59-00-0a-85-58-00-00-03-0d-15-04-de
2019-04-19 09:49:24,876 [Crc:DEBUG] fcs=0xebd2
2019-04-19 09:49:24,876 [Hdlc:DEBUG] 
receivedFrame:
 - payload: 03 17 07 18 00 00 00 05 aa 00 00 00 00 3d 22 6e 59 00 0a 85 58 00 00 03 0d 15 04 de
 - fcs:     eb d2
 - valid:   True
2019-04-19 09:49:24,876 [SerialConnector:DEBUG] cmdId=23 length=24 isResponse=True packetId=7 payload=[0, 0, 0, 5, 170, 0, 0, 0, 0, 61, 34, 110, 89, 0, 10, 133, 88, 0, 0, 3, 13, 21, 4, 222]
2019-04-19 09:49:24,877 [SerialConnector:DEBUG] <--------- pcToMote ACK (7) after 0.008 --------
2019-04-19 09:49:24,877 [SerialConnector:DEBUG] no ack needed
2019-04-19 09:49:24,877 [ByteArraySerializer:DEBUG] deserialize ...
- type:             command
- id:               23
- byteArray:        00-00-00-05-aa-00-00-00-00-3d-22-6e-59-00-0a-85-58-00-00-03-0d-15-04-de
2019-04-19 09:49:24,877 [ByteArraySerializer:DEBUG] ... deserialized into
- nameArray:        ['getTime']
- returnFields:     {'uptime': 1450, 'utcUsecs': 689496, 'utcSecs': 1025666649, 'asnOffset': 1246, 'RC': 0, 'asn': [0, 0, 3, 13, 21]}
2019-04-19 09:49:24,886 [LatencyCalculator:INFO] Acquired time: lockNetworkTime=1025666649.69 lockPcTime=1555660164.87
2019-04-19 09:49:33,353 [LatencyCalculator:WARNING] disconnect function called
2019-04-19 09:49:33,353 [Hdlc:INFO] disconnect
2019-04-19 09:49:33,354 [LatencyCalculator:WARNING] disconnect function called
2019-04-19 12:31:55,925 [App:DEBUG] Starting TempMonitorGui
2019-04-19 12:31:59,329 [App:DEBUG] _apiFrameCb_apiLoaded
2019-04-19 12:32:08,951 [SerialConnector:INFO] creating object
2019-04-19 12:32:08,951 [Hdlc:INFO] Creating object
2019-04-19 12:32:08,952 [Hdlc:INFO] opened port /dev/ttyUSB3@115200baud
2019-04-19 12:32:08,953 [SerialConnector:INFO] hdlc notification: connection state=True
2019-04-19 12:32:08,953 [Hdlc:INFO] thread started
2019-04-19 12:32:08,954 [ByteArraySerializer:DEBUG] serialize ...
- commandArray:     ['hello']
- fieldsToFill:     {'cliSeqNo': 255, 'version': 4, 'mode': 0}
2019-04-19 12:32:08,955 [ByteArraySerializer:DEBUG] ... serialize into
- cmdId:            1
- byteArray:        04-ff-00
2019-04-19 12:32:08,955 [SerialConnector:DEBUG] _sendInternal cmdId=1 retry=0 isResponse=False serializedFields=[4, 255, 0]
2019-04-19 12:32:08,955 [SerialConnector:DEBUG] ---------- pcToMote DATA (0) ---------->
2019-04-19 12:32:08,955 [Crc:DEBUG] calculating for data=00-01-00-03-04-ff-00
2019-04-19 12:32:08,955 [Crc:DEBUG] fcs=0x3731
2019-04-19 12:32:08,956 [Hdlc:DEBUG] 
packetToSend:
 - payload: 00 01 00 03 04 ff 00
 - fcs:     37 31
 - valid:   True
2019-04-19 12:32:08,960 [Crc:DEBUG] calculating for data=00-02-00-05-00-04-00-ff-00
2019-04-19 12:32:08,960 [Crc:DEBUG] fcs=0x2323
2019-04-19 12:32:08,960 [Hdlc:DEBUG] 
receivedFrame:
 - payload: 00 02 00 05 00 04 00 ff 00
 - fcs:     23 23
 - valid:   True
2019-04-19 12:32:08,960 [SerialConnector:DEBUG] cmdId=2 length=5 isResponse=False packetId=0 payload=[0, 4, 0, 255, 0]
2019-04-19 12:32:08,960 [SerialConnector:DEBUG] <--------- moteToPc DATA (0) ----------
2019-04-19 12:32:08,960 [SerialConnector:DEBUG] no ack needed
2019-04-19 12:32:08,960 [ByteArraySerializer:DEBUG] deserialize ...
- type:             command
- id:               2
- byteArray:        00-04-00-ff-00
2019-04-19 12:32:08,960 [ByteArraySerializer:DEBUG] ... deserialized into
- nameArray:        ['hello_response']
- returnFields:     {'cliSeqNo': 255, 'version': 4, 'successCode': 0, 'mgrSeqNo': 0, 'mode': 0}
2019-04-19 12:32:08,964 [App:DEBUG] _connectionFrameCb_connected
2019-04-19 12:32:08,964 [App:DEBUG] Initialize notifClient
2019-04-19 12:32:08,964 [ByteArraySerializer:DEBUG] serialize ...
- commandArray:     ['subscribe']
- fieldsToFill:     {'filter': [0, 16], 'unackFilter': [0, 16]}
2019-04-19 12:32:08,965 [ByteArraySerializer:DEBUG] ... serialize into
- cmdId:            22
- byteArray:        00-00-00-10-00-00-00-10
2019-04-19 12:32:08,965 [SerialConnector:DEBUG] _sendInternal cmdId=22 retry=0 isResponse=False serializedFields=[0, 0, 0, 16, 0, 0, 0, 16]
2019-04-19 12:32:08,965 [SerialConnector:DEBUG] ---------- pcToMote DATA (0) ---------->
2019-04-19 12:32:08,965 [Crc:DEBUG] calculating for data=02-16-00-08-00-00-00-10-00-00-00-10
2019-04-19 12:32:08,965 [Crc:DEBUG] fcs=0x5c3d
2019-04-19 12:32:08,965 [Hdlc:DEBUG] 
packetToSend:
 - payload: 02 16 00 08 00 00 00 10 00 00 00 10
 - fcs:     5c 3d
 - valid:   True
2019-04-19 12:32:08,969 [Crc:DEBUG] calculating for data=03-16-00-01-00
2019-04-19 12:32:08,969 [Crc:DEBUG] fcs=0x5843
2019-04-19 12:32:08,969 [Hdlc:DEBUG] 
receivedFrame:
 - payload: 03 16 00 01 00
 - fcs:     58 43
 - valid:   True
2019-04-19 12:32:08,969 [SerialConnector:DEBUG] cmdId=22 length=1 isResponse=True packetId=0 payload=[0]
2019-04-19 12:32:08,969 [SerialConnector:DEBUG] <--------- pcToMote ACK (0) after 0.005 --------
2019-04-19 12:32:08,969 [SerialConnector:DEBUG] no ack needed
2019-04-19 12:32:08,969 [ByteArraySerializer:DEBUG] deserialize ...
- type:             command
- id:               22
- byteArray:        00
2019-04-19 12:32:08,970 [ByteArraySerializer:DEBUG] ... deserialized into
- nameArray:        ['subscribe']
- returnFields:     {'RC': 0}
2019-04-19 12:32:08,973 [ByteArraySerializer:DEBUG] serialize ...
- commandArray:     ['subscribe']
- fieldsToFill:     {'filter': [0, 18], 'unackFilter': [0, 16]}
2019-04-19 12:32:08,973 [ByteArraySerializer:DEBUG] ... serialize into
- cmdId:            22
- byteArray:        00-00-00-12-00-00-00-10
2019-04-19 12:32:08,973 [SerialConnector:DEBUG] _sendInternal cmdId=22 retry=0 isResponse=False serializedFields=[0, 0, 0, 18, 0, 0, 0, 16]
2019-04-19 12:32:08,973 [SerialConnector:DEBUG] ---------- pcToMote DATA (1) ---------->
2019-04-19 12:32:08,973 [Crc:DEBUG] calculating for data=02-16-01-08-00-00-00-12-00-00-00-10
2019-04-19 12:32:08,973 [Crc:DEBUG] fcs=0xf3 7
2019-04-19 12:32:08,974 [Hdlc:DEBUG] 
packetToSend:
 - payload: 02 16 01 08 00 00 00 12 00 00 00 10
 - fcs:     f3 07
 - valid:   True
2019-04-19 12:32:08,978 [Crc:DEBUG] calculating for data=03-16-01-01-00
2019-04-19 12:32:08,978 [Crc:DEBUG] fcs=0x8419
2019-04-19 12:32:08,978 [Hdlc:DEBUG] 
receivedFrame:
 - payload: 03 16 01 01 00
 - fcs:     84 19
 - valid:   True
2019-04-19 12:32:08,978 [SerialConnector:DEBUG] cmdId=22 length=1 isResponse=True packetId=1 payload=[0]
2019-04-19 12:32:08,978 [SerialConnector:DEBUG] <--------- pcToMote ACK (1) after 0.005 --------
2019-04-19 12:32:08,978 [SerialConnector:DEBUG] no ack needed
2019-04-19 12:32:08,978 [ByteArraySerializer:DEBUG] deserialize ...
- type:             command
- id:               22
- byteArray:        00
2019-04-19 12:32:08,979 [ByteArraySerializer:DEBUG] ... deserialized into
- nameArray:        ['subscribe']
- returnFields:     {'RC': 0}
2019-04-19 12:32:08,981 [ByteArraySerializer:DEBUG] serialize ...
- commandArray:     ['getMoteConfig']
- fieldsToFill:     {'macAddress': (0, 0, 0, 0, 0, 0, 0, 0), 'next': True}
2019-04-19 12:32:08,982 [ByteArraySerializer:DEBUG] ... serialize into
- cmdId:            47
- byteArray:        00-00-00-00-00-00-00-00-01
2019-04-19 12:32:08,982 [SerialConnector:DEBUG] _sendInternal cmdId=47 retry=0 isResponse=False serializedFields=[0, 0, 0, 0, 0, 0, 0, 0, True]
2019-04-19 12:32:08,982 [SerialConnector:DEBUG] ---------- pcToMote DATA (2) ---------->
2019-04-19 12:32:08,982 [Crc:DEBUG] calculating for data=02-2f-02-09-00-00-00-00-00-00-00-00-01
2019-04-19 12:32:08,982 [Crc:DEBUG] fcs=0xd098
2019-04-19 12:32:08,982 [Hdlc:DEBUG] 
packetToSend:
 - payload: 02 2f 02 09 00 00 00 00 00 00 00 00 01
 - fcs:     d0 98
 - valid:   True
2019-04-19 12:32:08,988 [Crc:DEBUG] calculating for data=03-2f-02-0f-00-00-17-0d-00-00-38-06-d5-00-01-01-04-01-01
2019-04-19 12:32:08,988 [Crc:DEBUG] fcs=0x823c
2019-04-19 12:32:08,988 [Hdlc:DEBUG] 
receivedFrame:
 - payload: 03 2f 02 0f 00 00 17 0d 00 00 38 06 d5 00 01 01 04 01 01
 - fcs:     82 3c
 - valid:   True
2019-04-19 12:32:08,989 [SerialConnector:DEBUG] cmdId=47 length=15 isResponse=True packetId=2 payload=[0, 0, 23, 13, 0, 0, 56, 6, 213, 0, 1, 1, 4, 1, 1]
2019-04-19 12:32:08,989 [SerialConnector:DEBUG] <--------- pcToMote ACK (2) after 0.007 --------
2019-04-19 12:32:08,989 [SerialConnector:DEBUG] no ack needed
2019-04-19 12:32:08,989 [ByteArraySerializer:DEBUG] deserialize ...
- type:             command
- id:               47
- byteArray:        00-00-17-0d-00-00-38-06-d5-00-01-01-04-01-01
2019-04-19 12:32:08,989 [ByteArraySerializer:DEBUG] ... deserialized into
- nameArray:        ['getMoteConfig']
- returnFields:     {'macAddress': [0, 23, 13, 0, 0, 56, 6, 213], 'reserved': 1, 'state': 4, 'isRouting': True, 'RC': 0, 'moteId': 1, 'isAP': True}
2019-04-19 12:32:08,990 [ByteArraySerializer:DEBUG] serialize ...
- commandArray:     ['getMoteConfig']
- fieldsToFill:     {'macAddress': [0, 23, 13, 0, 0, 56, 6, 213], 'next': True}
2019-04-19 12:32:08,990 [ByteArraySerializer:DEBUG] ... serialize into
- cmdId:            47
- byteArray:        00-17-0d-00-00-38-06-d5-01
2019-04-19 12:32:08,990 [SerialConnector:DEBUG] _sendInternal cmdId=47 retry=0 isResponse=False serializedFields=[0, 23, 13, 0, 0, 56, 6, 213, True]
2019-04-19 12:32:08,991 [SerialConnector:DEBUG] ---------- pcToMote DATA (3) ---------->
2019-04-19 12:32:08,991 [Crc:DEBUG] calculating for data=02-2f-03-09-00-17-0d-00-00-38-06-d5-01
2019-04-19 12:32:08,991 [Crc:DEBUG] fcs=0x 87a
2019-04-19 12:32:08,991 [Hdlc:DEBUG] 
packetToSend:
 - payload: 02 2f 03 09 00 17 0d 00 00 38 06 d5 01
 - fcs:     08 7a
 - valid:   True
2019-04-19 12:32:08,997 [Crc:DEBUG] calculating for data=03-2f-03-0f-00-00-17-0d-00-00-31-cc-40-00-02-00-04-00-01
2019-04-19 12:32:08,997 [Crc:DEBUG] fcs=0xa24d
2019-04-19 12:32:08,998 [Hdlc:DEBUG] 
receivedFrame:
 - payload: 03 2f 03 0f 00 00 17 0d 00 00 31 cc 40 00 02 00 04 00 01
 - fcs:     a2 4d
 - valid:   True
2019-04-19 12:32:08,998 [SerialConnector:DEBUG] cmdId=47 length=15 isResponse=True packetId=3 payload=[0, 0, 23, 13, 0, 0, 49, 204, 64, 0, 2, 0, 4, 0, 1]
2019-04-19 12:32:08,998 [SerialConnector:DEBUG] <--------- pcToMote ACK (3) after 0.007 --------
2019-04-19 12:32:08,998 [SerialConnector:DEBUG] no ack needed
2019-04-19 12:32:08,998 [ByteArraySerializer:DEBUG] deserialize ...
- type:             command
- id:               47
- byteArray:        00-00-17-0d-00-00-31-cc-40-00-02-00-04-00-01
2019-04-19 12:32:08,998 [ByteArraySerializer:DEBUG] ... deserialized into
- nameArray:        ['getMoteConfig']
- returnFields:     {'macAddress': [0, 23, 13, 0, 0, 49, 204, 64], 'reserved': 0, 'state': 4, 'isRouting': True, 'RC': 0, 'moteId': 2, 'isAP': False}
2019-04-19 12:32:08,999 [ByteArraySerializer:DEBUG] serialize ...
- commandArray:     ['getMoteConfig']
- fieldsToFill:     {'macAddress': [0, 23, 13, 0, 0, 49, 204, 64], 'next': True}
2019-04-19 12:32:08,999 [ByteArraySerializer:DEBUG] ... serialize into
- cmdId:            47
- byteArray:        00-17-0d-00-00-31-cc-40-01
2019-04-19 12:32:08,999 [SerialConnector:DEBUG] _sendInternal cmdId=47 retry=0 isResponse=False serializedFields=[0, 23, 13, 0, 0, 49, 204, 64, True]
2019-04-19 12:32:09,000 [SerialConnector:DEBUG] ---------- pcToMote DATA (4) ---------->
2019-04-19 12:32:09,000 [Crc:DEBUG] calculating for data=02-2f-04-09-00-17-0d-00-00-31-cc-40-01
2019-04-19 12:32:09,000 [Crc:DEBUG] fcs=0x883d
2019-04-19 12:32:09,000 [Hdlc:DEBUG] 
packetToSend:
 - payload: 02 2f 04 09 00 17 0d 00 00 31 cc 40 01
 - fcs:     88 3d
 - valid:   True
2019-04-19 12:32:09,006 [Crc:DEBUG] calculating for data=03-2f-04-0f-00-00-17-0d-00-00-31-c1-a1-00-03-00-04-00-01
2019-04-19 12:32:09,006 [Crc:DEBUG] fcs=0x5b31
2019-04-19 12:32:09,006 [Hdlc:DEBUG] 
receivedFrame:
 - payload: 03 2f 04 0f 00 00 17 0d 00 00 31 c1 a1 00 03 00 04 00 01
 - fcs:     5b 31
 - valid:   True
2019-04-19 12:32:09,007 [SerialConnector:DEBUG] cmdId=47 length=15 isResponse=True packetId=4 payload=[0, 0, 23, 13, 0, 0, 49, 193, 161, 0, 3, 0, 4, 0, 1]
2019-04-19 12:32:09,007 [SerialConnector:DEBUG] <--------- pcToMote ACK (4) after 0.007 --------
2019-04-19 12:32:09,007 [SerialConnector:DEBUG] no ack needed
2019-04-19 12:32:09,007 [ByteArraySerializer:DEBUG] deserialize ...
- type:             command
- id:               47
- byteArray:        00-00-17-0d-00-00-31-c1-a1-00-03-00-04-00-01
2019-04-19 12:32:09,007 [ByteArraySerializer:DEBUG] ... deserialized into
- nameArray:        ['getMoteConfig']
- returnFields:     {'macAddress': [0, 23, 13, 0, 0, 49, 193, 161], 'reserved': 0, 'state': 4, 'isRouting': True, 'RC': 0, 'moteId': 3, 'isAP': False}
2019-04-19 12:32:09,008 [ByteArraySerializer:DEBUG] serialize ...
- commandArray:     ['getMoteConfig']
- fieldsToFill:     {'macAddress': [0, 23, 13, 0, 0, 49, 193, 161], 'next': True}
2019-04-19 12:32:09,008 [ByteArraySerializer:DEBUG] ... serialize into
- cmdId:            47
- byteArray:        00-17-0d-00-00-31-c1-a1-01
2019-04-19 12:32:09,008 [SerialConnector:DEBUG] _sendInternal cmdId=47 retry=0 isResponse=False serializedFields=[0, 23, 13, 0, 0, 49, 193, 161, True]
2019-04-19 12:32:09,009 [SerialConnector:DEBUG] ---------- pcToMote DATA (5) ---------->
2019-04-19 12:32:09,009 [Crc:DEBUG] calculating for data=02-2f-05-09-00-17-0d-00-00-31-c1-a1-01
2019-04-19 12:32:09,009 [Crc:DEBUG] fcs=0x2767
2019-04-19 12:32:09,009 [Hdlc:DEBUG] 
packetToSend:
 - payload: 02 2f 05 09 00 17 0d 00 00 31 c1 a1 01
 - fcs:     27 67
 - valid:   True
2019-04-19 12:32:09,014 [Crc:DEBUG] calculating for data=03-2f-05-01-0b
2019-04-19 12:32:09,014 [Crc:DEBUG] fcs=0xa771
2019-04-19 12:32:09,014 [Hdlc:DEBUG] 
receivedFrame:
 - payload: 03 2f 05 01 0b
 - fcs:     a7 71
 - valid:   True
2019-04-19 12:32:09,014 [SerialConnector:DEBUG] cmdId=47 length=1 isResponse=True packetId=5 payload=[11]
2019-04-19 12:32:09,014 [SerialConnector:DEBUG] <--------- pcToMote ACK (5) after 0.006 --------
2019-04-19 12:32:09,015 [SerialConnector:DEBUG] no ack needed
2019-04-19 12:32:09,015 [ByteArraySerializer:DEBUG] deserialize ...
- type:             command
- id:               47
- byteArray:        0b
2019-04-19 12:32:09,015 [ByteArraySerializer:DEBUG] ... deserialized into
- nameArray:        ['getMoteConfig']
- returnFields:     {'RC': 11}
2019-04-19 12:32:09,965 [ByteArraySerializer:DEBUG] serialize ...
- commandArray:     ['getTime']
- fieldsToFill:     {}
2019-04-19 12:32:09,966 [ByteArraySerializer:DEBUG] ... serialize into
- cmdId:            23
- byteArray:        
2019-04-19 12:32:09,966 [SerialConnector:DEBUG] _sendInternal cmdId=23 retry=0 isResponse=False serializedFields=[]
2019-04-19 12:32:09,966 [SerialConnector:DEBUG] ---------- pcToMote DATA (6) ---------->
2019-04-19 12:32:09,967 [Crc:DEBUG] calculating for data=02-17-06-00
2019-04-19 12:32:09,967 [Crc:DEBUG] fcs=0xe898
2019-04-19 12:32:09,967 [Hdlc:DEBUG] 
packetToSend:
 - payload: 02 17 06 00
 - fcs:     e8 98
 - valid:   True
2019-04-19 12:32:09,973 [Crc:DEBUG] calculating for data=03-17-06-18-00-00-00-2b-d0-00-00-00-00-3d-22-94-7e-00-0d-6e-d7-00-00-17-9a-80-01-57
2019-04-19 12:32:09,974 [Crc:DEBUG] fcs=0x5886
2019-04-19 12:32:09,974 [Hdlc:DEBUG] 
receivedFrame:
 - payload: 03 17 06 18 00 00 00 2b d0 00 00 00 00 3d 22 94 7e 00 0d 6e d7 00 00 17 9a 80 01 57
 - fcs:     58 86
 - valid:   True
2019-04-19 12:32:09,974 [SerialConnector:DEBUG] cmdId=23 length=24 isResponse=True packetId=6 payload=[0, 0, 0, 43, 208, 0, 0, 0, 0, 61, 34, 148, 126, 0, 13, 110, 215, 0, 0, 23, 154, 128, 1, 87]
2019-04-19 12:32:09,974 [SerialConnector:DEBUG] <--------- pcToMote ACK (6) after 0.008 --------
2019-04-19 12:32:09,975 [SerialConnector:DEBUG] no ack needed
2019-04-19 12:32:09,975 [ByteArraySerializer:DEBUG] deserialize ...
- type:             command
- id:               23
- byteArray:        00-00-00-2b-d0-00-00-00-00-3d-22-94-7e-00-0d-6e-d7-00-00-17-9a-80-01-57
2019-04-19 12:32:09,975 [ByteArraySerializer:DEBUG] ... deserialized into
- nameArray:        ['getTime']
- returnFields:     {'uptime': 11216, 'utcUsecs': 880343, 'utcSecs': 1025676414, 'asnOffset': 343, 'RC': 0, 'asn': [0, 0, 23, 154, 128]}
2019-04-19 12:32:09,983 [LatencyCalculator:INFO] Acquired time: lockNetworkTime=1025676414.88 lockPcTime=1555669929.97
2019-04-19 12:32:12,776 [Crc:DEBUG] calculating for data=00-14-00-34-04-00-00-00-00-3d-22-94-81-00-08-23-fc-00-17-0d-00-00-31-cc-40-f0-b9-f0-b9-00-01-05-00-ff-01-05-00-00-00-00-3d-22-94-81-00-08-26-85-00-00-75-30-01-10-09-d8
2019-04-19 12:32:12,776 [Crc:DEBUG] fcs=0x6fda
2019-04-19 12:32:12,777 [Hdlc:DEBUG] 
receivedFrame:
 - payload: 00 14 00 34 04 00 00 00 00 3d 22 94 81 00 08 23 fc 00 17 0d 00 00 31 cc 40 f0 b9 f0 b9 00 01 05 00 ff 01 05 00 00 00 00 3d 22 94 81 00 08 26 85 00 00 75 30 01 10 09 d8
 - fcs:     6f da
 - valid:   True
2019-04-19 12:32:12,777 [SerialConnector:DEBUG] cmdId=20 length=52 isResponse=False packetId=0 payload=[4, 0, 0, 0, 0, 61, 34, 148, 129, 0, 8, 35, 252, 0, 23, 13, 0, 0, 49, 204, 64, 240, 185, 240, 185, 0, 1, 5, 0, 255, 1, 5, 0, 0, 0, 0, 61, 34, 148, 129, 0, 8, 38, 133, 0, 0, 117, 48, 1, 16, 9, 216]
2019-04-19 12:32:12,777 [SerialConnector:DEBUG] <--------- moteToPc DATA (0) ----------
2019-04-19 12:32:12,777 [SerialConnector:DEBUG] no ack needed
2019-04-19 12:32:12,777 [ByteArraySerializer:DEBUG] deserialize ...
- type:             notification
- id:               20
- byteArray:        04-00-00-00-00-3d-22-94-81-00-08-23-fc-00-17-0d-00-00-31-cc-40-f0-b9-f0-b9-00-01-05-00-ff-01-05-00-00-00-00-3d-22-94-81-00-08-26-85-00-00-75-30-01-10-09-d8
2019-04-19 12:32:12,778 [ByteArraySerializer:DEBUG] ... deserialized into
- nameArray:        ['notification', 'notifData']
- returnFields:     {'macAddress': [0, 23, 13, 0, 0, 49, 204, 64], 'srcPort': 61625, 'utcUsecs': 533500, 'utcSecs': 1025676417, 'dstPort': 61625, 'data': [0, 1, 5, 0, 255, 1, 5, 0, 0, 0, 0, 61, 34, 148, 129, 0, 8, 38, 133, 0, 0, 117, 48, 1, 16, 9, 216]}
2019-04-19 12:32:12,778 [App:DEBUG] notifClient._dataCallback notifData:
Tuple_notifData:
             utcSecs: 1025676417
            utcUsecs: 533500
          macAddress: 00-17-0d-00-00-31-cc-40
             srcPort: 61625
             dstPort: 61625
                data: 00-01-05-00-ff-01-05-00-00-00-00-3d-22-94-81-00-08-26-85-00-00-75-30-01-10-09-d8
2019-04-19 12:32:19,692 [Crc:DEBUG] calculating for data=00-14-00-34-04-00-00-00-00-3d-22-94-87-00-0e-9a-48-00-17-0d-00-00-31-c1-a1-f0-b9-f0-b9-00-00-05-00-ff-01-05-00-00-00-00-3d-22-94-87-00-0e-ae-9c-00-00-75-30-01-10-0a-3e
2019-04-19 12:32:19,692 [Crc:DEBUG] fcs=0x5de5
2019-04-19 12:32:19,693 [Hdlc:DEBUG] 
receivedFrame:
 - payload: 00 14 00 34 04 00 00 00 00 3d 22 94 87 00 0e 9a 48 00 17 0d 00 00 31 c1 a1 f0 b9 f0 b9 00 00 05 00 ff 01 05 00 00 00 00 3d 22 94 87 00 0e ae 9c 00 00 75 30 01 10 0a 3e
 - fcs:     5d e5
 - valid:   True
2019-04-19 12:32:19,693 [SerialConnector:DEBUG] cmdId=20 length=52 isResponse=False packetId=0 payload=[4, 0, 0, 0, 0, 61, 34, 148, 135, 0, 14, 154, 72, 0, 23, 13, 0, 0, 49, 193, 161, 240, 185, 240, 185, 0, 0, 5, 0, 255, 1, 5, 0, 0, 0, 0, 61, 34, 148, 135, 0, 14, 174, 156, 0, 0, 117, 48, 1, 16, 10, 62]
2019-04-19 12:32:19,693 [SerialConnector:DEBUG] <--------- moteToPc DATA (0) ----------
2019-04-19 12:32:19,693 [SerialConnector:DEBUG] no ack needed
2019-04-19 12:32:19,694 [ByteArraySerializer:DEBUG] deserialize ...
- type:             notification
- id:               20
- byteArray:        04-00-00-00-00-3d-22-94-87-00-0e-9a-48-00-17-0d-00-00-31-c1-a1-f0-b9-f0-b9-00-00-05-00-ff-01-05-00-00-00-00-3d-22-94-87-00-0e-ae-9c-00-00-75-30-01-10-0a-3e
2019-04-19 12:32:19,694 [ByteArraySerializer:DEBUG] ... deserialized into
- nameArray:        ['notification', 'notifData']
- returnFields:     {'macAddress': [0, 23, 13, 0, 0, 49, 193, 161], 'srcPort': 61625, 'utcUsecs': 957000, 'utcSecs': 1025676423, 'dstPort': 61625, 'data': [0, 0, 5, 0, 255, 1, 5, 0, 0, 0, 0, 61, 34, 148, 135, 0, 14, 174, 156, 0, 0, 117, 48, 1, 16, 10, 62]}
2019-04-19 12:32:19,695 [App:DEBUG] notifClient._dataCallback notifData:
Tuple_notifData:
             utcSecs: 1025676423
            utcUsecs: 957000
          macAddress: 00-17-0d-00-00-31-c1-a1
             srcPort: 61625
             dstPort: 61625
                data: 00-00-05-00-ff-01-05-00-00-00-00-3d-22-94-87-00-0e-ae-9c-00-00-75-30-01-10-0a-3e
2019-04-19 12:32:19,992 [ByteArraySerializer:DEBUG] serialize ...
- commandArray:     ['getTime']
- fieldsToFill:     {}
2019-04-19 12:32:19,992 [ByteArraySerializer:DEBUG] ... serialize into
- cmdId:            23
- byteArray:        
2019-04-19 12:32:19,992 [SerialConnector:DEBUG] _sendInternal cmdId=23 retry=0 isResponse=False serializedFields=[]
2019-04-19 12:32:19,992 [SerialConnector:DEBUG] ---------- pcToMote DATA (7) ---------->
2019-04-19 12:32:19,993 [Crc:DEBUG] calculating for data=02-17-07-00
2019-04-19 12:32:19,993 [Crc:DEBUG] fcs=0x3081
2019-04-19 12:32:19,993 [Hdlc:DEBUG] 
packetToSend:
 - payload: 02 17 07 00
 - fcs:     30 81
 - valid:   True
2019-04-19 12:32:19,999 [Crc:DEBUG] calculating for data=03-17-07-18-00-00-00-2b-da-00-00-00-00-3d-22-94-88-00-0d-d5-45-00-00-17-9f-e6-1b-99
2019-04-19 12:32:20,000 [Crc:DEBUG] fcs=0x74f3
2019-04-19 12:32:20,000 [Hdlc:DEBUG] 
receivedFrame:
 - payload: 03 17 07 18 00 00 00 2b da 00 00 00 00 3d 22 94 88 00 0d d5 45 00 00 17 9f e6 1b 99
 - fcs:     74 f3
 - valid:   True
2019-04-19 12:32:20,000 [SerialConnector:DEBUG] cmdId=23 length=24 isResponse=True packetId=7 payload=[0, 0, 0, 43, 218, 0, 0, 0, 0, 61, 34, 148, 136, 0, 13, 213, 69, 0, 0, 23, 159, 230, 27, 153]
2019-04-19 12:32:20,000 [SerialConnector:DEBUG] <--------- pcToMote ACK (7) after 0.008 --------
2019-04-19 12:32:20,000 [SerialConnector:DEBUG] no ack needed
2019-04-19 12:32:20,001 [ByteArraySerializer:DEBUG] deserialize ...
- type:             command
- id:               23
- byteArray:        00-00-00-2b-da-00-00-00-00-3d-22-94-88-00-0d-d5-45-00-00-17-9f-e6-1b-99
2019-04-19 12:32:20,001 [ByteArraySerializer:DEBUG] ... deserialized into
- nameArray:        ['getTime']
- returnFields:     {'uptime': 11226, 'utcUsecs': 906565, 'utcSecs': 1025676424, 'asnOffset': 7065, 'RC': 0, 'asn': [0, 0, 23, 159, 230]}
2019-04-19 12:32:20,009 [LatencyCalculator:INFO] Acquired time: lockNetworkTime=1025676424.91 lockPcTime=1555669939.99
2019-04-19 12:32:26,768 [Hdlc:INFO] disconnect
2019-04-19 12:32:26,768 [LatencyCalculator:WARNING] disconnect function called
2019-04-19 12:32:26,769 [SerialConnector:INFO] hdlc notification: connection state=False
2019-04-19 12:32:26,769 [Hdlc:INFO] thread ended
