2019-04-08 17:29:18,459 [SerialConnector:INFO] creating object
2019-04-08 17:29:18,460 [Hdlc:INFO] Creating object
2019-04-08 17:29:18,461 [Hdlc:INFO] opened port /dev/ttyUSB2@115200baud
2019-04-08 17:29:18,461 [SerialConnector:INFO] hdlc notification: connection state=True
2019-04-08 17:29:18,461 [Hdlc:INFO] thread started
2019-04-08 17:29:18,461 [ByteArraySerializer:DEBUG] serialize ...
- commandArray:     ['hello']
- fieldsToFill:     {'cliSeqNo': 255, 'version': 4, 'mode': 0}
2019-04-08 17:29:18,462 [ByteArraySerializer:DEBUG] ... serialize into
- cmdId:            1
- byteArray:        04-ff-00
2019-04-08 17:29:18,462 [SerialConnector:DEBUG] _sendInternal cmdId=1 retry=0 isResponse=False serializedFields=[4, 255, 0]
2019-04-08 17:29:18,462 [SerialConnector:DEBUG] ---------- pcToMote DATA (0) ---------->
2019-04-08 17:29:18,462 [Crc:DEBUG] calculating for data=00-01-00-03-04-ff-00
2019-04-08 17:29:18,462 [Crc:DEBUG] fcs=0x3731
2019-04-08 17:29:18,462 [Hdlc:DEBUG] 
packetToSend:
 - payload: 00 01 00 03 04 ff 00
 - fcs:     37 31
 - valid:   True
2019-04-08 17:29:18,963 [SerialConnector:INFO] retry 0
2019-04-08 17:29:18,963 [SerialConnector:DEBUG] _sendInternal cmdId=1 retry=1 isResponse=False serializedFields=[4, 255, 0]
2019-04-08 17:29:18,963 [SerialConnector:DEBUG] ---------- pcToMote DATA (0) ---------->
2019-04-08 17:29:18,964 [Crc:DEBUG] calculating for data=00-01-00-03-04-ff-00
2019-04-08 17:29:18,964 [Crc:DEBUG] fcs=0x3731
2019-04-08 17:29:18,964 [Hdlc:DEBUG] 
packetToSend:
 - payload: 00 01 00 03 04 ff 00
 - fcs:     37 31
 - valid:   True
2019-04-08 17:29:19,465 [SerialConnector:INFO] retry 1
2019-04-08 17:29:19,465 [SerialConnector:DEBUG] _sendInternal cmdId=1 retry=2 isResponse=False serializedFields=[4, 255, 0]
2019-04-08 17:29:19,465 [SerialConnector:DEBUG] ---------- pcToMote DATA (0) ---------->
2019-04-08 17:29:19,465 [Crc:DEBUG] calculating for data=00-01-00-03-04-ff-00
2019-04-08 17:29:19,465 [Crc:DEBUG] fcs=0x3731
2019-04-08 17:29:19,465 [Hdlc:DEBUG] 
packetToSend:
 - payload: 00 01 00 03 04 ff 00
 - fcs:     37 31
 - valid:   True
2019-04-08 17:29:19,966 [SerialConnector:INFO] retry 2
2019-04-08 17:29:19,966 [SerialConnector:DEBUG] _sendInternal cmdId=1 retry=3 isResponse=False serializedFields=[4, 255, 0]
2019-04-08 17:29:19,966 [SerialConnector:DEBUG] ---------- pcToMote DATA (0) ---------->
2019-04-08 17:29:19,966 [Crc:DEBUG] calculating for data=00-01-00-03-04-ff-00
2019-04-08 17:29:19,966 [Crc:DEBUG] fcs=0x3731
2019-04-08 17:29:19,966 [Hdlc:DEBUG] 
packetToSend:
 - payload: 00 01 00 03 04 ff 00
 - fcs:     37 31
 - valid:   True
2019-04-08 17:29:20,467 [SerialConnector:INFO] retry 3
2019-04-08 17:29:20,467 [SerialConnector:DEBUG] _sendInternal cmdId=1 retry=4 isResponse=False serializedFields=[4, 255, 0]
2019-04-08 17:29:20,468 [SerialConnector:DEBUG] ---------- pcToMote DATA (0) ---------->
2019-04-08 17:29:20,468 [Crc:DEBUG] calculating for data=00-01-00-03-04-ff-00
2019-04-08 17:29:20,468 [Crc:DEBUG] fcs=0x3731
2019-04-08 17:29:20,468 [Hdlc:DEBUG] 
packetToSend:
 - payload: 00 01 00 03 04 ff 00
 - fcs:     37 31
 - valid:   True
2019-04-08 17:29:20,969 [SerialConnector:INFO] retry 4
2019-04-08 17:29:20,969 [SerialConnector:DEBUG] _sendInternal cmdId=1 retry=5 isResponse=False serializedFields=[4, 255, 0]
2019-04-08 17:29:20,969 [SerialConnector:DEBUG] ---------- pcToMote DATA (0) ---------->
2019-04-08 17:29:20,970 [Crc:DEBUG] calculating for data=00-01-00-03-04-ff-00
2019-04-08 17:29:20,970 [Crc:DEBUG] fcs=0x3731
2019-04-08 17:29:20,970 [Hdlc:DEBUG] 
packetToSend:
 - payload: 00 01 00 03 04 ff 00
 - fcs:     37 31
 - valid:   True
2019-04-08 17:29:21,470 [SerialConnector:INFO] retry 5
2019-04-08 17:29:21,471 [SerialConnector:ERROR] retried 5 times, max allowed is 5
2019-04-08 17:29:21,471 [Hdlc:INFO] disconnect
2019-04-08 17:29:28,949 [SerialConnector:INFO] creating object
2019-04-08 17:29:28,950 [Hdlc:INFO] Creating object
2019-04-08 17:29:28,950 [Hdlc:INFO] opened port /dev/ttyUSB3@115200baud
2019-04-08 17:29:28,951 [SerialConnector:INFO] hdlc notification: connection state=True
2019-04-08 17:29:28,951 [Hdlc:INFO] thread started
2019-04-08 17:29:28,951 [ByteArraySerializer:DEBUG] serialize ...
- commandArray:     ['hello']
- fieldsToFill:     {'cliSeqNo': 255, 'version': 4, 'mode': 0}
2019-04-08 17:29:28,952 [ByteArraySerializer:DEBUG] ... serialize into
- cmdId:            1
- byteArray:        04-ff-00
2019-04-08 17:29:28,952 [SerialConnector:DEBUG] _sendInternal cmdId=1 retry=0 isResponse=False serializedFields=[4, 255, 0]
2019-04-08 17:29:28,952 [SerialConnector:DEBUG] ---------- pcToMote DATA (0) ---------->
2019-04-08 17:29:28,952 [Crc:DEBUG] calculating for data=00-01-00-03-04-ff-00
2019-04-08 17:29:28,952 [Crc:DEBUG] fcs=0x3731
2019-04-08 17:29:28,952 [Hdlc:DEBUG] 
packetToSend:
 - payload: 00 01 00 03 04 ff 00
 - fcs:     37 31
 - valid:   True
2019-04-08 17:29:29,453 [SerialConnector:INFO] retry 0
2019-04-08 17:29:29,453 [SerialConnector:DEBUG] _sendInternal cmdId=1 retry=1 isResponse=False serializedFields=[4, 255, 0]
2019-04-08 17:29:29,453 [SerialConnector:DEBUG] ---------- pcToMote DATA (0) ---------->
2019-04-08 17:29:29,453 [Crc:DEBUG] calculating for data=00-01-00-03-04-ff-00
2019-04-08 17:29:29,453 [Crc:DEBUG] fcs=0x3731
2019-04-08 17:29:29,453 [Hdlc:DEBUG] 
packetToSend:
 - payload: 00 01 00 03 04 ff 00
 - fcs:     37 31
 - valid:   True
2019-04-08 17:29:29,457 [SerialConnector:INFO] hdlc notification: connection state=False
2019-04-08 17:29:29,457 [Hdlc:INFO] disconnect
2019-04-08 17:29:29,457 [Hdlc:INFO] thread ended
2019-04-08 17:29:29,954 [SerialConnector:INFO] retry 1
2019-04-08 17:29:29,954 [SerialConnector:DEBUG] _sendInternal cmdId=1 retry=2 isResponse=False serializedFields=[4, 255, 0]
2019-04-08 17:29:29,954 [SerialConnector:DEBUG] ---------- pcToMote DATA (0) ---------->
2019-04-08 17:29:29,954 [SerialConnector:ERROR] no HDLC module, did I just disconnect?
2019-04-19 10:19:14,210 [SerialConnector:INFO] creating object
2019-04-19 10:19:14,226 [Hdlc:INFO] Creating object
2019-04-19 10:19:14,227 [Hdlc:INFO] opened port /dev/ttyUSB3@115200baud
2019-04-19 10:19:14,227 [SerialConnector:INFO] hdlc notification: connection state=True
2019-04-19 10:19:14,227 [Hdlc:INFO] thread started
2019-04-19 10:19:14,227 [ByteArraySerializer:DEBUG] serialize ...
- commandArray:     ['hello']
- fieldsToFill:     {'cliSeqNo': 255, 'version': 4, 'mode': 0}
2019-04-19 10:19:14,227 [ByteArraySerializer:DEBUG] ... serialize into
- cmdId:            1
- byteArray:        04-ff-00
2019-04-19 10:19:14,228 [SerialConnector:DEBUG] _sendInternal cmdId=1 retry=0 isResponse=False serializedFields=[4, 255, 0]
2019-04-19 10:19:14,228 [SerialConnector:DEBUG] ---------- pcToMote DATA (0) ---------->
2019-04-19 10:19:14,228 [Crc:DEBUG] calculating for data=00-01-00-03-04-ff-00
2019-04-19 10:19:14,228 [Crc:DEBUG] fcs=0x3731
2019-04-19 10:19:14,228 [Hdlc:DEBUG] 
packetToSend:
 - payload: 00 01 00 03 04 ff 00
 - fcs:     37 31
 - valid:   True
2019-04-19 10:19:14,232 [Crc:DEBUG] calculating for data=00-02-00-05-00-04-00-ff-00
2019-04-19 10:19:14,232 [Crc:DEBUG] fcs=0x2323
2019-04-19 10:19:14,232 [Hdlc:DEBUG] 
receivedFrame:
 - payload: 00 02 00 05 00 04 00 ff 00
 - fcs:     23 23
 - valid:   True
2019-04-19 10:19:14,232 [SerialConnector:DEBUG] cmdId=2 length=5 isResponse=False packetId=0 payload=[0, 4, 0, 255, 0]
2019-04-19 10:19:14,232 [SerialConnector:DEBUG] <--------- moteToPc DATA (0) ----------
2019-04-19 10:19:14,232 [SerialConnector:DEBUG] no ack needed
2019-04-19 10:19:14,232 [ByteArraySerializer:DEBUG] deserialize ...
- type:             command
- id:               2
- byteArray:        00-04-00-ff-00
2019-04-19 10:19:14,232 [ByteArraySerializer:DEBUG] ... deserialized into
- nameArray:        ['hello_response']
- returnFields:     {'cliSeqNo': 255, 'version': 4, 'successCode': 0, 'mgrSeqNo': 0, 'mode': 0}
2019-04-19 10:19:14,235 [ByteArraySerializer:DEBUG] serialize ...
- commandArray:     ['subscribe']
- fieldsToFill:     {'filter': [0, 48], 'unackFilter': [0, 48]}
2019-04-19 10:19:14,236 [ByteArraySerializer:DEBUG] ... serialize into
- cmdId:            22
- byteArray:        00-00-00-30-00-00-00-30
2019-04-19 10:19:14,236 [SerialConnector:DEBUG] _sendInternal cmdId=22 retry=0 isResponse=False serializedFields=[0, 0, 0, 48, 0, 0, 0, 48]
2019-04-19 10:19:14,236 [SerialConnector:DEBUG] ---------- pcToMote DATA (0) ---------->
2019-04-19 10:19:14,236 [Crc:DEBUG] calculating for data=02-16-00-08-00-00-00-30-00-00-00-30
2019-04-19 10:19:14,236 [Crc:DEBUG] fcs=0xcf7c
2019-04-19 10:19:14,236 [Hdlc:DEBUG] 
packetToSend:
 - payload: 02 16 00 08 00 00 00 30 00 00 00 30
 - fcs:     cf 7c
 - valid:   True
2019-04-19 10:19:14,240 [Crc:DEBUG] calculating for data=03-16-00-01-00
2019-04-19 10:19:14,240 [Crc:DEBUG] fcs=0x5843
2019-04-19 10:19:14,240 [Hdlc:DEBUG] 
receivedFrame:
 - payload: 03 16 00 01 00
 - fcs:     58 43
 - valid:   True
2019-04-19 10:19:14,240 [SerialConnector:DEBUG] cmdId=22 length=1 isResponse=True packetId=0 payload=[0]
2019-04-19 10:19:14,240 [SerialConnector:DEBUG] <--------- pcToMote ACK (0) after 0.004 --------
2019-04-19 10:19:14,240 [SerialConnector:DEBUG] no ack needed
2019-04-19 10:19:14,240 [ByteArraySerializer:DEBUG] deserialize ...
- type:             command
- id:               22
- byteArray:        00
2019-04-19 10:19:14,240 [ByteArraySerializer:DEBUG] ... deserialized into
- nameArray:        ['subscribe']
- returnFields:     {'RC': 0}
2019-04-19 10:19:14,244 [ByteArraySerializer:DEBUG] serialize ...
- commandArray:     ['subscribe']
- fieldsToFill:     {'filter': [0, 118], 'unackFilter': [0, 48]}
2019-04-19 10:19:14,244 [ByteArraySerializer:DEBUG] ... serialize into
- cmdId:            22
- byteArray:        00-00-00-76-00-00-00-30
2019-04-19 10:19:14,244 [SerialConnector:DEBUG] _sendInternal cmdId=22 retry=0 isResponse=False serializedFields=[0, 0, 0, 118, 0, 0, 0, 48]
2019-04-19 10:19:14,244 [SerialConnector:DEBUG] ---------- pcToMote DATA (1) ---------->
2019-04-19 10:19:14,244 [Crc:DEBUG] calculating for data=02-16-01-08-00-00-00-76-00-00-00-30
2019-04-19 10:19:14,244 [Crc:DEBUG] fcs=0x52aa
2019-04-19 10:19:14,244 [Hdlc:DEBUG] 
packetToSend:
 - payload: 02 16 01 08 00 00 00 76 00 00 00 30
 - fcs:     52 aa
 - valid:   True
2019-04-19 10:19:14,248 [Crc:DEBUG] calculating for data=03-16-01-01-00
2019-04-19 10:19:14,248 [Crc:DEBUG] fcs=0x8419
2019-04-19 10:19:14,248 [Hdlc:DEBUG] 
receivedFrame:
 - payload: 03 16 01 01 00
 - fcs:     84 19
 - valid:   True
2019-04-19 10:19:14,249 [SerialConnector:DEBUG] cmdId=22 length=1 isResponse=True packetId=1 payload=[0]
2019-04-19 10:19:14,249 [SerialConnector:DEBUG] <--------- pcToMote ACK (1) after 0.005 --------
2019-04-19 10:19:14,249 [SerialConnector:DEBUG] no ack needed
2019-04-19 10:19:14,249 [ByteArraySerializer:DEBUG] deserialize ...
- type:             command
- id:               22
- byteArray:        00
2019-04-19 10:19:14,249 [ByteArraySerializer:DEBUG] ... deserialized into
- nameArray:        ['subscribe']
- returnFields:     {'RC': 0}
2019-04-19 10:19:16,387 [Crc:DEBUG] calculating for data=00-14-00-34-04-00-00-00-00-3d-22-75-58-00-0d-36-d0-00-17-0d-00-00-31-cc-40-f0-b9-f0-b9-00-02-05-00-ff-01-05-00-00-00-00-3d-22-75-58-00-0d-36-7b-00-00-75-30-01-10-09-87
2019-04-19 10:19:16,387 [Crc:DEBUG] fcs=0x68 9
2019-04-19 10:19:16,388 [Hdlc:DEBUG] 
receivedFrame:
 - payload: 00 14 00 34 04 00 00 00 00 3d 22 75 58 00 0d 36 d0 00 17 0d 00 00 31 cc 40 f0 b9 f0 b9 00 02 05 00 ff 01 05 00 00 00 00 3d 22 75 58 00 0d 36 7b 00 00 75 30 01 10 09 87
 - fcs:     68 09
 - valid:   True
2019-04-19 10:19:16,388 [SerialConnector:DEBUG] cmdId=20 length=52 isResponse=False packetId=0 payload=[4, 0, 0, 0, 0, 61, 34, 117, 88, 0, 13, 54, 208, 0, 23, 13, 0, 0, 49, 204, 64, 240, 185, 240, 185, 0, 2, 5, 0, 255, 1, 5, 0, 0, 0, 0, 61, 34, 117, 88, 0, 13, 54, 123, 0, 0, 117, 48, 1, 16, 9, 135]
2019-04-19 10:19:16,388 [SerialConnector:DEBUG] <--------- moteToPc DATA (0) ----------
2019-04-19 10:19:16,388 [SerialConnector:DEBUG] no ack needed
2019-04-19 10:19:16,388 [ByteArraySerializer:DEBUG] deserialize ...
- type:             notification
- id:               20
- byteArray:        04-00-00-00-00-3d-22-75-58-00-0d-36-d0-00-17-0d-00-00-31-cc-40-f0-b9-f0-b9-00-02-05-00-ff-01-05-00-00-00-00-3d-22-75-58-00-0d-36-7b-00-00-75-30-01-10-09-87
2019-04-19 10:19:16,388 [ByteArraySerializer:DEBUG] ... deserialized into
- nameArray:        ['notification', 'notifData']
- returnFields:     {'macAddress': [0, 23, 13, 0, 0, 49, 204, 64], 'srcPort': 61625, 'utcUsecs': 866000, 'utcSecs': 1025668440, 'dstPort': 61625, 'data': [0, 2, 5, 0, 255, 1, 5, 0, 0, 0, 0, 61, 34, 117, 88, 0, 13, 54, 123, 0, 0, 117, 48, 1, 16, 9, 135]}
2019-04-19 10:19:17,699 [Crc:DEBUG] calculating for data=00-14-00-34-04-00-00-00-00-3d-22-75-5a-00-02-63-54-00-17-0d-00-00-31-c1-a1-f0-b9-f0-b9-00-0b-05-00-ff-01-05-00-00-00-00-3d-22-75-5a-00-02-74-5b-00-00-75-30-01-10-0a-01
2019-04-19 10:19:17,700 [Crc:DEBUG] fcs=0xc9d4
2019-04-19 10:19:17,700 [Hdlc:DEBUG] 
receivedFrame:
 - payload: 00 14 00 34 04 00 00 00 00 3d 22 75 5a 00 02 63 54 00 17 0d 00 00 31 c1 a1 f0 b9 f0 b9 00 0b 05 00 ff 01 05 00 00 00 00 3d 22 75 5a 00 02 74 5b 00 00 75 30 01 10 0a 01
 - fcs:     c9 d4
 - valid:   True
2019-04-19 10:19:17,700 [SerialConnector:DEBUG] cmdId=20 length=52 isResponse=False packetId=0 payload=[4, 0, 0, 0, 0, 61, 34, 117, 90, 0, 2, 99, 84, 0, 23, 13, 0, 0, 49, 193, 161, 240, 185, 240, 185, 0, 11, 5, 0, 255, 1, 5, 0, 0, 0, 0, 61, 34, 117, 90, 0, 2, 116, 91, 0, 0, 117, 48, 1, 16, 10, 1]
2019-04-19 10:19:17,700 [SerialConnector:DEBUG] <--------- moteToPc DATA (0) ----------
2019-04-19 10:19:17,700 [SerialConnector:DEBUG] no ack needed
2019-04-19 10:19:17,700 [ByteArraySerializer:DEBUG] deserialize ...
- type:             notification
- id:               20
- byteArray:        04-00-00-00-00-3d-22-75-5a-00-02-63-54-00-17-0d-00-00-31-c1-a1-f0-b9-f0-b9-00-0b-05-00-ff-01-05-00-00-00-00-3d-22-75-5a-00-02-74-5b-00-00-75-30-01-10-0a-01
2019-04-19 10:19:17,701 [ByteArraySerializer:DEBUG] ... deserialized into
- nameArray:        ['notification', 'notifData']
- returnFields:     {'macAddress': [0, 23, 13, 0, 0, 49, 193, 161], 'srcPort': 61625, 'utcUsecs': 156500, 'utcSecs': 1025668442, 'dstPort': 61625, 'data': [0, 11, 5, 0, 255, 1, 5, 0, 0, 0, 0, 61, 34, 117, 90, 0, 2, 116, 91, 0, 0, 117, 48, 1, 16, 10, 1]}
2019-04-19 10:19:46,083 [Crc:DEBUG] calculating for data=00-14-00-34-04-00-00-00-00-3d-22-75-76-00-0d-38-c4-00-17-0d-00-00-31-cc-40-f0-b9-f0-b9-00-02-05-00-ff-01-05-00-00-00-00-3d-22-75-76-00-0d-36-67-00-00-75-30-01-10-09-73
2019-04-19 10:19:46,083 [Crc:DEBUG] fcs=0x 663
2019-04-19 10:19:46,083 [Hdlc:DEBUG] 
receivedFrame:
 - payload: 00 14 00 34 04 00 00 00 00 3d 22 75 76 00 0d 38 c4 00 17 0d 00 00 31 cc 40 f0 b9 f0 b9 00 02 05 00 ff 01 05 00 00 00 00 3d 22 75 76 00 0d 36 67 00 00 75 30 01 10 09 73
 - fcs:     06 63
 - valid:   True
2019-04-19 10:19:46,083 [SerialConnector:DEBUG] cmdId=20 length=52 isResponse=False packetId=0 payload=[4, 0, 0, 0, 0, 61, 34, 117, 118, 0, 13, 56, 196, 0, 23, 13, 0, 0, 49, 204, 64, 240, 185, 240, 185, 0, 2, 5, 0, 255, 1, 5, 0, 0, 0, 0, 61, 34, 117, 118, 0, 13, 54, 103, 0, 0, 117, 48, 1, 16, 9, 115]
2019-04-19 10:19:46,083 [SerialConnector:DEBUG] <--------- moteToPc DATA (0) ----------
2019-04-19 10:19:46,083 [SerialConnector:DEBUG] no ack needed
2019-04-19 10:19:46,083 [ByteArraySerializer:DEBUG] deserialize ...
- type:             notification
- id:               20
- byteArray:        04-00-00-00-00-3d-22-75-76-00-0d-38-c4-00-17-0d-00-00-31-cc-40-f0-b9-f0-b9-00-02-05-00-ff-01-05-00-00-00-00-3d-22-75-76-00-0d-36-67-00-00-75-30-01-10-09-73
2019-04-19 10:19:46,084 [ByteArraySerializer:DEBUG] ... deserialized into
- nameArray:        ['notification', 'notifData']
- returnFields:     {'macAddress': [0, 23, 13, 0, 0, 49, 204, 64], 'srcPort': 61625, 'utcUsecs': 866500, 'utcSecs': 1025668470, 'dstPort': 61625, 'data': [0, 2, 5, 0, 255, 1, 5, 0, 0, 0, 0, 61, 34, 117, 118, 0, 13, 54, 103, 0, 0, 117, 48, 1, 16, 9, 115]}
2019-04-19 10:20:03,293 [Crc:DEBUG] calculating for data=02-14-01-17-01-00-00-00-05-0b-00-17-0d-00-00-38-06-d5-00-17-0d-00-00-31-c1-a1-02
2019-04-19 10:20:03,293 [Crc:DEBUG] fcs=0x2282
2019-04-19 10:20:03,293 [Hdlc:DEBUG] 
receivedFrame:
 - payload: 02 14 01 17 01 00 00 00 05 0b 00 17 0d 00 00 38 06 d5 00 17 0d 00 00 31 c1 a1 02
 - fcs:     22 82
 - valid:   True
2019-04-19 10:20:03,293 [SerialConnector:DEBUG] cmdId=20 length=23 isResponse=False packetId=1 payload=[1, 0, 0, 0, 5, 11, 0, 23, 13, 0, 0, 56, 6, 213, 0, 23, 13, 0, 0, 49, 193, 161, 2]
2019-04-19 10:20:03,293 [SerialConnector:DEBUG] <--------- moteToPc DATA (1) ----------
2019-04-19 10:20:03,293 [SerialConnector:DEBUG] _sendInternal cmdId=20 retry=0 isResponse=True serializedFields=[0]
2019-04-19 10:20:03,294 [Crc:DEBUG] calculating for data=03-14-01-01-00
2019-04-19 10:20:03,294 [Crc:DEBUG] fcs=0xf220
2019-04-19 10:20:03,294 [Hdlc:DEBUG] 
packetToSend:
 - payload: 03 14 01 01 00
 - fcs:     f2 20
 - valid:   True
2019-04-19 10:20:03,294 [SerialConnector:DEBUG] ---------- moteToPc ACK (1) after 0.001 ------->
2019-04-19 10:20:03,294 [SerialConnector:DEBUG] ack sent
2019-04-19 10:20:03,294 [ByteArraySerializer:DEBUG] deserialize ...
- type:             notification
- id:               20
- byteArray:        01-00-00-00-05-0b-00-17-0d-00-00-38-06-d5-00-17-0d-00-00-31-c1-a1-02
2019-04-19 10:20:03,294 [ByteArraySerializer:DEBUG] ... deserialized into
- nameArray:        ['notification', 'notifEvent', 'eventPathDelete']
- returnFields:     {'eventId': 5, 'source': [0, 23, 13, 0, 0, 56, 6, 213], 'direction': 2, 'dest': [0, 23, 13, 0, 0, 49, 193, 161]}
2019-04-19 10:20:03,300 [Crc:DEBUG] calculating for data=02-14-02-17-01-00-00-00-06-0b-00-17-0d-00-00-31-cc-40-00-17-0d-00-00-31-c1-a1-03
2019-04-19 10:20:03,300 [Crc:DEBUG] fcs=0xdc 9
2019-04-19 10:20:03,300 [Hdlc:DEBUG] 
receivedFrame:
 - payload: 02 14 02 17 01 00 00 00 06 0b 00 17 0d 00 00 31 cc 40 00 17 0d 00 00 31 c1 a1 03
 - fcs:     dc 09
 - valid:   True
2019-04-19 10:20:03,300 [SerialConnector:DEBUG] cmdId=20 length=23 isResponse=False packetId=2 payload=[1, 0, 0, 0, 6, 11, 0, 23, 13, 0, 0, 49, 204, 64, 0, 23, 13, 0, 0, 49, 193, 161, 3]
2019-04-19 10:20:03,300 [SerialConnector:DEBUG] <--------- moteToPc DATA (2) ----------
2019-04-19 10:20:03,301 [SerialConnector:DEBUG] _sendInternal cmdId=20 retry=0 isResponse=True serializedFields=[0]
2019-04-19 10:20:03,301 [Crc:DEBUG] calculating for data=03-14-02-01-00
2019-04-19 10:20:03,301 [Crc:DEBUG] fcs=0x96cf
2019-04-19 10:20:03,301 [Hdlc:DEBUG] 
packetToSend:
 - payload: 03 14 02 01 00
 - fcs:     96 cf
 - valid:   True
2019-04-19 10:20:03,301 [SerialConnector:DEBUG] ---------- moteToPc ACK (2) after 0.001 ------->
2019-04-19 10:20:03,301 [SerialConnector:DEBUG] ack sent
2019-04-19 10:20:03,301 [ByteArraySerializer:DEBUG] deserialize ...
- type:             notification
- id:               20
- byteArray:        01-00-00-00-06-0b-00-17-0d-00-00-31-cc-40-00-17-0d-00-00-31-c1-a1-03
2019-04-19 10:20:03,302 [ByteArraySerializer:DEBUG] ... deserialized into
- nameArray:        ['notification', 'notifEvent', 'eventPathDelete']
- returnFields:     {'eventId': 6, 'source': [0, 23, 13, 0, 0, 49, 204, 64], 'direction': 3, 'dest': [0, 23, 13, 0, 0, 49, 193, 161]}
2019-04-19 10:20:03,310 [Crc:DEBUG] calculating for data=02-14-03-0e-01-00-00-00-07-03-00-17-0d-00-00-31-c1-a1
2019-04-19 10:20:03,311 [Crc:DEBUG] fcs=0x7478
2019-04-19 10:20:03,311 [Hdlc:DEBUG] 
receivedFrame:
 - payload: 02 14 03 0e 01 00 00 00 07 03 00 17 0d 00 00 31 c1 a1
 - fcs:     74 78
 - valid:   True
2019-04-19 10:20:03,311 [SerialConnector:DEBUG] cmdId=20 length=14 isResponse=False packetId=3 payload=[1, 0, 0, 0, 7, 3, 0, 23, 13, 0, 0, 49, 193, 161]
2019-04-19 10:20:03,311 [SerialConnector:DEBUG] <--------- moteToPc DATA (3) ----------
2019-04-19 10:20:03,311 [SerialConnector:DEBUG] _sendInternal cmdId=20 retry=0 isResponse=True serializedFields=[0]
2019-04-19 10:20:03,311 [Crc:DEBUG] calculating for data=03-14-03-01-00
2019-04-19 10:20:03,311 [Crc:DEBUG] fcs=0x4a95
2019-04-19 10:20:03,311 [Hdlc:DEBUG] 
packetToSend:
 - payload: 03 14 03 01 00
 - fcs:     4a 95
 - valid:   True
2019-04-19 10:20:03,312 [SerialConnector:DEBUG] ---------- moteToPc ACK (3) after 0.001 ------->
2019-04-19 10:20:03,312 [SerialConnector:DEBUG] ack sent
2019-04-19 10:20:03,312 [ByteArraySerializer:DEBUG] deserialize ...
- type:             notification
- id:               20
- byteArray:        01-00-00-00-07-03-00-17-0d-00-00-31-c1-a1
2019-04-19 10:20:03,312 [ByteArraySerializer:DEBUG] ... deserialized into
- nameArray:        ['notification', 'notifEvent', 'eventMoteJoin']
- returnFields:     {'eventId': 7, 'macAddress': [0, 23, 13, 0, 0, 49, 193, 161]}
2019-04-19 10:20:05,153 [Crc:DEBUG] calculating for data=02-14-04-17-01-00-00-00-08-0a-00-17-0d-00-00-31-c1-a1-00-17-0d-00-00-38-06-d5-02
2019-04-19 10:20:05,153 [Crc:DEBUG] fcs=0x 81c
2019-04-19 10:20:05,153 [Hdlc:DEBUG] 
receivedFrame:
 - payload: 02 14 04 17 01 00 00 00 08 0a 00 17 0d 00 00 31 c1 a1 00 17 0d 00 00 38 06 d5 02
 - fcs:     08 1c
 - valid:   True
2019-04-19 10:20:05,154 [SerialConnector:DEBUG] cmdId=20 length=23 isResponse=False packetId=4 payload=[1, 0, 0, 0, 8, 10, 0, 23, 13, 0, 0, 49, 193, 161, 0, 23, 13, 0, 0, 56, 6, 213, 2]
2019-04-19 10:20:05,154 [SerialConnector:DEBUG] <--------- moteToPc DATA (4) ----------
2019-04-19 10:20:05,154 [SerialConnector:DEBUG] _sendInternal cmdId=20 retry=0 isResponse=True serializedFields=[0]
2019-04-19 10:20:05,154 [Crc:DEBUG] calculating for data=03-14-04-01-00
2019-04-19 10:20:05,154 [Crc:DEBUG] fcs=0x4f19
2019-04-19 10:20:05,154 [Hdlc:DEBUG] 
packetToSend:
 - payload: 03 14 04 01 00
 - fcs:     4f 19
 - valid:   True
2019-04-19 10:20:05,154 [SerialConnector:DEBUG] ---------- moteToPc ACK (4) after 0.001 ------->
2019-04-19 10:20:05,154 [SerialConnector:DEBUG] ack sent
2019-04-19 10:20:05,155 [ByteArraySerializer:DEBUG] deserialize ...
- type:             notification
- id:               20
- byteArray:        01-00-00-00-08-0a-00-17-0d-00-00-31-c1-a1-00-17-0d-00-00-38-06-d5-02
2019-04-19 10:20:05,155 [ByteArraySerializer:DEBUG] ... deserialized into
- nameArray:        ['notification', 'notifEvent', 'eventPathCreate']
- returnFields:     {'eventId': 8, 'source': [0, 23, 13, 0, 0, 49, 193, 161], 'direction': 2, 'dest': [0, 23, 13, 0, 0, 56, 6, 213]}
2019-04-19 10:20:08,364 [Crc:DEBUG] calculating for data=02-14-05-17-01-00-00-00-09-0a-00-17-0d-00-00-31-cc-40-00-17-0d-00-00-31-c1-a1-02
2019-04-19 10:20:08,365 [Crc:DEBUG] fcs=0x13a7
2019-04-19 10:20:08,365 [Hdlc:DEBUG] 
receivedFrame:
 - payload: 02 14 05 17 01 00 00 00 09 0a 00 17 0d 00 00 31 cc 40 00 17 0d 00 00 31 c1 a1 02
 - fcs:     13 a7
 - valid:   True
2019-04-19 10:20:08,365 [SerialConnector:DEBUG] cmdId=20 length=23 isResponse=False packetId=5 payload=[1, 0, 0, 0, 9, 10, 0, 23, 13, 0, 0, 49, 204, 64, 0, 23, 13, 0, 0, 49, 193, 161, 2]
2019-04-19 10:20:08,365 [SerialConnector:DEBUG] <--------- moteToPc DATA (5) ----------
2019-04-19 10:20:08,365 [SerialConnector:DEBUG] _sendInternal cmdId=20 retry=0 isResponse=True serializedFields=[0]
2019-04-19 10:20:08,365 [Crc:DEBUG] calculating for data=03-14-05-01-00
2019-04-19 10:20:08,365 [Crc:DEBUG] fcs=0x9343
2019-04-19 10:20:08,366 [Hdlc:DEBUG] 
packetToSend:
 - payload: 03 14 05 01 00
 - fcs:     93 43
 - valid:   True
2019-04-19 10:20:08,366 [SerialConnector:DEBUG] ---------- moteToPc ACK (5) after 0.001 ------->
2019-04-19 10:20:08,366 [SerialConnector:DEBUG] ack sent
2019-04-19 10:20:08,366 [ByteArraySerializer:DEBUG] deserialize ...
- type:             notification
- id:               20
- byteArray:        01-00-00-00-09-0a-00-17-0d-00-00-31-cc-40-00-17-0d-00-00-31-c1-a1-02
2019-04-19 10:20:08,366 [ByteArraySerializer:DEBUG] ... deserialized into
- nameArray:        ['notification', 'notifEvent', 'eventPathCreate']
- returnFields:     {'eventId': 9, 'source': [0, 23, 13, 0, 0, 49, 204, 64], 'direction': 2, 'dest': [0, 23, 13, 0, 0, 49, 193, 161]}
2019-04-19 10:20:11,100 [Crc:DEBUG] calculating for data=02-14-06-0e-01-00-00-00-0a-04-00-17-0d-00-00-31-c1-a1
2019-04-19 10:20:11,101 [Crc:DEBUG] fcs=0x76c2
2019-04-19 10:20:11,101 [Hdlc:DEBUG] 
receivedFrame:
 - payload: 02 14 06 0e 01 00 00 00 0a 04 00 17 0d 00 00 31 c1 a1
 - fcs:     76 c2
 - valid:   True
2019-04-19 10:20:11,101 [SerialConnector:DEBUG] cmdId=20 length=14 isResponse=False packetId=6 payload=[1, 0, 0, 0, 10, 4, 0, 23, 13, 0, 0, 49, 193, 161]
2019-04-19 10:20:11,101 [SerialConnector:DEBUG] <--------- moteToPc DATA (6) ----------
2019-04-19 10:20:11,101 [SerialConnector:DEBUG] _sendInternal cmdId=20 retry=0 isResponse=True serializedFields=[0]
2019-04-19 10:20:11,101 [Crc:DEBUG] calculating for data=03-14-06-01-00
2019-04-19 10:20:11,101 [Crc:DEBUG] fcs=0xf7ac
2019-04-19 10:20:11,101 [Hdlc:DEBUG] 
packetToSend:
 - payload: 03 14 06 01 00
 - fcs:     f7 ac
 - valid:   True
2019-04-19 10:20:11,101 [SerialConnector:DEBUG] ---------- moteToPc ACK (6) after 0.000 ------->
2019-04-19 10:20:11,101 [SerialConnector:DEBUG] ack sent
2019-04-19 10:20:11,101 [ByteArraySerializer:DEBUG] deserialize ...
- type:             notification
- id:               20
- byteArray:        01-00-00-00-0a-04-00-17-0d-00-00-31-c1-a1
2019-04-19 10:20:11,101 [ByteArraySerializer:DEBUG] ... deserialized into
- nameArray:        ['notification', 'notifEvent', 'eventMoteOperational']
- returnFields:     {'eventId': 10, 'macAddress': [0, 23, 13, 0, 0, 49, 193, 161]}
2019-04-19 10:20:16,475 [Crc:DEBUG] calculating for data=00-14-00-34-04-00-00-00-00-3d-22-75-94-00-0d-1e-66-00-17-0d-00-00-31-cc-40-f0-b9-f0-b9-00-02-05-00-ff-01-05-00-00-00-00-3d-22-75-94-00-0d-36-4e-00-00-75-30-01-10-09-87
2019-04-19 10:20:16,475 [Crc:DEBUG] fcs=0x864a
2019-04-19 10:20:16,476 [Hdlc:DEBUG] 
receivedFrame:
 - payload: 00 14 00 34 04 00 00 00 00 3d 22 75 94 00 0d 1e 66 00 17 0d 00 00 31 cc 40 f0 b9 f0 b9 00 02 05 00 ff 01 05 00 00 00 00 3d 22 75 94 00 0d 36 4e 00 00 75 30 01 10 09 87
 - fcs:     86 4a
 - valid:   True
2019-04-19 10:20:16,476 [SerialConnector:DEBUG] cmdId=20 length=52 isResponse=False packetId=0 payload=[4, 0, 0, 0, 0, 61, 34, 117, 148, 0, 13, 30, 102, 0, 23, 13, 0, 0, 49, 204, 64, 240, 185, 240, 185, 0, 2, 5, 0, 255, 1, 5, 0, 0, 0, 0, 61, 34, 117, 148, 0, 13, 54, 78, 0, 0, 117, 48, 1, 16, 9, 135]
2019-04-19 10:20:16,476 [SerialConnector:DEBUG] <--------- moteToPc DATA (0) ----------
2019-04-19 10:20:16,476 [SerialConnector:DEBUG] no ack needed
2019-04-19 10:20:16,476 [ByteArraySerializer:DEBUG] deserialize ...
- type:             notification
- id:               20
- byteArray:        04-00-00-00-00-3d-22-75-94-00-0d-1e-66-00-17-0d-00-00-31-cc-40-f0-b9-f0-b9-00-02-05-00-ff-01-05-00-00-00-00-3d-22-75-94-00-0d-36-4e-00-00-75-30-01-10-09-87
2019-04-19 10:20:16,477 [ByteArraySerializer:DEBUG] ... deserialized into
- nameArray:        ['notification', 'notifData']
- returnFields:     {'macAddress': [0, 23, 13, 0, 0, 49, 204, 64], 'srcPort': 61625, 'utcUsecs': 859750, 'utcSecs': 1025668500, 'dstPort': 61625, 'data': [0, 2, 5, 0, 255, 1, 5, 0, 0, 0, 0, 61, 34, 117, 148, 0, 13, 54, 78, 0, 0, 117, 48, 1, 16, 9, 135]}
2019-04-19 10:20:25,022 [Crc:DEBUG] calculating for data=00-14-00-34-04-00-00-00-00-3d-22-75-9d-00-0c-14-c6-00-17-0d-00-00-31-c1-a1-f0-b9-f0-b9-00-00-05-00-ff-01-05-00-00-00-00-3d-22-75-9d-00-0c-27-10-00-00-75-30-01-10-09-c4
2019-04-19 10:20:25,023 [Crc:DEBUG] fcs=0x86 2
2019-04-19 10:20:25,023 [Hdlc:DEBUG] 
receivedFrame:
 - payload: 00 14 00 34 04 00 00 00 00 3d 22 75 9d 00 0c 14 c6 00 17 0d 00 00 31 c1 a1 f0 b9 f0 b9 00 00 05 00 ff 01 05 00 00 00 00 3d 22 75 9d 00 0c 27 10 00 00 75 30 01 10 09 c4
 - fcs:     86 02
 - valid:   True
2019-04-19 10:20:25,023 [SerialConnector:DEBUG] cmdId=20 length=52 isResponse=False packetId=0 payload=[4, 0, 0, 0, 0, 61, 34, 117, 157, 0, 12, 20, 198, 0, 23, 13, 0, 0, 49, 193, 161, 240, 185, 240, 185, 0, 0, 5, 0, 255, 1, 5, 0, 0, 0, 0, 61, 34, 117, 157, 0, 12, 39, 16, 0, 0, 117, 48, 1, 16, 9, 196]
2019-04-19 10:20:25,023 [SerialConnector:DEBUG] <--------- moteToPc DATA (0) ----------
2019-04-19 10:20:25,023 [SerialConnector:DEBUG] no ack needed
2019-04-19 10:20:25,024 [ByteArraySerializer:DEBUG] deserialize ...
- type:             notification
- id:               20
- byteArray:        04-00-00-00-00-3d-22-75-9d-00-0c-14-c6-00-17-0d-00-00-31-c1-a1-f0-b9-f0-b9-00-00-05-00-ff-01-05-00-00-00-00-3d-22-75-9d-00-0c-27-10-00-00-75-30-01-10-09-c4
2019-04-19 10:20:25,024 [ByteArraySerializer:DEBUG] ... deserialized into
- nameArray:        ['notification', 'notifData']
- returnFields:     {'macAddress': [0, 23, 13, 0, 0, 49, 193, 161], 'srcPort': 61625, 'utcUsecs': 791750, 'utcSecs': 1025668509, 'dstPort': 61625, 'data': [0, 0, 5, 0, 255, 1, 5, 0, 0, 0, 0, 61, 34, 117, 157, 0, 12, 39, 16, 0, 0, 117, 48, 1, 16, 9, 196]}
2019-04-19 10:20:46,169 [Crc:DEBUG] calculating for data=00-14-00-34-04-00-00-00-00-3d-22-75-b2-00-0d-20-5a-00-17-0d-00-00-31-cc-40-f0-b9-f0-b9-00-02-05-00-ff-01-05-00-00-00-00-3d-22-75-b2-00-0d-35-fc-00-00-75-30-01-10-09-87
2019-04-19 10:20:46,170 [Crc:DEBUG] fcs=0xae5a
2019-04-19 10:20:46,170 [Hdlc:DEBUG] 
receivedFrame:
 - payload: 00 14 00 34 04 00 00 00 00 3d 22 75 b2 00 0d 20 5a 00 17 0d 00 00 31 cc 40 f0 b9 f0 b9 00 02 05 00 ff 01 05 00 00 00 00 3d 22 75 b2 00 0d 35 fc 00 00 75 30 01 10 09 87
 - fcs:     ae 5a
 - valid:   True
2019-04-19 10:20:46,170 [SerialConnector:DEBUG] cmdId=20 length=52 isResponse=False packetId=0 payload=[4, 0, 0, 0, 0, 61, 34, 117, 178, 0, 13, 32, 90, 0, 23, 13, 0, 0, 49, 204, 64, 240, 185, 240, 185, 0, 2, 5, 0, 255, 1, 5, 0, 0, 0, 0, 61, 34, 117, 178, 0, 13, 53, 252, 0, 0, 117, 48, 1, 16, 9, 135]
2019-04-19 10:20:46,170 [SerialConnector:DEBUG] <--------- moteToPc DATA (0) ----------
2019-04-19 10:20:46,170 [SerialConnector:DEBUG] no ack needed
2019-04-19 10:20:46,170 [ByteArraySerializer:DEBUG] deserialize ...
- type:             notification
- id:               20
- byteArray:        04-00-00-00-00-3d-22-75-b2-00-0d-20-5a-00-17-0d-00-00-31-cc-40-f0-b9-f0-b9-00-02-05-00-ff-01-05-00-00-00-00-3d-22-75-b2-00-0d-35-fc-00-00-75-30-01-10-09-87
2019-04-19 10:20:46,170 [ByteArraySerializer:DEBUG] ... deserialized into
- nameArray:        ['notification', 'notifData']
- returnFields:     {'macAddress': [0, 23, 13, 0, 0, 49, 204, 64], 'srcPort': 61625, 'utcUsecs': 860250, 'utcSecs': 1025668530, 'dstPort': 61625, 'data': [0, 2, 5, 0, 255, 1, 5, 0, 0, 0, 0, 61, 34, 117, 178, 0, 13, 53, 252, 0, 0, 117, 48, 1, 16, 9, 135]}
2019-04-19 10:20:55,646 [Crc:DEBUG] calculating for data=00-14-00-34-04-00-00-00-00-3d-22-75-bb-00-0c-16-ba-00-17-0d-00-00-31-c1-a1-f0-b9-f0-b9-00-00-05-00-ff-01-05-00-00-00-00-3d-22-75-bb-00-0c-27-e9-00-00-75-30-01-10-09-d8
2019-04-19 10:20:55,647 [Crc:DEBUG] fcs=0x9f3e
2019-04-19 10:20:55,647 [Hdlc:DEBUG] 
receivedFrame:
 - payload: 00 14 00 34 04 00 00 00 00 3d 22 75 bb 00 0c 16 ba 00 17 0d 00 00 31 c1 a1 f0 b9 f0 b9 00 00 05 00 ff 01 05 00 00 00 00 3d 22 75 bb 00 0c 27 e9 00 00 75 30 01 10 09 d8
 - fcs:     9f 3e
 - valid:   True
2019-04-19 10:20:55,647 [SerialConnector:DEBUG] cmdId=20 length=52 isResponse=False packetId=0 payload=[4, 0, 0, 0, 0, 61, 34, 117, 187, 0, 12, 22, 186, 0, 23, 13, 0, 0, 49, 193, 161, 240, 185, 240, 185, 0, 0, 5, 0, 255, 1, 5, 0, 0, 0, 0, 61, 34, 117, 187, 0, 12, 39, 233, 0, 0, 117, 48, 1, 16, 9, 216]
2019-04-19 10:20:55,648 [SerialConnector:DEBUG] <--------- moteToPc DATA (0) ----------
2019-04-19 10:20:55,648 [SerialConnector:DEBUG] no ack needed
2019-04-19 10:20:55,648 [ByteArraySerializer:DEBUG] deserialize ...
- type:             notification
- id:               20
- byteArray:        04-00-00-00-00-3d-22-75-bb-00-0c-16-ba-00-17-0d-00-00-31-c1-a1-f0-b9-f0-b9-00-00-05-00-ff-01-05-00-00-00-00-3d-22-75-bb-00-0c-27-e9-00-00-75-30-01-10-09-d8
2019-04-19 10:20:55,648 [ByteArraySerializer:DEBUG] ... deserialized into
- nameArray:        ['notification', 'notifData']
- returnFields:     {'macAddress': [0, 23, 13, 0, 0, 49, 193, 161], 'srcPort': 61625, 'utcUsecs': 792250, 'utcSecs': 1025668539, 'dstPort': 61625, 'data': [0, 0, 5, 0, 255, 1, 5, 0, 0, 0, 0, 61, 34, 117, 187, 0, 12, 39, 233, 0, 0, 117, 48, 1, 16, 9, 216]}
2019-04-19 10:21:17,139 [Crc:DEBUG] calculating for data=02-14-07-17-01-00-00-00-0b-0b-00-17-0d-00-00-38-06-d5-00-17-0d-00-00-31-cc-40-02
2019-04-19 10:21:17,139 [Crc:DEBUG] fcs=0x8f5d
2019-04-19 10:21:17,140 [Hdlc:DEBUG] 
receivedFrame:
 - payload: 02 14 07 17 01 00 00 00 0b 0b 00 17 0d 00 00 38 06 d5 00 17 0d 00 00 31 cc 40 02
 - fcs:     8f 5d
 - valid:   True
2019-04-19 10:21:17,140 [SerialConnector:DEBUG] cmdId=20 length=23 isResponse=False packetId=7 payload=[1, 0, 0, 0, 11, 11, 0, 23, 13, 0, 0, 56, 6, 213, 0, 23, 13, 0, 0, 49, 204, 64, 2]
2019-04-19 10:21:17,140 [SerialConnector:DEBUG] <--------- moteToPc DATA (7) ----------
2019-04-19 10:21:17,140 [SerialConnector:DEBUG] _sendInternal cmdId=20 retry=0 isResponse=True serializedFields=[0]
2019-04-19 10:21:17,140 [Crc:DEBUG] calculating for data=03-14-07-01-00
2019-04-19 10:21:17,140 [Crc:DEBUG] fcs=0x2bf6
2019-04-19 10:21:17,140 [Hdlc:DEBUG] 
packetToSend:
 - payload: 03 14 07 01 00
 - fcs:     2b f6
 - valid:   True
2019-04-19 10:21:17,140 [SerialConnector:DEBUG] ---------- moteToPc ACK (7) after 0.000 ------->
2019-04-19 10:21:17,140 [SerialConnector:DEBUG] ack sent
2019-04-19 10:21:17,140 [ByteArraySerializer:DEBUG] deserialize ...
- type:             notification
- id:               20
- byteArray:        01-00-00-00-0b-0b-00-17-0d-00-00-38-06-d5-00-17-0d-00-00-31-cc-40-02
2019-04-19 10:21:17,140 [ByteArraySerializer:DEBUG] ... deserialized into
- nameArray:        ['notification', 'notifEvent', 'eventPathDelete']
- returnFields:     {'eventId': 11, 'source': [0, 23, 13, 0, 0, 56, 6, 213], 'direction': 2, 'dest': [0, 23, 13, 0, 0, 49, 204, 64]}
2019-04-19 10:21:17,146 [Crc:DEBUG] calculating for data=02-14-08-17-01-00-00-00-0c-0b-00-17-0d-00-00-31-c1-a1-00-17-0d-00-00-31-cc-40-02
2019-04-19 10:21:17,146 [Crc:DEBUG] fcs=0xbb6c
2019-04-19 10:21:17,146 [Hdlc:DEBUG] 
receivedFrame:
 - payload: 02 14 08 17 01 00 00 00 0c 0b 00 17 0d 00 00 31 c1 a1 00 17 0d 00 00 31 cc 40 02
 - fcs:     bb 6c
 - valid:   True
2019-04-19 10:21:17,146 [SerialConnector:DEBUG] cmdId=20 length=23 isResponse=False packetId=8 payload=[1, 0, 0, 0, 12, 11, 0, 23, 13, 0, 0, 49, 193, 161, 0, 23, 13, 0, 0, 49, 204, 64, 2]
2019-04-19 10:21:17,146 [SerialConnector:DEBUG] <--------- moteToPc DATA (8) ----------
2019-04-19 10:21:17,146 [SerialConnector:DEBUG] _sendInternal cmdId=20 retry=0 isResponse=True serializedFields=[0]
2019-04-19 10:21:17,147 [Crc:DEBUG] calculating for data=03-14-08-01-00
2019-04-19 10:21:17,147 [Crc:DEBUG] fcs=0xecbc
2019-04-19 10:21:17,147 [Hdlc:DEBUG] 
packetToSend:
 - payload: 03 14 08 01 00
 - fcs:     ec bc
 - valid:   True
2019-04-19 10:21:17,147 [SerialConnector:DEBUG] ---------- moteToPc ACK (8) after 0.000 ------->
2019-04-19 10:21:17,147 [SerialConnector:DEBUG] ack sent
2019-04-19 10:21:17,147 [ByteArraySerializer:DEBUG] deserialize ...
- type:             notification
- id:               20
- byteArray:        01-00-00-00-0c-0b-00-17-0d-00-00-31-c1-a1-00-17-0d-00-00-31-cc-40-02
2019-04-19 10:21:17,147 [ByteArraySerializer:DEBUG] ... deserialized into
- nameArray:        ['notification', 'notifEvent', 'eventPathDelete']
- returnFields:     {'eventId': 12, 'source': [0, 23, 13, 0, 0, 49, 193, 161], 'direction': 2, 'dest': [0, 23, 13, 0, 0, 49, 204, 64]}
2019-04-19 10:21:17,152 [Crc:DEBUG] calculating for data=02-14-09-0e-01-00-00-00-0d-03-00-17-0d-00-00-31-cc-40
2019-04-19 10:21:17,152 [Crc:DEBUG] fcs=0x194b
2019-04-19 10:21:17,152 [Hdlc:DEBUG] 
receivedFrame:
 - payload: 02 14 09 0e 01 00 00 00 0d 03 00 17 0d 00 00 31 cc 40
 - fcs:     19 4b
 - valid:   True
2019-04-19 10:21:17,153 [SerialConnector:DEBUG] cmdId=20 length=14 isResponse=False packetId=9 payload=[1, 0, 0, 0, 13, 3, 0, 23, 13, 0, 0, 49, 204, 64]
2019-04-19 10:21:17,153 [SerialConnector:DEBUG] <--------- moteToPc DATA (9) ----------
2019-04-19 10:21:17,153 [SerialConnector:DEBUG] _sendInternal cmdId=20 retry=0 isResponse=True serializedFields=[0]
2019-04-19 10:21:17,153 [Crc:DEBUG] calculating for data=03-14-09-01-00
2019-04-19 10:21:17,153 [Crc:DEBUG] fcs=0x30e6
2019-04-19 10:21:17,153 [Hdlc:DEBUG] 
packetToSend:
 - payload: 03 14 09 01 00
 - fcs:     30 e6
 - valid:   True
2019-04-19 10:21:17,153 [SerialConnector:DEBUG] ---------- moteToPc ACK (9) after 0.000 ------->
2019-04-19 10:21:17,153 [SerialConnector:DEBUG] ack sent
2019-04-19 10:21:17,153 [ByteArraySerializer:DEBUG] deserialize ...
- type:             notification
- id:               20
- byteArray:        01-00-00-00-0d-03-00-17-0d-00-00-31-cc-40
2019-04-19 10:21:17,153 [ByteArraySerializer:DEBUG] ... deserialized into
- nameArray:        ['notification', 'notifEvent', 'eventMoteJoin']
- returnFields:     {'eventId': 13, 'macAddress': [0, 23, 13, 0, 0, 49, 204, 64]}
2019-04-19 10:21:19,393 [Crc:DEBUG] calculating for data=02-14-0a-17-01-00-00-00-0e-0a-00-17-0d-00-00-31-cc-40-00-17-0d-00-00-38-06-d5-02
2019-04-19 10:21:19,393 [Crc:DEBUG] fcs=0x3e91
2019-04-19 10:21:19,393 [Hdlc:DEBUG] 
receivedFrame:
 - payload: 02 14 0a 17 01 00 00 00 0e 0a 00 17 0d 00 00 31 cc 40 00 17 0d 00 00 38 06 d5 02
 - fcs:     3e 91
 - valid:   True
2019-04-19 10:21:19,393 [SerialConnector:DEBUG] cmdId=20 length=23 isResponse=False packetId=10 payload=[1, 0, 0, 0, 14, 10, 0, 23, 13, 0, 0, 49, 204, 64, 0, 23, 13, 0, 0, 56, 6, 213, 2]
2019-04-19 10:21:19,393 [SerialConnector:DEBUG] <--------- moteToPc DATA (10) ----------
2019-04-19 10:21:19,394 [SerialConnector:DEBUG] _sendInternal cmdId=20 retry=0 isResponse=True serializedFields=[0]
2019-04-19 10:21:19,394 [Crc:DEBUG] calculating for data=03-14-0a-01-00
2019-04-19 10:21:19,394 [Crc:DEBUG] fcs=0x54 9
2019-04-19 10:21:19,394 [Hdlc:DEBUG] 
packetToSend:
 - payload: 03 14 0a 01 00
 - fcs:     54 09
 - valid:   True
2019-04-19 10:21:19,394 [SerialConnector:DEBUG] ---------- moteToPc ACK (10) after 0.000 ------->
2019-04-19 10:21:19,394 [SerialConnector:DEBUG] ack sent
2019-04-19 10:21:19,394 [ByteArraySerializer:DEBUG] deserialize ...
- type:             notification
- id:               20
- byteArray:        01-00-00-00-0e-0a-00-17-0d-00-00-31-cc-40-00-17-0d-00-00-38-06-d5-02
2019-04-19 10:21:19,394 [ByteArraySerializer:DEBUG] ... deserialized into
- nameArray:        ['notification', 'notifEvent', 'eventPathCreate']
- returnFields:     {'eventId': 14, 'source': [0, 23, 13, 0, 0, 49, 204, 64], 'direction': 2, 'dest': [0, 23, 13, 0, 0, 56, 6, 213]}
2019-04-19 10:21:24,736 [Crc:DEBUG] calculating for data=02-14-0b-0e-01-00-00-00-0f-04-00-17-0d-00-00-31-cc-40
2019-04-19 10:21:24,736 [Crc:DEBUG] fcs=0x84ee
2019-04-19 10:21:24,736 [Hdlc:DEBUG] 
receivedFrame:
 - payload: 02 14 0b 0e 01 00 00 00 0f 04 00 17 0d 00 00 31 cc 40
 - fcs:     84 ee
 - valid:   True
2019-04-19 10:21:24,736 [SerialConnector:DEBUG] cmdId=20 length=14 isResponse=False packetId=11 payload=[1, 0, 0, 0, 15, 4, 0, 23, 13, 0, 0, 49, 204, 64]
2019-04-19 10:21:24,736 [SerialConnector:DEBUG] <--------- moteToPc DATA (11) ----------
2019-04-19 10:21:24,736 [SerialConnector:DEBUG] _sendInternal cmdId=20 retry=0 isResponse=True serializedFields=[0]
2019-04-19 10:21:24,736 [Crc:DEBUG] calculating for data=03-14-0b-01-00
2019-04-19 10:21:24,737 [Crc:DEBUG] fcs=0x8853
2019-04-19 10:21:24,737 [Hdlc:DEBUG] 
packetToSend:
 - payload: 03 14 0b 01 00
 - fcs:     88 53
 - valid:   True
2019-04-19 10:21:24,737 [SerialConnector:DEBUG] ---------- moteToPc ACK (11) after 0.000 ------->
2019-04-19 10:21:24,737 [SerialConnector:DEBUG] ack sent
2019-04-19 10:21:24,737 [ByteArraySerializer:DEBUG] deserialize ...
- type:             notification
- id:               20
- byteArray:        01-00-00-00-0f-04-00-17-0d-00-00-31-cc-40
2019-04-19 10:21:24,737 [ByteArraySerializer:DEBUG] ... deserialized into
- nameArray:        ['notification', 'notifEvent', 'eventMoteOperational']
- returnFields:     {'eventId': 15, 'macAddress': [0, 23, 13, 0, 0, 49, 204, 64]}
2019-04-19 10:21:24,958 [Crc:DEBUG] calculating for data=02-14-0c-17-01-00-00-00-10-0b-00-17-0d-00-00-38-06-d5-00-17-0d-00-00-31-c1-a1-02
2019-04-19 10:21:24,958 [Crc:DEBUG] fcs=0x2b 6
2019-04-19 10:21:24,958 [Hdlc:DEBUG] 
receivedFrame:
 - payload: 02 14 0c 17 01 00 00 00 10 0b 00 17 0d 00 00 38 06 d5 00 17 0d 00 00 31 c1 a1 02
 - fcs:     2b 06
 - valid:   True
2019-04-19 10:21:24,958 [SerialConnector:DEBUG] cmdId=20 length=23 isResponse=False packetId=12 payload=[1, 0, 0, 0, 16, 11, 0, 23, 13, 0, 0, 56, 6, 213, 0, 23, 13, 0, 0, 49, 193, 161, 2]
2019-04-19 10:21:24,958 [SerialConnector:DEBUG] <--------- moteToPc DATA (12) ----------
2019-04-19 10:21:24,958 [SerialConnector:DEBUG] _sendInternal cmdId=20 retry=0 isResponse=True serializedFields=[0]
2019-04-19 10:21:24,958 [Crc:DEBUG] calculating for data=03-14-0c-01-00
2019-04-19 10:21:24,959 [Crc:DEBUG] fcs=0x8ddf
2019-04-19 10:21:24,959 [Hdlc:DEBUG] 
packetToSend:
 - payload: 03 14 0c 01 00
 - fcs:     8d df
 - valid:   True
2019-04-19 10:21:24,959 [SerialConnector:DEBUG] ---------- moteToPc ACK (12) after 0.001 ------->
2019-04-19 10:21:24,959 [SerialConnector:DEBUG] ack sent
2019-04-19 10:21:24,959 [ByteArraySerializer:DEBUG] deserialize ...
- type:             notification
- id:               20
- byteArray:        01-00-00-00-10-0b-00-17-0d-00-00-38-06-d5-00-17-0d-00-00-31-c1-a1-02
2019-04-19 10:21:24,959 [ByteArraySerializer:DEBUG] ... deserialized into
- nameArray:        ['notification', 'notifEvent', 'eventPathDelete']
- returnFields:     {'eventId': 16, 'source': [0, 23, 13, 0, 0, 56, 6, 213], 'direction': 2, 'dest': [0, 23, 13, 0, 0, 49, 193, 161]}
2019-04-19 10:21:24,968 [Crc:DEBUG] calculating for data=02-14-0d-0e-01-00-00-00-11-03-00-17-0d-00-00-31-c1-a1
2019-04-19 10:21:24,968 [Crc:DEBUG] fcs=0x632e
2019-04-19 10:21:24,969 [Hdlc:DEBUG] 
receivedFrame:
 - payload: 02 14 0d 0e 01 00 00 00 11 03 00 17 0d 00 00 31 c1 a1
 - fcs:     63 2e
 - valid:   True
2019-04-19 10:21:24,969 [SerialConnector:DEBUG] cmdId=20 length=14 isResponse=False packetId=13 payload=[1, 0, 0, 0, 17, 3, 0, 23, 13, 0, 0, 49, 193, 161]
2019-04-19 10:21:24,969 [SerialConnector:DEBUG] <--------- moteToPc DATA (13) ----------
2019-04-19 10:21:24,969 [SerialConnector:DEBUG] _sendInternal cmdId=20 retry=0 isResponse=True serializedFields=[0]
2019-04-19 10:21:24,969 [Crc:DEBUG] calculating for data=03-14-0d-01-00
2019-04-19 10:21:24,969 [Crc:DEBUG] fcs=0x5185
2019-04-19 10:21:24,969 [Hdlc:DEBUG] 
packetToSend:
 - payload: 03 14 0d 01 00
 - fcs:     51 85
 - valid:   True
2019-04-19 10:21:24,969 [SerialConnector:DEBUG] ---------- moteToPc ACK (13) after 0.000 ------->
2019-04-19 10:21:24,969 [SerialConnector:DEBUG] ack sent
2019-04-19 10:21:24,969 [ByteArraySerializer:DEBUG] deserialize ...
- type:             notification
- id:               20
- byteArray:        01-00-00-00-11-03-00-17-0d-00-00-31-c1-a1
2019-04-19 10:21:24,970 [ByteArraySerializer:DEBUG] ... deserialized into
- nameArray:        ['notification', 'notifEvent', 'eventMoteJoin']
- returnFields:     {'eventId': 17, 'macAddress': [0, 23, 13, 0, 0, 49, 193, 161]}
2019-04-19 10:21:26,817 [Crc:DEBUG] calculating for data=02-14-0e-17-01-00-00-00-12-0a-00-17-0d-00-00-31-c1-a1-00-17-0d-00-00-38-06-d5-02
2019-04-19 10:21:26,817 [Crc:DEBUG] fcs=0xa0df
2019-04-19 10:21:26,817 [Hdlc:DEBUG] 
receivedFrame:
 - payload: 02 14 0e 17 01 00 00 00 12 0a 00 17 0d 00 00 31 c1 a1 00 17 0d 00 00 38 06 d5 02
 - fcs:     a0 df
 - valid:   True
2019-04-19 10:21:26,817 [SerialConnector:DEBUG] cmdId=20 length=23 isResponse=False packetId=14 payload=[1, 0, 0, 0, 18, 10, 0, 23, 13, 0, 0, 49, 193, 161, 0, 23, 13, 0, 0, 56, 6, 213, 2]
2019-04-19 10:21:26,817 [SerialConnector:DEBUG] <--------- moteToPc DATA (14) ----------
2019-04-19 10:21:26,818 [SerialConnector:DEBUG] _sendInternal cmdId=20 retry=0 isResponse=True serializedFields=[0]
2019-04-19 10:21:26,818 [Crc:DEBUG] calculating for data=03-14-0e-01-00
2019-04-19 10:21:26,818 [Crc:DEBUG] fcs=0x356a
2019-04-19 10:21:26,818 [Hdlc:DEBUG] 
packetToSend:
 - payload: 03 14 0e 01 00
 - fcs:     35 6a
 - valid:   True
2019-04-19 10:21:26,818 [SerialConnector:DEBUG] ---------- moteToPc ACK (14) after 0.000 ------->
2019-04-19 10:21:26,818 [SerialConnector:DEBUG] ack sent
2019-04-19 10:21:26,818 [ByteArraySerializer:DEBUG] deserialize ...
- type:             notification
- id:               20
- byteArray:        01-00-00-00-12-0a-00-17-0d-00-00-31-c1-a1-00-17-0d-00-00-38-06-d5-02
2019-04-19 10:21:26,818 [ByteArraySerializer:DEBUG] ... deserialized into
- nameArray:        ['notification', 'notifEvent', 'eventPathCreate']
- returnFields:     {'eventId': 18, 'source': [0, 23, 13, 0, 0, 49, 193, 161], 'direction': 2, 'dest': [0, 23, 13, 0, 0, 56, 6, 213]}
2019-04-19 10:21:32,580 [Crc:DEBUG] calculating for data=02-14-0f-0e-01-00-00-00-13-04-00-17-0d-00-00-31-c1-a1
2019-04-19 10:21:32,581 [Crc:DEBUG] fcs=0xfe8b
2019-04-19 10:21:32,581 [Hdlc:DEBUG] 
receivedFrame:
 - payload: 02 14 0f 0e 01 00 00 00 13 04 00 17 0d 00 00 31 c1 a1
 - fcs:     fe 8b
 - valid:   True
2019-04-19 10:21:32,581 [SerialConnector:DEBUG] cmdId=20 length=14 isResponse=False packetId=15 payload=[1, 0, 0, 0, 19, 4, 0, 23, 13, 0, 0, 49, 193, 161]
2019-04-19 10:21:32,582 [SerialConnector:DEBUG] <--------- moteToPc DATA (15) ----------
2019-04-19 10:21:32,582 [SerialConnector:DEBUG] _sendInternal cmdId=20 retry=0 isResponse=True serializedFields=[0]
2019-04-19 10:21:32,582 [Crc:DEBUG] calculating for data=03-14-0f-01-00
2019-04-19 10:21:32,582 [Crc:DEBUG] fcs=0xe930
2019-04-19 10:21:32,582 [Hdlc:DEBUG] 
packetToSend:
 - payload: 03 14 0f 01 00
 - fcs:     e9 30
 - valid:   True
2019-04-19 10:21:32,583 [SerialConnector:DEBUG] ---------- moteToPc ACK (15) after 0.001 ------->
2019-04-19 10:21:32,583 [SerialConnector:DEBUG] ack sent
2019-04-19 10:21:32,583 [ByteArraySerializer:DEBUG] deserialize ...
- type:             notification
- id:               20
- byteArray:        01-00-00-00-13-04-00-17-0d-00-00-31-c1-a1
2019-04-19 10:21:32,583 [ByteArraySerializer:DEBUG] ... deserialized into
- nameArray:        ['notification', 'notifEvent', 'eventMoteOperational']
- returnFields:     {'eventId': 19, 'macAddress': [0, 23, 13, 0, 0, 49, 193, 161]}
2019-04-19 10:21:43,299 [Crc:DEBUG] calculating for data=00-14-00-34-04-00-00-00-00-3d-22-75-eb-00-08-40-4e-00-17-0d-00-00-31-cc-40-f0-b9-f0-b9-00-00-05-00-ff-01-05-00-00-00-00-3d-22-75-eb-00-08-4e-86-00-00-75-30-01-10-09-87
2019-04-19 10:21:43,300 [Crc:DEBUG] fcs=0xbc30
2019-04-19 10:21:43,300 [Hdlc:DEBUG] 
receivedFrame:
 - payload: 00 14 00 34 04 00 00 00 00 3d 22 75 eb 00 08 40 4e 00 17 0d 00 00 31 cc 40 f0 b9 f0 b9 00 00 05 00 ff 01 05 00 00 00 00 3d 22 75 eb 00 08 4e 86 00 00 75 30 01 10 09 87
 - fcs:     bc 30
 - valid:   True
2019-04-19 10:21:43,300 [SerialConnector:DEBUG] cmdId=20 length=52 isResponse=False packetId=0 payload=[4, 0, 0, 0, 0, 61, 34, 117, 235, 0, 8, 64, 78, 0, 23, 13, 0, 0, 49, 204, 64, 240, 185, 240, 185, 0, 0, 5, 0, 255, 1, 5, 0, 0, 0, 0, 61, 34, 117, 235, 0, 8, 78, 134, 0, 0, 117, 48, 1, 16, 9, 135]
2019-04-19 10:21:43,301 [SerialConnector:DEBUG] <--------- moteToPc DATA (0) ----------
2019-04-19 10:21:43,301 [SerialConnector:DEBUG] no ack needed
2019-04-19 10:21:43,301 [ByteArraySerializer:DEBUG] deserialize ...
- type:             notification
- id:               20
- byteArray:        04-00-00-00-00-3d-22-75-eb-00-08-40-4e-00-17-0d-00-00-31-cc-40-f0-b9-f0-b9-00-00-05-00-ff-01-05-00-00-00-00-3d-22-75-eb-00-08-4e-86-00-00-75-30-01-10-09-87
2019-04-19 10:21:43,302 [ByteArraySerializer:DEBUG] ... deserialized into
- nameArray:        ['notification', 'notifData']
- returnFields:     {'macAddress': [0, 23, 13, 0, 0, 49, 204, 64], 'srcPort': 61625, 'utcUsecs': 540750, 'utcSecs': 1025668587, 'dstPort': 61625, 'data': [0, 0, 5, 0, 255, 1, 5, 0, 0, 0, 0, 61, 34, 117, 235, 0, 8, 78, 134, 0, 0, 117, 48, 1, 16, 9, 135]}
2019-04-19 10:21:49,288 [Crc:DEBUG] calculating for data=00-14-00-34-04-00-00-00-00-3d-22-75-f1-00-0e-d2-ec-00-17-0d-00-00-31-c1-a1-f0-b9-f0-b9-00-00-05-00-ff-01-05-00-00-00-00-3d-22-75-f1-00-0e-dd-aa-00-00-75-30-01-10-09-ec
2019-04-19 10:21:49,288 [Crc:DEBUG] fcs=0x21ed
2019-04-19 10:21:49,288 [Hdlc:DEBUG] 
receivedFrame:
 - payload: 00 14 00 34 04 00 00 00 00 3d 22 75 f1 00 0e d2 ec 00 17 0d 00 00 31 c1 a1 f0 b9 f0 b9 00 00 05 00 ff 01 05 00 00 00 00 3d 22 75 f1 00 0e dd aa 00 00 75 30 01 10 09 ec
 - fcs:     21 ed
 - valid:   True
2019-04-19 10:21:49,289 [SerialConnector:DEBUG] cmdId=20 length=52 isResponse=False packetId=0 payload=[4, 0, 0, 0, 0, 61, 34, 117, 241, 0, 14, 210, 236, 0, 23, 13, 0, 0, 49, 193, 161, 240, 185, 240, 185, 0, 0, 5, 0, 255, 1, 5, 0, 0, 0, 0, 61, 34, 117, 241, 0, 14, 221, 170, 0, 0, 117, 48, 1, 16, 9, 236]
2019-04-19 10:21:49,289 [SerialConnector:DEBUG] <--------- moteToPc DATA (0) ----------
2019-04-19 10:21:49,289 [SerialConnector:DEBUG] no ack needed
2019-04-19 10:21:49,289 [ByteArraySerializer:DEBUG] deserialize ...
- type:             notification
- id:               20
- byteArray:        04-00-00-00-00-3d-22-75-f1-00-0e-d2-ec-00-17-0d-00-00-31-c1-a1-f0-b9-f0-b9-00-00-05-00-ff-01-05-00-00-00-00-3d-22-75-f1-00-0e-dd-aa-00-00-75-30-01-10-09-ec
2019-04-19 10:21:49,290 [ByteArraySerializer:DEBUG] ... deserialized into
- nameArray:        ['notification', 'notifData']
- returnFields:     {'macAddress': [0, 23, 13, 0, 0, 49, 193, 161], 'srcPort': 61625, 'utcUsecs': 971500, 'utcSecs': 1025668593, 'dstPort': 61625, 'data': [0, 0, 5, 0, 255, 1, 5, 0, 0, 0, 0, 61, 34, 117, 241, 0, 14, 221, 170, 0, 0, 117, 48, 1, 16, 9, 236]}
2019-04-19 10:22:12,994 [Crc:DEBUG] calculating for data=00-14-00-34-04-00-00-00-00-3d-22-76-09-00-08-42-42-00-17-0d-00-00-31-cc-40-f0-b9-f0-b9-00-00-05-00-ff-01-05-00-00-00-00-3d-22-76-09-00-08-4f-1e-00-00-75-30-01-10-09-87
2019-04-19 10:22:12,994 [Crc:DEBUG] fcs=0x934b
2019-04-19 10:22:12,995 [Hdlc:DEBUG] 
receivedFrame:
 - payload: 00 14 00 34 04 00 00 00 00 3d 22 76 09 00 08 42 42 00 17 0d 00 00 31 cc 40 f0 b9 f0 b9 00 00 05 00 ff 01 05 00 00 00 00 3d 22 76 09 00 08 4f 1e 00 00 75 30 01 10 09 87
 - fcs:     93 4b
 - valid:   True
2019-04-19 10:22:12,995 [SerialConnector:DEBUG] cmdId=20 length=52 isResponse=False packetId=0 payload=[4, 0, 0, 0, 0, 61, 34, 118, 9, 0, 8, 66, 66, 0, 23, 13, 0, 0, 49, 204, 64, 240, 185, 240, 185, 0, 0, 5, 0, 255, 1, 5, 0, 0, 0, 0, 61, 34, 118, 9, 0, 8, 79, 30, 0, 0, 117, 48, 1, 16, 9, 135]
2019-04-19 10:22:12,995 [SerialConnector:DEBUG] <--------- moteToPc DATA (0) ----------
2019-04-19 10:22:12,995 [SerialConnector:DEBUG] no ack needed
2019-04-19 10:22:12,995 [ByteArraySerializer:DEBUG] deserialize ...
- type:             notification
- id:               20
- byteArray:        04-00-00-00-00-3d-22-76-09-00-08-42-42-00-17-0d-00-00-31-cc-40-f0-b9-f0-b9-00-00-05-00-ff-01-05-00-00-00-00-3d-22-76-09-00-08-4f-1e-00-00-75-30-01-10-09-87
2019-04-19 10:22:12,995 [ByteArraySerializer:DEBUG] ... deserialized into
- nameArray:        ['notification', 'notifData']
- returnFields:     {'macAddress': [0, 23, 13, 0, 0, 49, 204, 64], 'srcPort': 61625, 'utcUsecs': 541250, 'utcSecs': 1025668617, 'dstPort': 61625, 'data': [0, 0, 5, 0, 255, 1, 5, 0, 0, 0, 0, 61, 34, 118, 9, 0, 8, 79, 30, 0, 0, 117, 48, 1, 16, 9, 135]}
2019-04-19 10:22:19,911 [Crc:DEBUG] calculating for data=00-14-00-34-04-00-00-00-00-3d-22-76-0f-00-0e-d4-e0-00-17-0d-00-00-31-c1-a1-f0-b9-f0-b9-00-00-05-00-ff-01-05-00-00-00-00-3d-22-76-0f-00-0e-de-41-00-00-75-30-01-10-09-ec
2019-04-19 10:22:19,912 [Crc:DEBUG] fcs=0x418b
2019-04-19 10:22:19,912 [Hdlc:DEBUG] 
receivedFrame:
 - payload: 00 14 00 34 04 00 00 00 00 3d 22 76 0f 00 0e d4 e0 00 17 0d 00 00 31 c1 a1 f0 b9 f0 b9 00 00 05 00 ff 01 05 00 00 00 00 3d 22 76 0f 00 0e de 41 00 00 75 30 01 10 09 ec
 - fcs:     41 8b
 - valid:   True
2019-04-19 10:22:19,912 [SerialConnector:DEBUG] cmdId=20 length=52 isResponse=False packetId=0 payload=[4, 0, 0, 0, 0, 61, 34, 118, 15, 0, 14, 212, 224, 0, 23, 13, 0, 0, 49, 193, 161, 240, 185, 240, 185, 0, 0, 5, 0, 255, 1, 5, 0, 0, 0, 0, 61, 34, 118, 15, 0, 14, 222, 65, 0, 0, 117, 48, 1, 16, 9, 236]
2019-04-19 10:22:19,912 [SerialConnector:DEBUG] <--------- moteToPc DATA (0) ----------
2019-04-19 10:22:19,913 [SerialConnector:DEBUG] no ack needed
2019-04-19 10:22:19,913 [ByteArraySerializer:DEBUG] deserialize ...
- type:             notification
- id:               20
- byteArray:        04-00-00-00-00-3d-22-76-0f-00-0e-d4-e0-00-17-0d-00-00-31-c1-a1-f0-b9-f0-b9-00-00-05-00-ff-01-05-00-00-00-00-3d-22-76-0f-00-0e-de-41-00-00-75-30-01-10-09-ec
2019-04-19 10:22:19,913 [ByteArraySerializer:DEBUG] ... deserialized into
- nameArray:        ['notification', 'notifData']
- returnFields:     {'macAddress': [0, 23, 13, 0, 0, 49, 193, 161], 'srcPort': 61625, 'utcUsecs': 972000, 'utcSecs': 1025668623, 'dstPort': 61625, 'data': [0, 0, 5, 0, 255, 1, 5, 0, 0, 0, 0, 61, 34, 118, 15, 0, 14, 222, 65, 0, 0, 117, 48, 1, 16, 9, 236]}
2019-04-19 10:22:43,618 [Crc:DEBUG] calculating for data=00-14-00-34-04-00-00-00-00-3d-22-76-27-00-08-44-36-00-17-0d-00-00-31-cc-40-f0-b9-f0-b9-00-00-05-00-ff-01-05-00-00-00-00-3d-22-76-27-00-08-4f-08-00-00-75-30-01-10-09-87
2019-04-19 10:22:43,618 [Crc:DEBUG] fcs=0x78fb
2019-04-19 10:22:43,619 [Hdlc:DEBUG] 
receivedFrame:
 - payload: 00 14 00 34 04 00 00 00 00 3d 22 76 27 00 08 44 36 00 17 0d 00 00 31 cc 40 f0 b9 f0 b9 00 00 05 00 ff 01 05 00 00 00 00 3d 22 76 27 00 08 4f 08 00 00 75 30 01 10 09 87
 - fcs:     78 fb
 - valid:   True
2019-04-19 10:22:43,619 [SerialConnector:DEBUG] cmdId=20 length=52 isResponse=False packetId=0 payload=[4, 0, 0, 0, 0, 61, 34, 118, 39, 0, 8, 68, 54, 0, 23, 13, 0, 0, 49, 204, 64, 240, 185, 240, 185, 0, 0, 5, 0, 255, 1, 5, 0, 0, 0, 0, 61, 34, 118, 39, 0, 8, 79, 8, 0, 0, 117, 48, 1, 16, 9, 135]
2019-04-19 10:22:43,619 [SerialConnector:DEBUG] <--------- moteToPc DATA (0) ----------
2019-04-19 10:22:43,619 [SerialConnector:DEBUG] no ack needed
2019-04-19 10:22:43,620 [ByteArraySerializer:DEBUG] deserialize ...
- type:             notification
- id:               20
- byteArray:        04-00-00-00-00-3d-22-76-27-00-08-44-36-00-17-0d-00-00-31-cc-40-f0-b9-f0-b9-00-00-05-00-ff-01-05-00-00-00-00-3d-22-76-27-00-08-4f-08-00-00-75-30-01-10-09-87
2019-04-19 10:22:43,620 [ByteArraySerializer:DEBUG] ... deserialized into
- nameArray:        ['notification', 'notifData']
- returnFields:     {'macAddress': [0, 23, 13, 0, 0, 49, 204, 64], 'srcPort': 61625, 'utcUsecs': 541750, 'utcSecs': 1025668647, 'dstPort': 61625, 'data': [0, 0, 5, 0, 255, 1, 5, 0, 0, 0, 0, 61, 34, 118, 39, 0, 8, 79, 8, 0, 0, 117, 48, 1, 16, 9, 135]}
2019-04-19 10:22:49,606 [Crc:DEBUG] calculating for data=00-14-00-34-04-00-00-00-00-3d-22-76-2d-00-0e-d6-d4-00-17-0d-00-00-31-c1-a1-f0-b9-f0-b9-00-00-05-00-ff-01-05-00-00-00-00-3d-22-76-2d-00-0e-de-70-00-00-75-30-01-10-09-ec
2019-04-19 10:22:49,607 [Crc:DEBUG] fcs=0x22d0
2019-04-19 10:22:49,607 [Hdlc:DEBUG] 
receivedFrame:
 - payload: 00 14 00 34 04 00 00 00 00 3d 22 76 2d 00 0e d6 d4 00 17 0d 00 00 31 c1 a1 f0 b9 f0 b9 00 00 05 00 ff 01 05 00 00 00 00 3d 22 76 2d 00 0e de 70 00 00 75 30 01 10 09 ec
 - fcs:     22 d0
 - valid:   True
2019-04-19 10:22:49,607 [SerialConnector:DEBUG] cmdId=20 length=52 isResponse=False packetId=0 payload=[4, 0, 0, 0, 0, 61, 34, 118, 45, 0, 14, 214, 212, 0, 23, 13, 0, 0, 49, 193, 161, 240, 185, 240, 185, 0, 0, 5, 0, 255, 1, 5, 0, 0, 0, 0, 61, 34, 118, 45, 0, 14, 222, 112, 0, 0, 117, 48, 1, 16, 9, 236]
2019-04-19 10:22:49,607 [SerialConnector:DEBUG] <--------- moteToPc DATA (0) ----------
2019-04-19 10:22:49,607 [SerialConnector:DEBUG] no ack needed
2019-04-19 10:22:49,607 [ByteArraySerializer:DEBUG] deserialize ...
- type:             notification
- id:               20
- byteArray:        04-00-00-00-00-3d-22-76-2d-00-0e-d6-d4-00-17-0d-00-00-31-c1-a1-f0-b9-f0-b9-00-00-05-00-ff-01-05-00-00-00-00-3d-22-76-2d-00-0e-de-70-00-00-75-30-01-10-09-ec
2019-04-19 10:22:49,608 [ByteArraySerializer:DEBUG] ... deserialized into
- nameArray:        ['notification', 'notifData']
- returnFields:     {'macAddress': [0, 23, 13, 0, 0, 49, 193, 161], 'srcPort': 61625, 'utcUsecs': 972500, 'utcSecs': 1025668653, 'dstPort': 61625, 'data': [0, 0, 5, 0, 255, 1, 5, 0, 0, 0, 0, 61, 34, 118, 45, 0, 14, 222, 112, 0, 0, 117, 48, 1, 16, 9, 236]}
2019-04-19 10:23:13,314 [Crc:DEBUG] calculating for data=00-14-00-34-04-00-00-00-00-3d-22-76-45-00-08-46-2a-00-17-0d-00-00-31-cc-40-f0-b9-f0-b9-00-00-05-00-ff-01-05-00-00-00-00-3d-22-76-45-00-08-4f-12-00-00-75-30-01-10-09-b0
2019-04-19 10:23:13,314 [Crc:DEBUG] fcs=0xf27d
2019-04-19 10:23:13,315 [Hdlc:DEBUG] 
receivedFrame:
 - payload: 00 14 00 34 04 00 00 00 00 3d 22 76 45 00 08 46 2a 00 17 0d 00 00 31 cc 40 f0 b9 f0 b9 00 00 05 00 ff 01 05 00 00 00 00 3d 22 76 45 00 08 4f 12 00 00 75 30 01 10 09 b0
 - fcs:     f2 7d
 - valid:   True
2019-04-19 10:23:13,315 [SerialConnector:DEBUG] cmdId=20 length=52 isResponse=False packetId=0 payload=[4, 0, 0, 0, 0, 61, 34, 118, 69, 0, 8, 70, 42, 0, 23, 13, 0, 0, 49, 204, 64, 240, 185, 240, 185, 0, 0, 5, 0, 255, 1, 5, 0, 0, 0, 0, 61, 34, 118, 69, 0, 8, 79, 18, 0, 0, 117, 48, 1, 16, 9, 176]
2019-04-19 10:23:13,315 [SerialConnector:DEBUG] <--------- moteToPc DATA (0) ----------
2019-04-19 10:23:13,315 [SerialConnector:DEBUG] no ack needed
2019-04-19 10:23:13,315 [ByteArraySerializer:DEBUG] deserialize ...
- type:             notification
- id:               20
- byteArray:        04-00-00-00-00-3d-22-76-45-00-08-46-2a-00-17-0d-00-00-31-cc-40-f0-b9-f0-b9-00-00-05-00-ff-01-05-00-00-00-00-3d-22-76-45-00-08-4f-12-00-00-75-30-01-10-09-b0
2019-04-19 10:23:13,316 [ByteArraySerializer:DEBUG] ... deserialized into
- nameArray:        ['notification', 'notifData']
- returnFields:     {'macAddress': [0, 23, 13, 0, 0, 49, 204, 64], 'srcPort': 61625, 'utcUsecs': 542250, 'utcSecs': 1025668677, 'dstPort': 61625, 'data': [0, 0, 5, 0, 255, 1, 5, 0, 0, 0, 0, 61, 34, 118, 69, 0, 8, 79, 18, 0, 0, 117, 48, 1, 16, 9, 176]}
2019-04-19 10:23:19,302 [Crc:DEBUG] calculating for data=00-14-00-34-04-00-00-00-00-3d-22-76-4b-00-0e-d8-c8-00-17-0d-00-00-31-c1-a1-f0-b9-f0-b9-00-00-05-00-ff-01-05-00-00-00-00-3d-22-76-4b-00-0e-de-73-00-00-75-30-01-10-0a-01
2019-04-19 10:23:19,302 [Crc:DEBUG] fcs=0xbc72
2019-04-19 10:23:19,302 [Hdlc:DEBUG] 
receivedFrame:
 - payload: 00 14 00 34 04 00 00 00 00 3d 22 76 4b 00 0e d8 c8 00 17 0d 00 00 31 c1 a1 f0 b9 f0 b9 00 00 05 00 ff 01 05 00 00 00 00 3d 22 76 4b 00 0e de 73 00 00 75 30 01 10 0a 01
 - fcs:     bc 72
 - valid:   True
2019-04-19 10:23:19,303 [SerialConnector:DEBUG] cmdId=20 length=52 isResponse=False packetId=0 payload=[4, 0, 0, 0, 0, 61, 34, 118, 75, 0, 14, 216, 200, 0, 23, 13, 0, 0, 49, 193, 161, 240, 185, 240, 185, 0, 0, 5, 0, 255, 1, 5, 0, 0, 0, 0, 61, 34, 118, 75, 0, 14, 222, 115, 0, 0, 117, 48, 1, 16, 10, 1]
2019-04-19 10:23:19,303 [SerialConnector:DEBUG] <--------- moteToPc DATA (0) ----------
2019-04-19 10:23:19,303 [SerialConnector:DEBUG] no ack needed
2019-04-19 10:23:19,303 [ByteArraySerializer:DEBUG] deserialize ...
- type:             notification
- id:               20
- byteArray:        04-00-00-00-00-3d-22-76-4b-00-0e-d8-c8-00-17-0d-00-00-31-c1-a1-f0-b9-f0-b9-00-00-05-00-ff-01-05-00-00-00-00-3d-22-76-4b-00-0e-de-73-00-00-75-30-01-10-0a-01
2019-04-19 10:23:19,304 [ByteArraySerializer:DEBUG] ... deserialized into
- nameArray:        ['notification', 'notifData']
- returnFields:     {'macAddress': [0, 23, 13, 0, 0, 49, 193, 161], 'srcPort': 61625, 'utcUsecs': 973000, 'utcSecs': 1025668683, 'dstPort': 61625, 'data': [0, 0, 5, 0, 255, 1, 5, 0, 0, 0, 0, 61, 34, 118, 75, 0, 14, 222, 115, 0, 0, 117, 48, 1, 16, 10, 1]}
2019-04-19 10:23:20,465 [Hdlc:INFO] disconnect
