2019-04-19 12:46:37,597 [SerialConnector:INFO] creating object
2019-04-19 12:46:37,598 [Hdlc:INFO] Creating object
2019-04-19 12:46:37,599 [Hdlc:INFO] opened port /dev/ttyUSB3@115200baud
2019-04-19 12:46:37,600 [SerialConnector:INFO] hdlc notification: connection state=True
2019-04-19 12:46:37,600 [ByteArraySerializer:DEBUG] serialize ...
- commandArray:     ['hello']
- fieldsToFill:     {'cliSeqNo': 255, 'version': 4, 'mode': 0}
2019-04-19 12:46:37,600 [Hdlc:INFO] thread started
2019-04-19 12:46:37,600 [ByteArraySerializer:DEBUG] ... serialize into
- cmdId:            1
- byteArray:        04-ff-00
2019-04-19 12:46:37,601 [SerialConnector:DEBUG] _sendInternal cmdId=1 retry=0 isResponse=False serializedFields=[4, 255, 0]
2019-04-19 12:46:37,601 [SerialConnector:DEBUG] ---------- pcToMote DATA (0) ---------->
2019-04-19 12:46:37,601 [Crc:DEBUG] calculating for data=00-01-00-03-04-ff-00
2019-04-19 12:46:37,601 [Crc:DEBUG] fcs=0x3731
2019-04-19 12:46:37,601 [Hdlc:DEBUG] 
packetToSend:
 - payload: 00 01 00 03 04 ff 00
 - fcs:     37 31
 - valid:   True
2019-04-19 12:46:37,605 [Crc:DEBUG] calculating for data=00-02-00-05-00-04-00-ff-00
2019-04-19 12:46:37,605 [Crc:DEBUG] fcs=0x2323
2019-04-19 12:46:37,605 [Hdlc:DEBUG] 
receivedFrame:
 - payload: 00 02 00 05 00 04 00 ff 00
 - fcs:     23 23
 - valid:   True
2019-04-19 12:46:37,605 [SerialConnector:DEBUG] cmdId=2 length=5 isResponse=False packetId=0 payload=[0, 4, 0, 255, 0]
2019-04-19 12:46:37,605 [SerialConnector:DEBUG] <--------- moteToPc DATA (0) ----------
2019-04-19 12:46:37,605 [SerialConnector:DEBUG] no ack needed
2019-04-19 12:46:37,606 [ByteArraySerializer:DEBUG] deserialize ...
- type:             command
- id:               2
- byteArray:        00-04-00-ff-00
2019-04-19 12:46:37,606 [ByteArraySerializer:DEBUG] ... deserialized into
- nameArray:        ['hello_response']
- returnFields:     {'cliSeqNo': 255, 'version': 4, 'successCode': 0, 'mgrSeqNo': 0, 'mode': 0}
2019-04-19 12:46:37,609 [ByteArraySerializer:DEBUG] serialize ...
- commandArray:     ['subscribe']
- fieldsToFill:     {'filter': [0, 16], 'unackFilter': [0, 16]}
2019-04-19 12:46:37,610 [ByteArraySerializer:DEBUG] ... serialize into
- cmdId:            22
- byteArray:        00-00-00-10-00-00-00-10
2019-04-19 12:46:37,610 [SerialConnector:DEBUG] _sendInternal cmdId=22 retry=0 isResponse=False serializedFields=[0, 0, 0, 16, 0, 0, 0, 16]
2019-04-19 12:46:37,610 [SerialConnector:DEBUG] ---------- pcToMote DATA (0) ---------->
2019-04-19 12:46:37,610 [Crc:DEBUG] calculating for data=02-16-00-08-00-00-00-10-00-00-00-10
2019-04-19 12:46:37,610 [Crc:DEBUG] fcs=0x5c3d
2019-04-19 12:46:37,610 [Hdlc:DEBUG] 
packetToSend:
 - payload: 02 16 00 08 00 00 00 10 00 00 00 10
 - fcs:     5c 3d
 - valid:   True
2019-04-19 12:46:37,614 [Crc:DEBUG] calculating for data=03-16-00-01-00
2019-04-19 12:46:37,614 [Crc:DEBUG] fcs=0x5843
2019-04-19 12:46:37,614 [Hdlc:DEBUG] 
receivedFrame:
 - payload: 03 16 00 01 00
 - fcs:     58 43
 - valid:   True
2019-04-19 12:46:37,614 [SerialConnector:DEBUG] cmdId=22 length=1 isResponse=True packetId=0 payload=[0]
2019-04-19 12:46:37,614 [SerialConnector:DEBUG] <--------- pcToMote ACK (0) after 0.005 --------
2019-04-19 12:46:37,615 [SerialConnector:DEBUG] no ack needed
2019-04-19 12:46:37,615 [ByteArraySerializer:DEBUG] deserialize ...
- type:             command
- id:               22
- byteArray:        00
2019-04-19 12:46:37,615 [ByteArraySerializer:DEBUG] ... deserialized into
- nameArray:        ['subscribe']
- returnFields:     {'RC': 0}
2019-04-19 12:46:43,227 [Crc:DEBUG] calculating for data=00-14-00-34-04-00-00-00-00-3d-22-97-e7-00-08-23-fc-00-17-0d-00-00-31-cc-40-f0-b9-f0-b9-00-01-05-00-ff-01-05-00-00-00-00-3d-22-97-e7-00-08-21-f2-00-00-75-30-01-10-0a-01
2019-04-19 12:46:43,228 [Crc:DEBUG] fcs=0x5ee1
2019-04-19 12:46:43,228 [Hdlc:DEBUG] 
receivedFrame:
 - payload: 00 14 00 34 04 00 00 00 00 3d 22 97 e7 00 08 23 fc 00 17 0d 00 00 31 cc 40 f0 b9 f0 b9 00 01 05 00 ff 01 05 00 00 00 00 3d 22 97 e7 00 08 21 f2 00 00 75 30 01 10 0a 01
 - fcs:     5e e1
 - valid:   True
2019-04-19 12:46:43,228 [SerialConnector:DEBUG] cmdId=20 length=52 isResponse=False packetId=0 payload=[4, 0, 0, 0, 0, 61, 34, 151, 231, 0, 8, 35, 252, 0, 23, 13, 0, 0, 49, 204, 64, 240, 185, 240, 185, 0, 1, 5, 0, 255, 1, 5, 0, 0, 0, 0, 61, 34, 151, 231, 0, 8, 33, 242, 0, 0, 117, 48, 1, 16, 10, 1]
2019-04-19 12:46:43,228 [SerialConnector:DEBUG] <--------- moteToPc DATA (0) ----------
2019-04-19 12:46:43,229 [SerialConnector:DEBUG] no ack needed
2019-04-19 12:46:43,229 [ByteArraySerializer:DEBUG] deserialize ...
- type:             notification
- id:               20
- byteArray:        04-00-00-00-00-3d-22-97-e7-00-08-23-fc-00-17-0d-00-00-31-cc-40-f0-b9-f0-b9-00-01-05-00-ff-01-05-00-00-00-00-3d-22-97-e7-00-08-21-f2-00-00-75-30-01-10-0a-01
2019-04-19 12:46:43,229 [ByteArraySerializer:DEBUG] ... deserialized into
- nameArray:        ['notification', 'notifData']
- returnFields:     {'macAddress': [0, 23, 13, 0, 0, 49, 204, 64], 'srcPort': 61625, 'utcUsecs': 533500, 'utcSecs': 1025677287, 'dstPort': 61625, 'data': [0, 1, 5, 0, 255, 1, 5, 0, 0, 0, 0, 61, 34, 151, 231, 0, 8, 33, 242, 0, 0, 117, 48, 1, 16, 10, 1]}
2019-04-19 12:46:49,216 [Crc:DEBUG] calculating for data=00-14-00-34-04-00-00-00-00-3d-22-97-ed-00-0e-9a-48-00-17-0d-00-00-31-c1-a1-f0-b9-f0-b9-00-00-05-00-ff-01-05-00-00-00-00-3d-22-97-ed-00-0e-a9-3d-00-00-75-30-01-10-0a-52
2019-04-19 12:46:49,216 [Crc:DEBUG] fcs=0x8367
2019-04-19 12:46:49,216 [Hdlc:DEBUG] 
receivedFrame:
 - payload: 00 14 00 34 04 00 00 00 00 3d 22 97 ed 00 0e 9a 48 00 17 0d 00 00 31 c1 a1 f0 b9 f0 b9 00 00 05 00 ff 01 05 00 00 00 00 3d 22 97 ed 00 0e a9 3d 00 00 75 30 01 10 0a 52
 - fcs:     83 67
 - valid:   True
2019-04-19 12:46:49,217 [SerialConnector:DEBUG] cmdId=20 length=52 isResponse=False packetId=0 payload=[4, 0, 0, 0, 0, 61, 34, 151, 237, 0, 14, 154, 72, 0, 23, 13, 0, 0, 49, 193, 161, 240, 185, 240, 185, 0, 0, 5, 0, 255, 1, 5, 0, 0, 0, 0, 61, 34, 151, 237, 0, 14, 169, 61, 0, 0, 117, 48, 1, 16, 10, 82]
2019-04-19 12:46:49,217 [SerialConnector:DEBUG] <--------- moteToPc DATA (0) ----------
2019-04-19 12:46:49,217 [SerialConnector:DEBUG] no ack needed
2019-04-19 12:46:49,217 [ByteArraySerializer:DEBUG] deserialize ...
- type:             notification
- id:               20
- byteArray:        04-00-00-00-00-3d-22-97-ed-00-0e-9a-48-00-17-0d-00-00-31-c1-a1-f0-b9-f0-b9-00-00-05-00-ff-01-05-00-00-00-00-3d-22-97-ed-00-0e-a9-3d-00-00-75-30-01-10-0a-52
2019-04-19 12:46:49,218 [ByteArraySerializer:DEBUG] ... deserialized into
- nameArray:        ['notification', 'notifData']
- returnFields:     {'macAddress': [0, 23, 13, 0, 0, 49, 193, 161], 'srcPort': 61625, 'utcUsecs': 957000, 'utcSecs': 1025677293, 'dstPort': 61625, 'data': [0, 0, 5, 0, 255, 1, 5, 0, 0, 0, 0, 61, 34, 151, 237, 0, 14, 169, 61, 0, 0, 117, 48, 1, 16, 10, 82]}
2019-04-19 12:46:52,233 [ByteArraySerializer:DEBUG] serialize ...
- commandArray:     ['getMoteConfig']
- fieldsToFill:     {'macAddress': (0, 0, 0, 0, 0, 0, 0, 0), 'next': True}
2019-04-19 12:46:52,234 [ByteArraySerializer:DEBUG] ... serialize into
- cmdId:            47
- byteArray:        00-00-00-00-00-00-00-00-01
2019-04-19 12:46:52,234 [SerialConnector:DEBUG] _sendInternal cmdId=47 retry=0 isResponse=False serializedFields=[0, 0, 0, 0, 0, 0, 0, 0, True]
2019-04-19 12:46:52,235 [SerialConnector:DEBUG] ---------- pcToMote DATA (1) ---------->
2019-04-19 12:46:52,235 [Crc:DEBUG] calculating for data=02-2f-01-09-00-00-00-00-00-00-00-00-01
2019-04-19 12:46:52,235 [Crc:DEBUG] fcs=0x6366
2019-04-19 12:46:52,236 [Hdlc:DEBUG] 
packetToSend:
 - payload: 02 2f 01 09 00 00 00 00 00 00 00 00 01
 - fcs:     63 66
 - valid:   True
2019-04-19 12:46:52,242 [Crc:DEBUG] calculating for data=03-2f-01-0f-00-00-17-0d-00-00-38-06-d5-00-01-01-04-01-01
2019-04-19 12:46:52,242 [Crc:DEBUG] fcs=0x93 c
2019-04-19 12:46:52,242 [Hdlc:DEBUG] 
receivedFrame:
 - payload: 03 2f 01 0f 00 00 17 0d 00 00 38 06 d5 00 01 01 04 01 01
 - fcs:     93 0c
 - valid:   True
2019-04-19 12:46:52,242 [SerialConnector:DEBUG] cmdId=47 length=15 isResponse=True packetId=1 payload=[0, 0, 23, 13, 0, 0, 56, 6, 213, 0, 1, 1, 4, 1, 1]
2019-04-19 12:46:52,242 [SerialConnector:DEBUG] <--------- pcToMote ACK (1) after 0.007 --------
2019-04-19 12:46:52,242 [SerialConnector:DEBUG] no ack needed
2019-04-19 12:46:52,242 [ByteArraySerializer:DEBUG] deserialize ...
- type:             command
- id:               47
- byteArray:        00-00-17-0d-00-00-38-06-d5-00-01-01-04-01-01
2019-04-19 12:46:52,243 [ByteArraySerializer:DEBUG] ... deserialized into
- nameArray:        ['getMoteConfig']
- returnFields:     {'macAddress': [0, 23, 13, 0, 0, 56, 6, 213], 'reserved': 1, 'state': 4, 'isRouting': True, 'RC': 0, 'moteId': 1, 'isAP': True}
2019-04-19 12:46:52,244 [ByteArraySerializer:DEBUG] serialize ...
- commandArray:     ['getMoteConfig']
- fieldsToFill:     {'macAddress': [0, 23, 13, 0, 0, 56, 6, 213], 'next': True}
2019-04-19 12:46:52,244 [ByteArraySerializer:DEBUG] ... serialize into
- cmdId:            47
- byteArray:        00-17-0d-00-00-38-06-d5-01
2019-04-19 12:46:52,244 [SerialConnector:DEBUG] _sendInternal cmdId=47 retry=0 isResponse=False serializedFields=[0, 23, 13, 0, 0, 56, 6, 213, True]
2019-04-19 12:46:52,244 [SerialConnector:DEBUG] ---------- pcToMote DATA (2) ---------->
2019-04-19 12:46:52,244 [Crc:DEBUG] calculating for data=02-2f-02-09-00-17-0d-00-00-38-06-d5-01
2019-04-19 12:46:52,244 [Crc:DEBUG] fcs=0x992f
2019-04-19 12:46:52,244 [Hdlc:DEBUG] 
packetToSend:
 - payload: 02 2f 02 09 00 17 0d 00 00 38 06 d5 01
 - fcs:     99 2f
 - valid:   True
2019-04-19 12:46:52,250 [Crc:DEBUG] calculating for data=03-2f-02-0f-00-00-17-0d-00-00-31-cc-40-00-02-00-04-00-01
2019-04-19 12:46:52,250 [Crc:DEBUG] fcs=0xad5d
2019-04-19 12:46:52,251 [Hdlc:DEBUG] 
receivedFrame:
 - payload: 03 2f 02 0f 00 00 17 0d 00 00 31 cc 40 00 02 00 04 00 01
 - fcs:     ad 5d
 - valid:   True
2019-04-19 12:46:52,251 [SerialConnector:DEBUG] cmdId=47 length=15 isResponse=True packetId=2 payload=[0, 0, 23, 13, 0, 0, 49, 204, 64, 0, 2, 0, 4, 0, 1]
2019-04-19 12:46:52,251 [SerialConnector:DEBUG] <--------- pcToMote ACK (2) after 0.007 --------
2019-04-19 12:46:52,251 [SerialConnector:DEBUG] no ack needed
2019-04-19 12:46:52,251 [ByteArraySerializer:DEBUG] deserialize ...
- type:             command
- id:               47
- byteArray:        00-00-17-0d-00-00-31-cc-40-00-02-00-04-00-01
2019-04-19 12:46:52,252 [ByteArraySerializer:DEBUG] ... deserialized into
- nameArray:        ['getMoteConfig']
- returnFields:     {'macAddress': [0, 23, 13, 0, 0, 49, 204, 64], 'reserved': 0, 'state': 4, 'isRouting': True, 'RC': 0, 'moteId': 2, 'isAP': False}
2019-04-19 12:46:52,252 [ByteArraySerializer:DEBUG] serialize ...
- commandArray:     ['getMoteConfig']
- fieldsToFill:     {'macAddress': [0, 23, 13, 0, 0, 49, 204, 64], 'next': True}
2019-04-19 12:46:52,252 [ByteArraySerializer:DEBUG] ... serialize into
- cmdId:            47
- byteArray:        00-17-0d-00-00-31-cc-40-01
2019-04-19 12:46:52,253 [SerialConnector:DEBUG] _sendInternal cmdId=47 retry=0 isResponse=False serializedFields=[0, 23, 13, 0, 0, 49, 204, 64, True]
2019-04-19 12:46:52,253 [SerialConnector:DEBUG] ---------- pcToMote DATA (3) ---------->
2019-04-19 12:46:52,253 [Crc:DEBUG] calculating for data=02-2f-03-09-00-17-0d-00-00-31-cc-40-01
2019-04-19 12:46:52,253 [Crc:DEBUG] fcs=0x6e9d
2019-04-19 12:46:52,253 [Hdlc:DEBUG] 
packetToSend:
 - payload: 02 2f 03 09 00 17 0d 00 00 31 cc 40 01
 - fcs:     6e 9d
 - valid:   True
2019-04-19 12:46:52,259 [Crc:DEBUG] calculating for data=03-2f-03-0f-00-00-17-0d-00-00-31-c1-a1-00-03-00-04-00-01
2019-04-19 12:46:52,259 [Crc:DEBUG] fcs=0x7641
2019-04-19 12:46:52,260 [Hdlc:DEBUG] 
receivedFrame:
 - payload: 03 2f 03 0f 00 00 17 0d 00 00 31 c1 a1 00 03 00 04 00 01
 - fcs:     76 41
 - valid:   True
2019-04-19 12:46:52,260 [SerialConnector:DEBUG] cmdId=47 length=15 isResponse=True packetId=3 payload=[0, 0, 23, 13, 0, 0, 49, 193, 161, 0, 3, 0, 4, 0, 1]
2019-04-19 12:46:52,260 [SerialConnector:DEBUG] <--------- pcToMote ACK (3) after 0.007 --------
2019-04-19 12:46:52,260 [SerialConnector:DEBUG] no ack needed
2019-04-19 12:46:52,260 [ByteArraySerializer:DEBUG] deserialize ...
- type:             command
- id:               47
- byteArray:        00-00-17-0d-00-00-31-c1-a1-00-03-00-04-00-01
2019-04-19 12:46:52,260 [ByteArraySerializer:DEBUG] ... deserialized into
- nameArray:        ['getMoteConfig']
- returnFields:     {'macAddress': [0, 23, 13, 0, 0, 49, 193, 161], 'reserved': 0, 'state': 4, 'isRouting': True, 'RC': 0, 'moteId': 3, 'isAP': False}
2019-04-19 12:46:52,261 [ByteArraySerializer:DEBUG] serialize ...
- commandArray:     ['getMoteConfig']
- fieldsToFill:     {'macAddress': [0, 23, 13, 0, 0, 49, 193, 161], 'next': True}
2019-04-19 12:46:52,261 [ByteArraySerializer:DEBUG] ... serialize into
- cmdId:            47
- byteArray:        00-17-0d-00-00-31-c1-a1-01
2019-04-19 12:46:52,261 [SerialConnector:DEBUG] _sendInternal cmdId=47 retry=0 isResponse=False serializedFields=[0, 23, 13, 0, 0, 49, 193, 161, True]
2019-04-19 12:46:52,262 [SerialConnector:DEBUG] ---------- pcToMote DATA (4) ---------->
2019-04-19 12:46:52,262 [Crc:DEBUG] calculating for data=02-2f-04-09-00-17-0d-00-00-31-c1-a1-01
2019-04-19 12:46:52,262 [Crc:DEBUG] fcs=0xb632
2019-04-19 12:46:52,262 [Hdlc:DEBUG] 
packetToSend:
 - payload: 02 2f 04 09 00 17 0d 00 00 31 c1 a1 01
 - fcs:     b6 32
 - valid:   True
2019-04-19 12:46:52,266 [Crc:DEBUG] calculating for data=03-2f-04-01-0b
2019-04-19 12:46:52,267 [Crc:DEBUG] fcs=0x7b2b
2019-04-19 12:46:52,267 [Hdlc:DEBUG] 
receivedFrame:
 - payload: 03 2f 04 01 0b
 - fcs:     7b 2b
 - valid:   True
2019-04-19 12:46:52,267 [SerialConnector:DEBUG] cmdId=47 length=1 isResponse=True packetId=4 payload=[11]
2019-04-19 12:46:52,267 [SerialConnector:DEBUG] <--------- pcToMote ACK (4) after 0.006 --------
2019-04-19 12:46:52,267 [SerialConnector:DEBUG] no ack needed
2019-04-19 12:46:52,267 [ByteArraySerializer:DEBUG] deserialize ...
- type:             command
- id:               47
- byteArray:        0b
2019-04-19 12:46:52,268 [ByteArraySerializer:DEBUG] ... deserialized into
- nameArray:        ['getMoteConfig']
- returnFields:     {'RC': 11}
2019-04-19 12:47:12,922 [Crc:DEBUG] calculating for data=00-14-00-34-04-00-00-00-00-3d-22-98-05-00-08-09-9e-00-17-0d-00-00-31-cc-40-f0-b9-f0-b9-00-01-05-00-ff-01-05-00-00-00-00-3d-22-98-05-00-08-21-b2-00-00-75-30-01-10-09-b0
2019-04-19 12:47:12,922 [Crc:DEBUG] fcs=0xb87e
2019-04-19 12:47:12,923 [Hdlc:DEBUG] 
receivedFrame:
 - payload: 00 14 00 34 04 00 00 00 00 3d 22 98 05 00 08 09 9e 00 17 0d 00 00 31 cc 40 f0 b9 f0 b9 00 01 05 00 ff 01 05 00 00 00 00 3d 22 98 05 00 08 21 b2 00 00 75 30 01 10 09 b0
 - fcs:     b8 7e
 - valid:   True
2019-04-19 12:47:12,923 [SerialConnector:DEBUG] cmdId=20 length=52 isResponse=False packetId=0 payload=[4, 0, 0, 0, 0, 61, 34, 152, 5, 0, 8, 9, 158, 0, 23, 13, 0, 0, 49, 204, 64, 240, 185, 240, 185, 0, 1, 5, 0, 255, 1, 5, 0, 0, 0, 0, 61, 34, 152, 5, 0, 8, 33, 178, 0, 0, 117, 48, 1, 16, 9, 176]
2019-04-19 12:47:12,923 [SerialConnector:DEBUG] <--------- moteToPc DATA (0) ----------
2019-04-19 12:47:12,923 [SerialConnector:DEBUG] no ack needed
2019-04-19 12:47:12,923 [ByteArraySerializer:DEBUG] deserialize ...
- type:             notification
- id:               20
- byteArray:        04-00-00-00-00-3d-22-98-05-00-08-09-9e-00-17-0d-00-00-31-cc-40-f0-b9-f0-b9-00-01-05-00-ff-01-05-00-00-00-00-3d-22-98-05-00-08-21-b2-00-00-75-30-01-10-09-b0
2019-04-19 12:47:12,923 [ByteArraySerializer:DEBUG] ... deserialized into
- nameArray:        ['notification', 'notifData']
- returnFields:     {'macAddress': [0, 23, 13, 0, 0, 49, 204, 64], 'srcPort': 61625, 'utcUsecs': 526750, 'utcSecs': 1025677317, 'dstPort': 61625, 'data': [0, 1, 5, 0, 255, 1, 5, 0, 0, 0, 0, 61, 34, 152, 5, 0, 8, 33, 178, 0, 0, 117, 48, 1, 16, 9, 176]}
2019-04-19 12:47:18,761 [Hdlc:INFO] disconnect
