2019-04-23 17:17:53,428 [SerialConnector:INFO] creating object
2019-04-23 17:17:58,186 [Hdlc:INFO] Creating object
2019-04-23 17:17:58,187 [Hdlc:INFO] opened port /dev/ttyUSB4@115200baud
2019-04-23 17:17:58,187 [SerialConnector:INFO] hdlc notification: connection state=True
2019-04-23 17:17:58,188 [Hdlc:INFO] thread started
2019-04-23 17:17:58,188 [ByteArraySerializer:DEBUG] serialize ...
- commandArray:     ['hello']
- fieldsToFill:     {'cliSeqNo': 255, 'version': 4, 'mode': 0}
2019-04-23 17:17:58,188 [ByteArraySerializer:DEBUG] ... serialize into
- cmdId:            1
- byteArray:        04-ff-00
2019-04-23 17:17:58,188 [SerialConnector:DEBUG] _sendInternal cmdId=1 retry=0 isResponse=False serializedFields=[4, 255, 0]
2019-04-23 17:17:58,188 [SerialConnector:DEBUG] ---------- pcToMote DATA (0) ---------->
2019-04-23 17:17:58,189 [Crc:DEBUG] calculating for data=00-01-00-03-04-ff-00
2019-04-23 17:17:58,189 [Crc:DEBUG] fcs=0x3731
2019-04-23 17:17:58,189 [Hdlc:DEBUG] 
packetToSend:
 - payload: 00 01 00 03 04 ff 00
 - fcs:     37 31
 - valid:   True
2019-04-23 17:17:58,193 [Crc:DEBUG] calculating for data=00-02-00-05-00-04-00-ff-00
2019-04-23 17:17:58,193 [Crc:DEBUG] fcs=0x2323
2019-04-23 17:17:58,193 [Hdlc:DEBUG] 
receivedFrame:
 - payload: 00 02 00 05 00 04 00 ff 00
 - fcs:     23 23
 - valid:   True
2019-04-23 17:17:58,193 [SerialConnector:DEBUG] cmdId=2 length=5 isResponse=False packetId=0 payload=[0, 4, 0, 255, 0]
2019-04-23 17:17:58,193 [SerialConnector:DEBUG] <--------- moteToPc DATA (0) ----------
2019-04-23 17:17:58,193 [SerialConnector:DEBUG] no ack needed
2019-04-23 17:17:58,193 [ByteArraySerializer:DEBUG] deserialize ...
- type:             command
- id:               2
- byteArray:        00-04-00-ff-00
2019-04-23 17:17:58,193 [ByteArraySerializer:DEBUG] ... deserialized into
- nameArray:        ['hello_response']
- returnFields:     {'cliSeqNo': 255, 'version': 4, 'successCode': 0, 'mgrSeqNo': 0, 'mode': 0}
2019-04-23 17:17:58,196 [ByteArraySerializer:DEBUG] serialize ...
- commandArray:     ['reset']
- fieldsToFill:     {'macAddress': [0, 23, 13, 0, 0, 49, 204, 64], 'type': 2}
2019-04-23 17:17:58,197 [ByteArraySerializer:DEBUG] ... serialize into
- cmdId:            21
- byteArray:        02-00-17-0d-00-00-31-cc-40
2019-04-23 17:17:58,197 [SerialConnector:DEBUG] _sendInternal cmdId=21 retry=0 isResponse=False serializedFields=[2, 0, 23, 13, 0, 0, 49, 204, 64]
2019-04-23 17:17:58,197 [SerialConnector:DEBUG] ---------- pcToMote DATA (0) ---------->
2019-04-23 17:17:58,197 [Crc:DEBUG] calculating for data=02-15-00-09-02-00-17-0d-00-00-31-cc-40
2019-04-23 17:17:58,197 [Crc:DEBUG] fcs=0xcc35
2019-04-23 17:17:58,198 [Hdlc:DEBUG] 
packetToSend:
 - payload: 02 15 00 09 02 00 17 0d 00 00 31 cc 40
 - fcs:     cc 35
 - valid:   True
2019-04-23 17:17:58,206 [Crc:DEBUG] calculating for data=03-15-00-09-00-00-17-0d-00-00-31-cc-40
2019-04-23 17:17:58,206 [Crc:DEBUG] fcs=0x9bab
2019-04-23 17:17:58,206 [Hdlc:DEBUG] 
receivedFrame:
 - payload: 03 15 00 09 00 00 17 0d 00 00 31 cc 40
 - fcs:     9b ab
 - valid:   True
2019-04-23 17:17:58,206 [SerialConnector:DEBUG] cmdId=21 length=9 isResponse=True packetId=0 payload=[0, 0, 23, 13, 0, 0, 49, 204, 64]
2019-04-23 17:17:58,206 [SerialConnector:DEBUG] <--------- pcToMote ACK (0) after 0.009 --------
2019-04-23 17:17:58,207 [SerialConnector:DEBUG] no ack needed
2019-04-23 17:17:58,207 [ByteArraySerializer:DEBUG] deserialize ...
- type:             command
- id:               21
- byteArray:        00-00-17-0d-00-00-31-cc-40
2019-04-23 17:17:58,207 [ByteArraySerializer:DEBUG] ... deserialized into
- nameArray:        ['reset']
- returnFields:     {'macAddress': [0, 23, 13, 0, 0, 49, 204, 64], 'RC': 0}
2019-04-23 17:17:58,214 [ByteArraySerializer:DEBUG] serialize ...
- commandArray:     ['reset']
- fieldsToFill:     {'macAddress': [0, 23, 13, 0, 0, 49, 193, 161], 'type': 2}
2019-04-23 17:17:58,214 [ByteArraySerializer:DEBUG] ... serialize into
- cmdId:            21
- byteArray:        02-00-17-0d-00-00-31-c1-a1
2019-04-23 17:17:58,214 [SerialConnector:DEBUG] _sendInternal cmdId=21 retry=0 isResponse=False serializedFields=[2, 0, 23, 13, 0, 0, 49, 193, 161]
2019-04-23 17:17:58,214 [SerialConnector:DEBUG] ---------- pcToMote DATA (1) ---------->
2019-04-23 17:17:58,214 [Crc:DEBUG] calculating for data=02-15-01-09-02-00-17-0d-00-00-31-c1-a1
2019-04-23 17:17:58,215 [Crc:DEBUG] fcs=0xa226
2019-04-23 17:17:58,215 [Hdlc:DEBUG] 
packetToSend:
 - payload: 02 15 01 09 02 00 17 0d 00 00 31 c1 a1
 - fcs:     a2 26
 - valid:   True
2019-04-23 17:17:58,221 [Crc:DEBUG] calculating for data=03-15-01-09-00-00-17-0d-00-00-31-c1-a1
2019-04-23 17:17:58,222 [Crc:DEBUG] fcs=0xf5b8
2019-04-23 17:17:58,222 [Hdlc:DEBUG] 
receivedFrame:
 - payload: 03 15 01 09 00 00 17 0d 00 00 31 c1 a1
 - fcs:     f5 b8
 - valid:   True
2019-04-23 17:17:58,222 [SerialConnector:DEBUG] cmdId=21 length=9 isResponse=True packetId=1 payload=[0, 0, 23, 13, 0, 0, 49, 193, 161]
2019-04-23 17:17:58,222 [SerialConnector:DEBUG] <--------- pcToMote ACK (1) after 0.007 --------
2019-04-23 17:17:58,222 [SerialConnector:DEBUG] no ack needed
2019-04-23 17:17:58,222 [ByteArraySerializer:DEBUG] deserialize ...
- type:             command
- id:               21
- byteArray:        00-00-17-0d-00-00-31-c1-a1
2019-04-23 17:17:58,222 [ByteArraySerializer:DEBUG] ... deserialized into
- nameArray:        ['reset']
- returnFields:     {'macAddress': [0, 23, 13, 0, 0, 49, 193, 161], 'RC': 0}
2019-04-23 17:17:58,222 [ByteArraySerializer:DEBUG] serialize ...
- commandArray:     ['reset']
- fieldsToFill:     {'macAddress': [0, 23, 13, 0, 0, 49, 209, 112], 'type': 2}
2019-04-23 17:17:58,222 [ByteArraySerializer:DEBUG] ... serialize into
- cmdId:            21
- byteArray:        02-00-17-0d-00-00-31-d1-70
2019-04-23 17:17:58,223 [SerialConnector:DEBUG] _sendInternal cmdId=21 retry=0 isResponse=False serializedFields=[2, 0, 23, 13, 0, 0, 49, 209, 112]
2019-04-23 17:17:58,223 [SerialConnector:DEBUG] ---------- pcToMote DATA (2) ---------->
2019-04-23 17:17:58,223 [Crc:DEBUG] calculating for data=02-15-02-09-02-00-17-0d-00-00-31-d1-70
2019-04-23 17:17:58,223 [Crc:DEBUG] fcs=0x848a
2019-04-23 17:17:58,223 [Hdlc:DEBUG] 
packetToSend:
 - payload: 02 15 02 09 02 00 17 0d 00 00 31 d1 70
 - fcs:     84 8a
 - valid:   True
2019-04-23 17:17:58,229 [Crc:DEBUG] calculating for data=03-15-02-09-00-00-17-0d-00-00-31-d1-70
2019-04-23 17:17:58,230 [Crc:DEBUG] fcs=0xd314
2019-04-23 17:17:58,230 [Hdlc:DEBUG] 
receivedFrame:
 - payload: 03 15 02 09 00 00 17 0d 00 00 31 d1 70
 - fcs:     d3 14
 - valid:   True
2019-04-23 17:17:58,230 [SerialConnector:DEBUG] cmdId=21 length=9 isResponse=True packetId=2 payload=[0, 0, 23, 13, 0, 0, 49, 209, 112]
2019-04-23 17:17:58,230 [SerialConnector:DEBUG] <--------- pcToMote ACK (2) after 0.007 --------
2019-04-23 17:17:58,230 [SerialConnector:DEBUG] no ack needed
2019-04-23 17:17:58,230 [ByteArraySerializer:DEBUG] deserialize ...
- type:             command
- id:               21
- byteArray:        00-00-17-0d-00-00-31-d1-70
2019-04-23 17:17:58,230 [ByteArraySerializer:DEBUG] ... deserialized into
- nameArray:        ['reset']
- returnFields:     {'macAddress': [0, 23, 13, 0, 0, 49, 209, 112], 'RC': 0}
2019-04-23 17:17:58,239 [ByteArraySerializer:DEBUG] serialize ...
- commandArray:     ['reset']
- fieldsToFill:     {'macAddress': [0, 23, 13, 0, 0, 49, 213, 106], 'type': 2}
2019-04-23 17:17:58,239 [ByteArraySerializer:DEBUG] ... serialize into
- cmdId:            21
- byteArray:        02-00-17-0d-00-00-31-d5-6a
2019-04-23 17:17:58,239 [SerialConnector:DEBUG] _sendInternal cmdId=21 retry=0 isResponse=False serializedFields=[2, 0, 23, 13, 0, 0, 49, 213, 106]
2019-04-23 17:17:58,239 [SerialConnector:DEBUG] ---------- pcToMote DATA (3) ---------->
2019-04-23 17:17:58,239 [Crc:DEBUG] calculating for data=02-15-03-09-02-00-17-0d-00-00-31-d5-6a
2019-04-23 17:17:58,239 [Crc:DEBUG] fcs=0xae 7
2019-04-23 17:17:58,239 [Hdlc:DEBUG] 
packetToSend:
 - payload: 02 15 03 09 02 00 17 0d 00 00 31 d5 6a
 - fcs:     ae 07
 - valid:   True
2019-04-23 17:17:58,247 [Crc:DEBUG] calculating for data=03-15-03-09-00-00-17-0d-00-00-31-d5-6a
2019-04-23 17:17:58,247 [Crc:DEBUG] fcs=0xf999
2019-04-23 17:17:58,247 [Hdlc:DEBUG] 
receivedFrame:
 - payload: 03 15 03 09 00 00 17 0d 00 00 31 d5 6a
 - fcs:     f9 99
 - valid:   True
2019-04-23 17:17:58,247 [SerialConnector:DEBUG] cmdId=21 length=9 isResponse=True packetId=3 payload=[0, 0, 23, 13, 0, 0, 49, 213, 106]
2019-04-23 17:17:58,247 [SerialConnector:DEBUG] <--------- pcToMote ACK (3) after 0.008 --------
2019-04-23 17:17:58,248 [SerialConnector:DEBUG] no ack needed
2019-04-23 17:17:58,248 [ByteArraySerializer:DEBUG] deserialize ...
- type:             command
- id:               21
- byteArray:        00-00-17-0d-00-00-31-d5-6a
2019-04-23 17:17:58,248 [ByteArraySerializer:DEBUG] ... deserialized into
- nameArray:        ['reset']
- returnFields:     {'macAddress': [0, 23, 13, 0, 0, 49, 213, 106], 'RC': 0}
2019-04-23 17:17:58,256 [ByteArraySerializer:DEBUG] serialize ...
- commandArray:     ['reset']
- fieldsToFill:     {'macAddress': [0, 23, 13, 0, 0, 49, 213, 106], 'type': 2}
2019-04-23 17:17:58,256 [ByteArraySerializer:DEBUG] ... serialize into
- cmdId:            21
- byteArray:        02-00-17-0d-00-00-31-d5-6a
2019-04-23 17:17:58,256 [SerialConnector:DEBUG] _sendInternal cmdId=21 retry=0 isResponse=False serializedFields=[2, 0, 23, 13, 0, 0, 49, 213, 106]
2019-04-23 17:17:58,256 [SerialConnector:DEBUG] ---------- pcToMote DATA (4) ---------->
2019-04-23 17:17:58,257 [Crc:DEBUG] calculating for data=02-15-04-09-02-00-17-0d-00-00-31-d5-6a
2019-04-23 17:17:58,257 [Crc:DEBUG] fcs=0x48a7
2019-04-23 17:17:58,257 [Hdlc:DEBUG] 
packetToSend:
 - payload: 02 15 04 09 02 00 17 0d 00 00 31 d5 6a
 - fcs:     48 a7
 - valid:   True
2019-04-23 17:17:58,263 [Crc:DEBUG] calculating for data=03-15-04-09-00-00-17-0d-00-00-31-d5-6a
2019-04-23 17:17:58,263 [Crc:DEBUG] fcs=0x1f39
2019-04-23 17:17:58,263 [Hdlc:DEBUG] 
receivedFrame:
 - payload: 03 15 04 09 00 00 17 0d 00 00 31 d5 6a
 - fcs:     1f 39
 - valid:   True
2019-04-23 17:17:58,263 [SerialConnector:DEBUG] cmdId=21 length=9 isResponse=True packetId=4 payload=[0, 0, 23, 13, 0, 0, 49, 213, 106]
2019-04-23 17:17:58,263 [SerialConnector:DEBUG] <--------- pcToMote ACK (4) after 0.007 --------
2019-04-23 17:17:58,263 [SerialConnector:DEBUG] no ack needed
2019-04-23 17:17:58,263 [ByteArraySerializer:DEBUG] deserialize ...
- type:             command
- id:               21
- byteArray:        00-00-17-0d-00-00-31-d5-6a
2019-04-23 17:17:58,264 [ByteArraySerializer:DEBUG] ... deserialized into
- nameArray:        ['reset']
- returnFields:     {'macAddress': [0, 23, 13, 0, 0, 49, 213, 106], 'RC': 0}
2019-04-23 17:17:58,264 [Hdlc:INFO] disconnect
