2019-04-08 11:56:03,282 [App:DEBUG] Creating PkGenGui
2019-04-08 11:56:03,562 [App:DEBUG] Starting PkGenGui
2019-04-08 11:56:08,877 [App:DEBUG] _apiFrameCb_apiLoaded
2019-04-08 11:56:26,016 [SerialConnector:INFO] creating object
2019-04-08 11:56:26,017 [Hdlc:INFO] Creating object
2019-04-08 11:56:26,018 [Hdlc:INFO] opened port /dev/ttyUSB3@115200baud
2019-04-08 11:56:26,018 [SerialConnector:INFO] hdlc notification: connection state=True
2019-04-08 11:56:26,018 [Hdlc:INFO] thread started
2019-04-08 11:56:26,019 [ByteArraySerializer:DEBUG] serialize ...
- commandArray:     ['hello']
- fieldsToFill:     {'cliSeqNo': 255, 'version': 4, 'mode': 0}
2019-04-08 11:56:26,019 [ByteArraySerializer:DEBUG] ... serialize into
- cmdId:            1
- byteArray:        04-ff-00
2019-04-08 11:56:26,020 [SerialConnector:DEBUG] _sendInternal cmdId=1 retry=0 isResponse=False serializedFields=[4, 255, 0]
2019-04-08 11:56:26,020 [SerialConnector:DEBUG] ---------- pcToMote DATA (0) ---------->
2019-04-08 11:56:26,020 [Crc:DEBUG] calculating for data=00-01-00-03-04-ff-00
2019-04-08 11:56:26,020 [Crc:DEBUG] fcs=0x3731
2019-04-08 11:56:26,020 [Hdlc:DEBUG] 
packetToSend:
 - payload: 00 01 00 03 04 ff 00
 - fcs:     37 31
 - valid:   True
2019-04-08 11:56:26,024 [Crc:DEBUG] calculating for data=00-02-00-05-00-00
2019-04-08 11:56:26,025 [Crc:DEBUG] fcs=0xbad8
2019-04-08 11:56:26,025 [Hdlc:DEBUG] 
receivedFrame:
 - payload: 00 02 00 05 00 00
 - fcs:     ff 23
 - valid:   False
2019-04-08 11:56:26,521 [SerialConnector:INFO] retry 0
2019-04-08 11:56:26,521 [SerialConnector:DEBUG] _sendInternal cmdId=1 retry=1 isResponse=False serializedFields=[4, 255, 0]
2019-04-08 11:56:26,521 [SerialConnector:DEBUG] ---------- pcToMote DATA (0) ---------->
2019-04-08 11:56:26,522 [Crc:DEBUG] calculating for data=00-01-00-03-04-ff-00
2019-04-08 11:56:26,522 [Crc:DEBUG] fcs=0x3731
2019-04-08 11:56:26,522 [Hdlc:DEBUG] 
packetToSend:
 - payload: 00 01 00 03 04 ff 00
 - fcs:     37 31
 - valid:   True
2019-04-08 11:56:26,527 [SerialConnector:INFO] hdlc notification: connection state=False
2019-04-08 11:56:26,527 [Hdlc:INFO] disconnect
2019-04-08 11:56:26,527 [Hdlc:INFO] thread ended
2019-04-08 11:56:27,023 [SerialConnector:INFO] retry 1
2019-04-08 11:56:27,023 [SerialConnector:DEBUG] _sendInternal cmdId=1 retry=2 isResponse=False serializedFields=[4, 255, 0]
2019-04-08 11:56:27,023 [SerialConnector:DEBUG] ---------- pcToMote DATA (0) ---------->
2019-04-08 11:56:27,023 [SerialConnector:ERROR] no HDLC module, did I just disconnect?
2019-04-08 11:56:32,028 [SerialConnector:INFO] creating object
2019-04-08 11:56:32,029 [Hdlc:INFO] Creating object
2019-04-08 11:56:32,029 [Hdlc:INFO] opened port /dev/ttyUSB3@115200baud
2019-04-08 11:56:32,030 [SerialConnector:INFO] hdlc notification: connection state=True
2019-04-08 11:56:32,030 [Hdlc:INFO] thread started
2019-04-08 11:56:32,031 [ByteArraySerializer:DEBUG] serialize ...
- commandArray:     ['hello']
- fieldsToFill:     {'cliSeqNo': 255, 'version': 4, 'mode': 0}
2019-04-08 11:56:32,031 [ByteArraySerializer:DEBUG] ... serialize into
- cmdId:            1
- byteArray:        04-ff-00
2019-04-08 11:56:32,032 [SerialConnector:DEBUG] _sendInternal cmdId=1 retry=0 isResponse=False serializedFields=[4, 255, 0]
2019-04-08 11:56:32,032 [SerialConnector:DEBUG] ---------- pcToMote DATA (0) ---------->
2019-04-08 11:56:32,032 [Crc:DEBUG] calculating for data=00-01-00-03-04-ff-00
2019-04-08 11:56:32,032 [Crc:DEBUG] fcs=0x3731
2019-04-08 11:56:32,032 [Hdlc:DEBUG] 
packetToSend:
 - payload: 00 01 00 03 04 ff 00
 - fcs:     37 31
 - valid:   True
2019-04-08 11:56:32,533 [SerialConnector:INFO] retry 0
2019-04-08 11:56:32,533 [SerialConnector:DEBUG] _sendInternal cmdId=1 retry=1 isResponse=False serializedFields=[4, 255, 0]
2019-04-08 11:56:32,533 [SerialConnector:DEBUG] ---------- pcToMote DATA (0) ---------->
2019-04-08 11:56:32,533 [Crc:DEBUG] calculating for data=00-01-00-03-04-ff-00
2019-04-08 11:56:32,534 [Crc:DEBUG] fcs=0x3731
2019-04-08 11:56:32,534 [Hdlc:DEBUG] 
packetToSend:
 - payload: 00 01 00 03 04 ff 00
 - fcs:     37 31
 - valid:   True
2019-04-08 11:56:32,538 [SerialConnector:INFO] hdlc notification: connection state=False
2019-04-08 11:56:32,538 [Hdlc:INFO] disconnect
2019-04-08 11:56:32,539 [Hdlc:INFO] thread ended
2019-04-08 11:56:33,034 [SerialConnector:INFO] retry 1
2019-04-08 11:56:33,035 [SerialConnector:DEBUG] _sendInternal cmdId=1 retry=2 isResponse=False serializedFields=[4, 255, 0]
2019-04-08 11:56:33,035 [SerialConnector:DEBUG] ---------- pcToMote DATA (0) ---------->
2019-04-08 11:56:33,035 [SerialConnector:ERROR] no HDLC module, did I just disconnect?
2019-04-19 11:19:06,131 [App:DEBUG] Creating PkGenGui
2019-04-19 11:19:06,404 [App:DEBUG] Starting PkGenGui
2019-04-19 11:19:09,363 [App:DEBUG] _apiFrameCb_apiLoaded
2019-04-19 11:19:16,263 [SerialConnector:INFO] creating object
2019-04-19 11:19:16,264 [Hdlc:INFO] Creating object
2019-04-19 11:19:16,265 [Hdlc:INFO] opened port /dev/ttyUSB3@115200baud
2019-04-19 11:19:16,265 [SerialConnector:INFO] hdlc notification: connection state=True
2019-04-19 11:19:16,266 [Hdlc:INFO] thread started
2019-04-19 11:19:16,266 [ByteArraySerializer:DEBUG] serialize ...
- commandArray:     ['hello']
- fieldsToFill:     {'cliSeqNo': 255, 'version': 4, 'mode': 0}
2019-04-19 11:19:16,267 [ByteArraySerializer:DEBUG] ... serialize into
- cmdId:            1
- byteArray:        04-ff-00
2019-04-19 11:19:16,267 [SerialConnector:DEBUG] _sendInternal cmdId=1 retry=0 isResponse=False serializedFields=[4, 255, 0]
2019-04-19 11:19:16,268 [SerialConnector:DEBUG] ---------- pcToMote DATA (0) ---------->
2019-04-19 11:19:16,268 [Crc:DEBUG] calculating for data=00-01-00-03-04-ff-00
2019-04-19 11:19:16,268 [Crc:DEBUG] fcs=0x3731
2019-04-19 11:19:16,268 [Hdlc:DEBUG] 
packetToSend:
 - payload: 00 01 00 03 04 ff 00
 - fcs:     37 31
 - valid:   True
2019-04-19 11:19:16,272 [Crc:DEBUG] calculating for data=00-02-00-05-00-04-00-ff-00
2019-04-19 11:19:16,272 [Crc:DEBUG] fcs=0x2323
2019-04-19 11:19:16,273 [Hdlc:DEBUG] 
receivedFrame:
 - payload: 00 02 00 05 00 04 00 ff 00
 - fcs:     23 23
 - valid:   True
2019-04-19 11:19:16,273 [SerialConnector:DEBUG] cmdId=2 length=5 isResponse=False packetId=0 payload=[0, 4, 0, 255, 0]
2019-04-19 11:19:16,273 [SerialConnector:DEBUG] <--------- moteToPc DATA (0) ----------
2019-04-19 11:19:16,273 [SerialConnector:DEBUG] no ack needed
2019-04-19 11:19:16,273 [ByteArraySerializer:DEBUG] deserialize ...
- type:             command
- id:               2
- byteArray:        00-04-00-ff-00
2019-04-19 11:19:16,273 [ByteArraySerializer:DEBUG] ... deserialized into
- nameArray:        ['hello_response']
- returnFields:     {'cliSeqNo': 255, 'version': 4, 'successCode': 0, 'mgrSeqNo': 0, 'mode': 0}
2019-04-19 11:19:16,276 [App:DEBUG] _connectionFrameCb_connected
2019-04-19 11:19:16,276 [App:DEBUG] Initialize notifClient
2019-04-19 11:19:16,277 [ByteArraySerializer:DEBUG] serialize ...
- commandArray:     ['subscribe']
- fieldsToFill:     {'filter': [0, 16], 'unackFilter': [0, 16]}
2019-04-19 11:19:16,277 [ByteArraySerializer:DEBUG] ... serialize into
- cmdId:            22
- byteArray:        00-00-00-10-00-00-00-10
2019-04-19 11:19:16,277 [SerialConnector:DEBUG] _sendInternal cmdId=22 retry=0 isResponse=False serializedFields=[0, 0, 0, 16, 0, 0, 0, 16]
2019-04-19 11:19:16,277 [SerialConnector:DEBUG] ---------- pcToMote DATA (0) ---------->
2019-04-19 11:19:16,277 [Crc:DEBUG] calculating for data=02-16-00-08-00-00-00-10-00-00-00-10
2019-04-19 11:19:16,277 [Crc:DEBUG] fcs=0x5c3d
2019-04-19 11:19:16,278 [Hdlc:DEBUG] 
packetToSend:
 - payload: 02 16 00 08 00 00 00 10 00 00 00 10
 - fcs:     5c 3d
 - valid:   True
2019-04-19 11:19:16,281 [Crc:DEBUG] calculating for data=03-16-00-01-00
2019-04-19 11:19:16,281 [Crc:DEBUG] fcs=0x5843
2019-04-19 11:19:16,282 [Hdlc:DEBUG] 
receivedFrame:
 - payload: 03 16 00 01 00
 - fcs:     58 43
 - valid:   True
2019-04-19 11:19:16,282 [SerialConnector:DEBUG] cmdId=22 length=1 isResponse=True packetId=0 payload=[0]
2019-04-19 11:19:16,282 [SerialConnector:DEBUG] <--------- pcToMote ACK (0) after 0.004 --------
2019-04-19 11:19:16,282 [SerialConnector:DEBUG] no ack needed
2019-04-19 11:19:16,282 [ByteArraySerializer:DEBUG] deserialize ...
- type:             command
- id:               22
- byteArray:        00
2019-04-19 11:19:16,282 [ByteArraySerializer:DEBUG] ... deserialized into
- nameArray:        ['subscribe']
- returnFields:     {'RC': 0}
2019-04-19 11:19:16,285 [ByteArraySerializer:DEBUG] serialize ...
- commandArray:     ['subscribe']
- fieldsToFill:     {'filter': [0, 18], 'unackFilter': [0, 16]}
2019-04-19 11:19:16,285 [ByteArraySerializer:DEBUG] ... serialize into
- cmdId:            22
- byteArray:        00-00-00-12-00-00-00-10
2019-04-19 11:19:16,285 [SerialConnector:DEBUG] _sendInternal cmdId=22 retry=0 isResponse=False serializedFields=[0, 0, 0, 18, 0, 0, 0, 16]
2019-04-19 11:19:16,286 [SerialConnector:DEBUG] ---------- pcToMote DATA (1) ---------->
2019-04-19 11:19:16,286 [Crc:DEBUG] calculating for data=02-16-01-08-00-00-00-12-00-00-00-10
2019-04-19 11:19:16,286 [Crc:DEBUG] fcs=0xf3 7
2019-04-19 11:19:16,286 [Hdlc:DEBUG] 
packetToSend:
 - payload: 02 16 01 08 00 00 00 12 00 00 00 10
 - fcs:     f3 07
 - valid:   True
2019-04-19 11:19:16,290 [Crc:DEBUG] calculating for data=03-16-01-01-00
2019-04-19 11:19:16,290 [Crc:DEBUG] fcs=0x8419
2019-04-19 11:19:16,290 [Hdlc:DEBUG] 
receivedFrame:
 - payload: 03 16 01 01 00
 - fcs:     84 19
 - valid:   True
2019-04-19 11:19:16,290 [SerialConnector:DEBUG] cmdId=22 length=1 isResponse=True packetId=1 payload=[0]
2019-04-19 11:19:16,291 [SerialConnector:DEBUG] <--------- pcToMote ACK (1) after 0.005 --------
2019-04-19 11:19:16,291 [SerialConnector:DEBUG] no ack needed
2019-04-19 11:19:16,291 [ByteArraySerializer:DEBUG] deserialize ...
- type:             command
- id:               22
- byteArray:        00
2019-04-19 11:19:16,291 [ByteArraySerializer:DEBUG] ... deserialized into
- nameArray:        ['subscribe']
- returnFields:     {'RC': 0}
2019-04-19 11:19:16,294 [ByteArraySerializer:DEBUG] serialize ...
- commandArray:     ['getMoteConfig']
- fieldsToFill:     {'macAddress': (0, 0, 0, 0, 0, 0, 0, 0), 'next': True}
2019-04-19 11:19:16,294 [ByteArraySerializer:DEBUG] ... serialize into
- cmdId:            47
- byteArray:        00-00-00-00-00-00-00-00-01
2019-04-19 11:19:16,294 [SerialConnector:DEBUG] _sendInternal cmdId=47 retry=0 isResponse=False serializedFields=[0, 0, 0, 0, 0, 0, 0, 0, True]
2019-04-19 11:19:16,294 [SerialConnector:DEBUG] ---------- pcToMote DATA (2) ---------->
2019-04-19 11:19:16,295 [Crc:DEBUG] calculating for data=02-2f-02-09-00-00-00-00-00-00-00-00-01
2019-04-19 11:19:16,295 [Crc:DEBUG] fcs=0xd098
2019-04-19 11:19:16,295 [Hdlc:DEBUG] 
packetToSend:
 - payload: 02 2f 02 09 00 00 00 00 00 00 00 00 01
 - fcs:     d0 98
 - valid:   True
2019-04-19 11:19:16,301 [Crc:DEBUG] calculating for data=03-2f-02-0f-00-00-17-0d-00-00-38-06-d5-00-01-01-04-01-01
2019-04-19 11:19:16,301 [Crc:DEBUG] fcs=0x823c
2019-04-19 11:19:16,301 [Hdlc:DEBUG] 
receivedFrame:
 - payload: 03 2f 02 0f 00 00 17 0d 00 00 38 06 d5 00 01 01 04 01 01
 - fcs:     82 3c
 - valid:   True
2019-04-19 11:19:16,301 [SerialConnector:DEBUG] cmdId=47 length=15 isResponse=True packetId=2 payload=[0, 0, 23, 13, 0, 0, 56, 6, 213, 0, 1, 1, 4, 1, 1]
2019-04-19 11:19:16,301 [SerialConnector:DEBUG] <--------- pcToMote ACK (2) after 0.007 --------
2019-04-19 11:19:16,301 [SerialConnector:DEBUG] no ack needed
2019-04-19 11:19:16,301 [ByteArraySerializer:DEBUG] deserialize ...
- type:             command
- id:               47
- byteArray:        00-00-17-0d-00-00-38-06-d5-00-01-01-04-01-01
2019-04-19 11:19:16,302 [ByteArraySerializer:DEBUG] ... deserialized into
- nameArray:        ['getMoteConfig']
- returnFields:     {'macAddress': [0, 23, 13, 0, 0, 56, 6, 213], 'reserved': 1, 'state': 4, 'isRouting': True, 'RC': 0, 'moteId': 1, 'isAP': True}
2019-04-19 11:19:16,303 [ByteArraySerializer:DEBUG] serialize ...
- commandArray:     ['getMoteConfig']
- fieldsToFill:     {'macAddress': [0, 23, 13, 0, 0, 56, 6, 213], 'next': True}
2019-04-19 11:19:16,303 [ByteArraySerializer:DEBUG] ... serialize into
- cmdId:            47
- byteArray:        00-17-0d-00-00-38-06-d5-01
2019-04-19 11:19:16,303 [SerialConnector:DEBUG] _sendInternal cmdId=47 retry=0 isResponse=False serializedFields=[0, 23, 13, 0, 0, 56, 6, 213, True]
2019-04-19 11:19:16,303 [SerialConnector:DEBUG] ---------- pcToMote DATA (3) ---------->
2019-04-19 11:19:16,304 [Crc:DEBUG] calculating for data=02-2f-03-09-00-17-0d-00-00-38-06-d5-01
2019-04-19 11:19:16,304 [Crc:DEBUG] fcs=0x 87a
2019-04-19 11:19:16,304 [Hdlc:DEBUG] 
packetToSend:
 - payload: 02 2f 03 09 00 17 0d 00 00 38 06 d5 01
 - fcs:     08 7a
 - valid:   True
2019-04-19 11:19:16,310 [Crc:DEBUG] calculating for data=03-2f-03-0f-00-00-17-0d-00-00-31-cc-40-00-02-00-04-00-01
2019-04-19 11:19:16,310 [Crc:DEBUG] fcs=0xa24d
2019-04-19 11:19:16,310 [Hdlc:DEBUG] 
receivedFrame:
 - payload: 03 2f 03 0f 00 00 17 0d 00 00 31 cc 40 00 02 00 04 00 01
 - fcs:     a2 4d
 - valid:   True
2019-04-19 11:19:16,310 [SerialConnector:DEBUG] cmdId=47 length=15 isResponse=True packetId=3 payload=[0, 0, 23, 13, 0, 0, 49, 204, 64, 0, 2, 0, 4, 0, 1]
2019-04-19 11:19:16,311 [SerialConnector:DEBUG] <--------- pcToMote ACK (3) after 0.007 --------
2019-04-19 11:19:16,311 [SerialConnector:DEBUG] no ack needed
2019-04-19 11:19:16,311 [ByteArraySerializer:DEBUG] deserialize ...
- type:             command
- id:               47
- byteArray:        00-00-17-0d-00-00-31-cc-40-00-02-00-04-00-01
2019-04-19 11:19:16,311 [ByteArraySerializer:DEBUG] ... deserialized into
- nameArray:        ['getMoteConfig']
- returnFields:     {'macAddress': [0, 23, 13, 0, 0, 49, 204, 64], 'reserved': 0, 'state': 4, 'isRouting': True, 'RC': 0, 'moteId': 2, 'isAP': False}
2019-04-19 11:19:16,312 [ByteArraySerializer:DEBUG] serialize ...
- commandArray:     ['getMoteConfig']
- fieldsToFill:     {'macAddress': [0, 23, 13, 0, 0, 49, 204, 64], 'next': True}
2019-04-19 11:19:16,312 [ByteArraySerializer:DEBUG] ... serialize into
- cmdId:            47
- byteArray:        00-17-0d-00-00-31-cc-40-01
2019-04-19 11:19:16,312 [SerialConnector:DEBUG] _sendInternal cmdId=47 retry=0 isResponse=False serializedFields=[0, 23, 13, 0, 0, 49, 204, 64, True]
2019-04-19 11:19:16,312 [SerialConnector:DEBUG] ---------- pcToMote DATA (4) ---------->
2019-04-19 11:19:16,312 [Crc:DEBUG] calculating for data=02-2f-04-09-00-17-0d-00-00-31-cc-40-01
2019-04-19 11:19:16,313 [Crc:DEBUG] fcs=0x883d
2019-04-19 11:19:16,313 [Hdlc:DEBUG] 
packetToSend:
 - payload: 02 2f 04 09 00 17 0d 00 00 31 cc 40 01
 - fcs:     88 3d
 - valid:   True
2019-04-19 11:19:16,319 [Crc:DEBUG] calculating for data=03-2f-04-0f-00-00-17-0d-00-00-31-c1-a1-00-03-00-04-00-01
2019-04-19 11:19:16,319 [Crc:DEBUG] fcs=0x5b31
2019-04-19 11:19:16,319 [Hdlc:DEBUG] 
receivedFrame:
 - payload: 03 2f 04 0f 00 00 17 0d 00 00 31 c1 a1 00 03 00 04 00 01
 - fcs:     5b 31
 - valid:   True
2019-04-19 11:19:16,320 [SerialConnector:DEBUG] cmdId=47 length=15 isResponse=True packetId=4 payload=[0, 0, 23, 13, 0, 0, 49, 193, 161, 0, 3, 0, 4, 0, 1]
2019-04-19 11:19:16,320 [SerialConnector:DEBUG] <--------- pcToMote ACK (4) after 0.007 --------
2019-04-19 11:19:16,320 [SerialConnector:DEBUG] no ack needed
2019-04-19 11:19:16,320 [ByteArraySerializer:DEBUG] deserialize ...
- type:             command
- id:               47
- byteArray:        00-00-17-0d-00-00-31-c1-a1-00-03-00-04-00-01
2019-04-19 11:19:16,320 [ByteArraySerializer:DEBUG] ... deserialized into
- nameArray:        ['getMoteConfig']
- returnFields:     {'macAddress': [0, 23, 13, 0, 0, 49, 193, 161], 'reserved': 0, 'state': 4, 'isRouting': True, 'RC': 0, 'moteId': 3, 'isAP': False}
2019-04-19 11:19:16,329 [ByteArraySerializer:DEBUG] serialize ...
- commandArray:     ['getMoteConfig']
- fieldsToFill:     {'macAddress': [0, 23, 13, 0, 0, 49, 193, 161], 'next': True}
2019-04-19 11:19:16,329 [ByteArraySerializer:DEBUG] ... serialize into
- cmdId:            47
- byteArray:        00-17-0d-00-00-31-c1-a1-01
2019-04-19 11:19:16,330 [SerialConnector:DEBUG] _sendInternal cmdId=47 retry=0 isResponse=False serializedFields=[0, 23, 13, 0, 0, 49, 193, 161, True]
2019-04-19 11:19:16,330 [SerialConnector:DEBUG] ---------- pcToMote DATA (5) ---------->
2019-04-19 11:19:16,330 [Crc:DEBUG] calculating for data=02-2f-05-09-00-17-0d-00-00-31-c1-a1-01
2019-04-19 11:19:16,330 [Crc:DEBUG] fcs=0x2767
2019-04-19 11:19:16,330 [Hdlc:DEBUG] 
packetToSend:
 - payload: 02 2f 05 09 00 17 0d 00 00 31 c1 a1 01
 - fcs:     27 67
 - valid:   True
2019-04-19 11:19:16,335 [Crc:DEBUG] calculating for data=03-2f-05-01-0b
2019-04-19 11:19:16,335 [Crc:DEBUG] fcs=0xa771
2019-04-19 11:19:16,335 [Hdlc:DEBUG] 
receivedFrame:
 - payload: 03 2f 05 01 0b
 - fcs:     a7 71
 - valid:   True
2019-04-19 11:19:16,335 [SerialConnector:DEBUG] cmdId=47 length=1 isResponse=True packetId=5 payload=[11]
2019-04-19 11:19:16,336 [SerialConnector:DEBUG] <--------- pcToMote ACK (5) after 0.006 --------
2019-04-19 11:19:16,336 [SerialConnector:DEBUG] no ack needed
2019-04-19 11:19:16,336 [ByteArraySerializer:DEBUG] deserialize ...
- type:             command
- id:               47
- byteArray:        0b
2019-04-19 11:19:16,336 [ByteArraySerializer:DEBUG] ... deserialized into
- nameArray:        ['getMoteConfig']
- returnFields:     {'RC': 11}
2019-04-19 11:19:19,574 [Crc:DEBUG] calculating for data=00-14-00-34-04-00-00-00-00-3d-22-83-6b-00-0e-b4-a6-00-17-0d-00-00-31-c1-a1-f0-b9-f0-b9-00-00-05-00-ff-01-05-00-00-00-00-3d-22-83-6b-00-0e-c8-3c-00-00-75-30-01-10-09-d8
2019-04-19 11:19:19,574 [Crc:DEBUG] fcs=0x846b
2019-04-19 11:19:19,574 [Hdlc:DEBUG] 
receivedFrame:
 - payload: 00 14 00 34 04 00 00 00 00 3d 22 83 6b 00 0e b4 a6 00 17 0d 00 00 31 c1 a1 f0 b9 f0 b9 00 00 05 00 ff 01 05 00 00 00 00 3d 22 83 6b 00 0e c8 3c 00 00 75 30 01 10 09 d8
 - fcs:     84 6b
 - valid:   True
2019-04-19 11:19:19,575 [SerialConnector:DEBUG] cmdId=20 length=52 isResponse=False packetId=0 payload=[4, 0, 0, 0, 0, 61, 34, 131, 107, 0, 14, 180, 166, 0, 23, 13, 0, 0, 49, 193, 161, 240, 185, 240, 185, 0, 0, 5, 0, 255, 1, 5, 0, 0, 0, 0, 61, 34, 131, 107, 0, 14, 200, 60, 0, 0, 117, 48, 1, 16, 9, 216]
2019-04-19 11:19:19,575 [SerialConnector:DEBUG] <--------- moteToPc DATA (0) ----------
2019-04-19 11:19:19,575 [SerialConnector:DEBUG] no ack needed
2019-04-19 11:19:19,575 [ByteArraySerializer:DEBUG] deserialize ...
- type:             notification
- id:               20
- byteArray:        04-00-00-00-00-3d-22-83-6b-00-0e-b4-a6-00-17-0d-00-00-31-c1-a1-f0-b9-f0-b9-00-00-05-00-ff-01-05-00-00-00-00-3d-22-83-6b-00-0e-c8-3c-00-00-75-30-01-10-09-d8
2019-04-19 11:19:19,576 [ByteArraySerializer:DEBUG] ... deserialized into
- nameArray:        ['notification', 'notifData']
- returnFields:     {'macAddress': [0, 23, 13, 0, 0, 49, 193, 161], 'srcPort': 61625, 'utcUsecs': 963750, 'utcSecs': 1025672043, 'dstPort': 61625, 'data': [0, 0, 5, 0, 255, 1, 5, 0, 0, 0, 0, 61, 34, 131, 107, 0, 14, 200, 60, 0, 0, 117, 48, 1, 16, 9, 216]}
2019-04-19 11:19:19,576 [App:DEBUG] notifClient._dataCallback notifData:
Tuple_notifData:
             utcSecs: 1025672043
            utcUsecs: 963750
          macAddress: 00-17-0d-00-00-31-c1-a1
             srcPort: 61625
             dstPort: 61625
                data: 00-00-05-00-ff-01-05-00-00-00-00-3d-22-83-6b-00-0e-c8-3c-00-00-75-30-01-10-09-d8
2019-04-19 11:19:19,577 [App:DEBUG] notifClient._handle_oap_notif (0, 23, 13, 0, 0, 49, 193, 161) TEMPERATURE 25.20 C
2019-04-19 11:19:43,701 [Crc:DEBUG] calculating for data=00-14-00-34-04-00-00-00-00-3d-22-83-83-00-08-23-fc-00-17-0d-00-00-31-cc-40-f0-b9-f0-b9-00-01-05-00-ff-01-05-00-00-00-00-3d-22-83-83-00-08-3b-95-00-00-75-30-01-10-09-c4
2019-04-19 11:19:43,701 [Crc:DEBUG] fcs=0x6184
2019-04-19 11:19:43,701 [Hdlc:DEBUG] 
receivedFrame:
 - payload: 00 14 00 34 04 00 00 00 00 3d 22 83 83 00 08 23 fc 00 17 0d 00 00 31 cc 40 f0 b9 f0 b9 00 01 05 00 ff 01 05 00 00 00 00 3d 22 83 83 00 08 3b 95 00 00 75 30 01 10 09 c4
 - fcs:     61 84
 - valid:   True
2019-04-19 11:19:43,701 [SerialConnector:DEBUG] cmdId=20 length=52 isResponse=False packetId=0 payload=[4, 0, 0, 0, 0, 61, 34, 131, 131, 0, 8, 35, 252, 0, 23, 13, 0, 0, 49, 204, 64, 240, 185, 240, 185, 0, 1, 5, 0, 255, 1, 5, 0, 0, 0, 0, 61, 34, 131, 131, 0, 8, 59, 149, 0, 0, 117, 48, 1, 16, 9, 196]
2019-04-19 11:19:43,701 [SerialConnector:DEBUG] <--------- moteToPc DATA (0) ----------
2019-04-19 11:19:43,701 [SerialConnector:DEBUG] no ack needed
2019-04-19 11:19:43,701 [ByteArraySerializer:DEBUG] deserialize ...
- type:             notification
- id:               20
- byteArray:        04-00-00-00-00-3d-22-83-83-00-08-23-fc-00-17-0d-00-00-31-cc-40-f0-b9-f0-b9-00-01-05-00-ff-01-05-00-00-00-00-3d-22-83-83-00-08-3b-95-00-00-75-30-01-10-09-c4
2019-04-19 11:19:43,701 [ByteArraySerializer:DEBUG] ... deserialized into
- nameArray:        ['notification', 'notifData']
- returnFields:     {'macAddress': [0, 23, 13, 0, 0, 49, 204, 64], 'srcPort': 61625, 'utcUsecs': 533500, 'utcSecs': 1025672067, 'dstPort': 61625, 'data': [0, 1, 5, 0, 255, 1, 5, 0, 0, 0, 0, 61, 34, 131, 131, 0, 8, 59, 149, 0, 0, 117, 48, 1, 16, 9, 196]}
2019-04-19 11:19:43,702 [App:DEBUG] notifClient._dataCallback notifData:
Tuple_notifData:
             utcSecs: 1025672067
            utcUsecs: 533500
          macAddress: 00-17-0d-00-00-31-cc-40
             srcPort: 61625
             dstPort: 61625
                data: 00-01-05-00-ff-01-05-00-00-00-00-3d-22-83-83-00-08-3b-95-00-00-75-30-01-10-09-c4
2019-04-19 11:19:43,702 [App:DEBUG] notifClient._handle_oap_notif (0, 23, 13, 0, 0, 49, 204, 64) TEMPERATURE 25.00 C
2019-04-19 11:19:49,268 [Crc:DEBUG] calculating for data=00-14-00-34-04-00-00-00-00-3d-22-83-89-00-0e-b6-9a-00-17-0d-00-00-31-c1-a1-f0-b9-f0-b9-00-00-05-00-ff-01-05-00-00-00-00-3d-22-83-89-00-0e-c7-fa-00-00-75-30-01-10-0a-01
2019-04-19 11:19:49,269 [Crc:DEBUG] fcs=0xd4c7
2019-04-19 11:19:49,269 [Hdlc:DEBUG] 
receivedFrame:
 - payload: 00 14 00 34 04 00 00 00 00 3d 22 83 89 00 0e b6 9a 00 17 0d 00 00 31 c1 a1 f0 b9 f0 b9 00 00 05 00 ff 01 05 00 00 00 00 3d 22 83 89 00 0e c7 fa 00 00 75 30 01 10 0a 01
 - fcs:     d4 c7
 - valid:   True
2019-04-19 11:19:49,269 [SerialConnector:DEBUG] cmdId=20 length=52 isResponse=False packetId=0 payload=[4, 0, 0, 0, 0, 61, 34, 131, 137, 0, 14, 182, 154, 0, 23, 13, 0, 0, 49, 193, 161, 240, 185, 240, 185, 0, 0, 5, 0, 255, 1, 5, 0, 0, 0, 0, 61, 34, 131, 137, 0, 14, 199, 250, 0, 0, 117, 48, 1, 16, 10, 1]
2019-04-19 11:19:49,269 [SerialConnector:DEBUG] <--------- moteToPc DATA (0) ----------
2019-04-19 11:19:49,269 [SerialConnector:DEBUG] no ack needed
2019-04-19 11:19:49,269 [ByteArraySerializer:DEBUG] deserialize ...
- type:             notification
- id:               20
- byteArray:        04-00-00-00-00-3d-22-83-89-00-0e-b6-9a-00-17-0d-00-00-31-c1-a1-f0-b9-f0-b9-00-00-05-00-ff-01-05-00-00-00-00-3d-22-83-89-00-0e-c7-fa-00-00-75-30-01-10-0a-01
2019-04-19 11:19:49,269 [ByteArraySerializer:DEBUG] ... deserialized into
- nameArray:        ['notification', 'notifData']
- returnFields:     {'macAddress': [0, 23, 13, 0, 0, 49, 193, 161], 'srcPort': 61625, 'utcUsecs': 964250, 'utcSecs': 1025672073, 'dstPort': 61625, 'data': [0, 0, 5, 0, 255, 1, 5, 0, 0, 0, 0, 61, 34, 131, 137, 0, 14, 199, 250, 0, 0, 117, 48, 1, 16, 10, 1]}
2019-04-19 11:19:49,269 [App:DEBUG] notifClient._dataCallback notifData:
Tuple_notifData:
             utcSecs: 1025672073
            utcUsecs: 964250
          macAddress: 00-17-0d-00-00-31-c1-a1
             srcPort: 61625
             dstPort: 61625
                data: 00-00-05-00-ff-01-05-00-00-00-00-3d-22-83-89-00-0e-c7-fa-00-00-75-30-01-10-0a-01
2019-04-19 11:19:49,269 [App:DEBUG] notifClient._handle_oap_notif (0, 23, 13, 0, 0, 49, 193, 161) TEMPERATURE 25.61 C
2019-04-19 11:20:12,976 [Crc:DEBUG] calculating for data=00-14-00-34-04-00-00-00-00-3d-22-83-a1-00-08-25-f0-00-17-0d-00-00-31-cc-40-f0-b9-f0-b9-00-01-05-00-ff-01-05-00-00-00-00-3d-22-83-a1-00-08-3b-7c-00-00-75-30-01-10-09-b0
2019-04-19 11:20:12,977 [Crc:DEBUG] fcs=0x147e
2019-04-19 11:20:12,977 [Hdlc:DEBUG] 
receivedFrame:
 - payload: 00 14 00 34 04 00 00 00 00 3d 22 83 a1 00 08 25 f0 00 17 0d 00 00 31 cc 40 f0 b9 f0 b9 00 01 05 00 ff 01 05 00 00 00 00 3d 22 83 a1 00 08 3b 7c 00 00 75 30 01 10 09 b0
 - fcs:     14 7e
 - valid:   True
2019-04-19 11:20:12,977 [SerialConnector:DEBUG] cmdId=20 length=52 isResponse=False packetId=0 payload=[4, 0, 0, 0, 0, 61, 34, 131, 161, 0, 8, 37, 240, 0, 23, 13, 0, 0, 49, 204, 64, 240, 185, 240, 185, 0, 1, 5, 0, 255, 1, 5, 0, 0, 0, 0, 61, 34, 131, 161, 0, 8, 59, 124, 0, 0, 117, 48, 1, 16, 9, 176]
2019-04-19 11:20:12,977 [SerialConnector:DEBUG] <--------- moteToPc DATA (0) ----------
2019-04-19 11:20:12,977 [SerialConnector:DEBUG] no ack needed
2019-04-19 11:20:12,978 [ByteArraySerializer:DEBUG] deserialize ...
- type:             notification
- id:               20
- byteArray:        04-00-00-00-00-3d-22-83-a1-00-08-25-f0-00-17-0d-00-00-31-cc-40-f0-b9-f0-b9-00-01-05-00-ff-01-05-00-00-00-00-3d-22-83-a1-00-08-3b-7c-00-00-75-30-01-10-09-b0
2019-04-19 11:20:12,978 [ByteArraySerializer:DEBUG] ... deserialized into
- nameArray:        ['notification', 'notifData']
- returnFields:     {'macAddress': [0, 23, 13, 0, 0, 49, 204, 64], 'srcPort': 61625, 'utcUsecs': 534000, 'utcSecs': 1025672097, 'dstPort': 61625, 'data': [0, 1, 5, 0, 255, 1, 5, 0, 0, 0, 0, 61, 34, 131, 161, 0, 8, 59, 124, 0, 0, 117, 48, 1, 16, 9, 176]}
2019-04-19 11:20:12,978 [App:DEBUG] notifClient._dataCallback notifData:
Tuple_notifData:
             utcSecs: 1025672097
            utcUsecs: 534000
          macAddress: 00-17-0d-00-00-31-cc-40
             srcPort: 61625
             dstPort: 61625
                data: 00-01-05-00-ff-01-05-00-00-00-00-3d-22-83-a1-00-08-3b-7c-00-00-75-30-01-10-09-b0
2019-04-19 11:20:12,979 [App:DEBUG] notifClient._handle_oap_notif (0, 23, 13, 0, 0, 49, 204, 64) TEMPERATURE 24.80 C
2019-04-19 11:20:18,717 [Hdlc:INFO] disconnect
2019-04-19 11:20:18,717 [App:DEBUG] _connectionFrameCb_disconnected(error,Connection Error: )
2019-04-19 11:20:18,720 [App:DEBUG] _connectionFrameCb_disconnected(finish,)
2019-04-19 11:20:19,671 [App:DEBUG] _windowCb_close
2019-04-19 11:20:19,672 [App:DEBUG] notifClient.disconnect called
